<?xml version="1.0" encoding="UTF-8"?>
<!-- Generated by org.testng.reporters.JUnitXMLReporter -->
<testsuite ignored="0" hostname="GLK-ThinkPad" failures="0" tests="14" name="Test" time="0.078" errors="0" timestamp="2025-02-03T22:34:09 CET">
  <testcase classname="amazon1.Project_1.Launch_quit" name="@BeforeMethod launch" time="-1.738618449568E9">
    <failure type="org.testng.TestNGException" message="
Parameter &amp;apos;browser&amp;apos; is required by BeforeMethod on method launch but has not been marked @Optional or defined
in C:\Users\kales\eclipse-workspace\Project_1\testng.xml">
      <![CDATA[org.testng.TestNGException: 
Parameter 'browser' is required by BeforeMethod on method launch but has not been marked @Optional or defined
in C:\Users\kales\eclipse-workspace\Project_1\testng.xml
at java.base/java.util.ArrayList.forEach(ArrayList.java:1597)
... Removed 28 stack frames]]>
    </failure>
  </testcase> <!-- @BeforeMethod launch -->
  <testcase classname="amazon1.Project_1.Launch_quit" name="@AfterMethod quit" time="-1.738618449582E9">
    <skipped/>
  </testcase> <!-- @AfterMethod quit -->
  <testcase classname="amazon1.Project_1.Launch_quit" name="@BeforeMethod launch" time="-1.738618449585E9">
    <failure type="org.testng.TestNGException" message="
Parameter &amp;apos;browser&amp;apos; is required by BeforeMethod on method launch but has not been marked @Optional or defined
in C:\Users\kales\eclipse-workspace\Project_1\testng.xml">
      <![CDATA[org.testng.TestNGException: 
Parameter 'browser' is required by BeforeMethod on method launch but has not been marked @Optional or defined
in C:\Users\kales\eclipse-workspace\Project_1\testng.xml
at java.base/java.util.ArrayList.forEach(ArrayList.java:1597)
... Removed 28 stack frames]]>
    </failure>
  </testcase> <!-- @BeforeMethod launch -->
  <testcase classname="amazon1.Project_1.Launch_quit" name="@AfterMethod quit" time="-1.738618449589E9">
    <skipped/>
  </testcase> <!-- @AfterMethod quit -->
  <testcase classname="amazon1.Project_1.Launch_quit" name="@BeforeMethod launch" time="-1.73861844959E9">
    <failure type="org.testng.TestNGException" message="
Parameter &amp;apos;browser&amp;apos; is required by BeforeMethod on method launch but has not been marked @Optional or defined
in C:\Users\kales\eclipse-workspace\Project_1\testng.xml">
      <![CDATA[org.testng.TestNGException: 
Parameter 'browser' is required by BeforeMethod on method launch but has not been marked @Optional or defined
in C:\Users\kales\eclipse-workspace\Project_1\testng.xml
at java.base/java.util.ArrayList.forEach(ArrayList.java:1597)
... Removed 28 stack frames]]>
    </failure>
  </testcase> <!-- @BeforeMethod launch -->
  <testcase classname="amazon1.Project_1.Launch_quit" name="@AfterMethod quit" time="-1.738618449595E9">
    <skipped/>
  </testcase> <!-- @AfterMethod quit -->
  <testcase classname="amazon1.Project_1.Launch_quit" name="@BeforeMethod launch" time="-1.738618449596E9">
    <failure type="org.testng.TestNGException" message="
Parameter &amp;apos;browser&amp;apos; is required by BeforeMethod on method launch but has not been marked @Optional or defined
in C:\Users\kales\eclipse-workspace\Project_1\testng.xml">
      <![CDATA[org.testng.TestNGException: 
Parameter 'browser' is required by BeforeMethod on method launch but has not been marked @Optional or defined
in C:\Users\kales\eclipse-workspace\Project_1\testng.xml
at java.base/java.util.ArrayList.forEach(ArrayList.java:1597)
... Removed 28 stack frames]]>
    </failure>
  </testcase> <!-- @BeforeMethod launch -->
  <testcase classname="amazon1.Project_1.Launch_quit" name="@AfterMethod quit" time="-1.738618449598E9">
    <skipped/>
  </testcase> <!-- @AfterMethod quit -->
  <testcase classname="amazon1.Project_1.Launch_quit" name="@BeforeMethod launch" time="-1.738618449599E9">
    <failure type="org.testng.TestNGException" message="
Parameter &amp;apos;browser&amp;apos; is required by BeforeMethod on method launch but has not been marked @Optional or defined
in C:\Users\kales\eclipse-workspace\Project_1\testng.xml">
      <![CDATA[org.testng.TestNGException: 
Parameter 'browser' is required by BeforeMethod on method launch but has not been marked @Optional or defined
in C:\Users\kales\eclipse-workspace\Project_1\testng.xml
at java.base/java.util.ArrayList.forEach(ArrayList.java:1597)
... Removed 28 stack frames]]>
    </failure>
  </testcase> <!-- @BeforeMethod launch -->
  <testcase classname="amazon1.Project_1.Launch_quit" name="@AfterMethod quit" time="-1.738618449603E9">
    <skipped/>
  </testcase> <!-- @AfterMethod quit -->
  <testcase classname="amazon1.Project_1.Launch_quit" name="@BeforeMethod launch" time="-1.738618449604E9">
    <failure type="org.testng.TestNGException" message="
Parameter &amp;apos;browser&amp;apos; is required by BeforeMethod on method launch but has not been marked @Optional or defined
in C:\Users\kales\eclipse-workspace\Project_1\testng.xml">
      <![CDATA[org.testng.TestNGException: 
Parameter 'browser' is required by BeforeMethod on method launch but has not been marked @Optional or defined
in C:\Users\kales\eclipse-workspace\Project_1\testng.xml
at java.base/java.util.ArrayList.forEach(ArrayList.java:1597)
... Removed 28 stack frames]]>
    </failure>
  </testcase> <!-- @BeforeMethod launch -->
  <testcase classname="amazon1.Project_1.Launch_quit" name="@AfterMethod quit" time="-1.738618449606E9">
    <skipped/>
  </testcase> <!-- @AfterMethod quit -->
  <testcase classname="amazon1.Project_1.Launch_quit" name="@BeforeMethod launch" time="-1.738618449607E9">
    <failure type="org.testng.TestNGException" message="
Parameter &amp;apos;browser&amp;apos; is required by BeforeMethod on method launch but has not been marked @Optional or defined
in C:\Users\kales\eclipse-workspace\Project_1\testng.xml">
      <![CDATA[org.testng.TestNGException: 
Parameter 'browser' is required by BeforeMethod on method launch but has not been marked @Optional or defined
in C:\Users\kales\eclipse-workspace\Project_1\testng.xml
at java.base/java.util.ArrayList.forEach(ArrayList.java:1597)
... Removed 28 stack frames]]>
    </failure>
  </testcase> <!-- @BeforeMethod launch -->
  <testcase classname="amazon1.Project_1.Launch_quit" name="@AfterMethod quit" time="-1.738618449609E9">
    <skipped/>
  </testcase> <!-- @AfterMethod quit -->
  <testcase classname="amazon1.Project_1.Launch_quit" name="@BeforeMethod launch" time="-1.738618449609E9">
    <failure type="org.testng.TestNGException" message="
Parameter &amp;apos;browser&amp;apos; is required by BeforeMethod on method launch but has not been marked @Optional or defined
in C:\Users\kales\eclipse-workspace\Project_1\testng.xml">
      <![CDATA[org.testng.TestNGException: 
Parameter 'browser' is required by BeforeMethod on method launch but has not been marked @Optional or defined
in C:\Users\kales\eclipse-workspace\Project_1\testng.xml
at java.base/java.util.ArrayList.forEach(ArrayList.java:1597)
... Removed 28 stack frames]]>
    </failure>
  </testcase> <!-- @BeforeMethod launch -->
  <testcase classname="amazon1.Project_1.Launch_quit" name="@AfterMethod quit" time="-1.738618449611E9">
    <skipped/>
  </testcase> <!-- @AfterMethod quit -->
  <testcase classname="amazon1.Project_1.Launch_quit" name="@BeforeMethod launch" time="-1.738618449613E9">
    <failure type="org.testng.TestNGException" message="
Parameter &amp;apos;browser&amp;apos; is required by BeforeMethod on method launch but has not been marked @Optional or defined
in C:\Users\kales\eclipse-workspace\Project_1\testng.xml">
      <![CDATA[org.testng.TestNGException: 
Parameter 'browser' is required by BeforeMethod on method launch but has not been marked @Optional or defined
in C:\Users\kales\eclipse-workspace\Project_1\testng.xml
at java.base/java.util.ArrayList.forEach(ArrayList.java:1597)
... Removed 28 stack frames]]>
    </failure>
  </testcase> <!-- @BeforeMethod launch -->
  <testcase classname="amazon1.Project_1.Launch_quit" name="@AfterMethod quit" time="-1.738618449615E9">
    <skipped/>
  </testcase> <!-- @AfterMethod quit -->
  <testcase classname="amazon1.Project_1.Launch_quit" name="@BeforeMethod launch" time="-1.738618449616E9">
    <failure type="org.testng.TestNGException" message="
Parameter &amp;apos;browser&amp;apos; is required by BeforeMethod on method launch but has not been marked @Optional or defined
in C:\Users\kales\eclipse-workspace\Project_1\testng.xml">
      <![CDATA[org.testng.TestNGException: 
Parameter 'browser' is required by BeforeMethod on method launch but has not been marked @Optional or defined
in C:\Users\kales\eclipse-workspace\Project_1\testng.xml
at java.base/java.util.ArrayList.forEach(ArrayList.java:1597)
... Removed 28 stack frames]]>
    </failure>
  </testcase> <!-- @BeforeMethod launch -->
  <testcase classname="amazon1.Project_1.Launch_quit" name="@AfterMethod quit" time="-1.738618449618E9">
    <skipped/>
  </testcase> <!-- @AfterMethod quit -->
  <testcase classname="amazon1.Project_1.Launch_quit" name="@BeforeMethod launch" time="-1.738618449618E9">
    <failure type="org.testng.TestNGException" message="
Parameter &amp;apos;browser&amp;apos; is required by BeforeMethod on method launch but has not been marked @Optional or defined
in C:\Users\kales\eclipse-workspace\Project_1\testng.xml">
      <![CDATA[org.testng.TestNGException: 
Parameter 'browser' is required by BeforeMethod on method launch but has not been marked @Optional or defined
in C:\Users\kales\eclipse-workspace\Project_1\testng.xml
at java.base/java.util.ArrayList.forEach(ArrayList.java:1597)
... Removed 28 stack frames]]>
    </failure>
  </testcase> <!-- @BeforeMethod launch -->
  <testcase classname="amazon1.Project_1.Launch_quit" name="@AfterMethod quit" time="-1.73861844962E9">
    <skipped/>
  </testcase> <!-- @AfterMethod quit -->
  <testcase classname="amazon1.Project_1.Launch_quit" name="@BeforeMethod launch" time="-1.738618449621E9">
    <failure type="org.testng.TestNGException" message="
Parameter &amp;apos;browser&amp;apos; is required by BeforeMethod on method launch but has not been marked @Optional or defined
in C:\Users\kales\eclipse-workspace\Project_1\testng.xml">
      <![CDATA[org.testng.TestNGException: 
Parameter 'browser' is required by BeforeMethod on method launch but has not been marked @Optional or defined
in C:\Users\kales\eclipse-workspace\Project_1\testng.xml
at java.base/java.util.ArrayList.forEach(ArrayList.java:1597)
... Removed 28 stack frames]]>
    </failure>
  </testcase> <!-- @BeforeMethod launch -->
  <testcase classname="amazon1.Project_1.Launch_quit" name="@AfterMethod quit" time="-1.738618449624E9">
    <skipped/>
  </testcase> <!-- @AfterMethod quit -->
  <testcase classname="amazon1.Project_1.Launch_quit" name="@BeforeMethod launch" time="-1.738618449624E9">
    <failure type="org.testng.TestNGException" message="
Parameter &amp;apos;browser&amp;apos; is required by BeforeMethod on method launch but has not been marked @Optional or defined
in C:\Users\kales\eclipse-workspace\Project_1\testng.xml">
      <![CDATA[org.testng.TestNGException: 
Parameter 'browser' is required by BeforeMethod on method launch but has not been marked @Optional or defined
in C:\Users\kales\eclipse-workspace\Project_1\testng.xml
at java.base/java.util.ArrayList.forEach(ArrayList.java:1597)
... Removed 28 stack frames]]>
    </failure>
  </testcase> <!-- @BeforeMethod launch -->
  <testcase classname="amazon1.Project_1.Launch_quit" name="@AfterMethod quit" time="-1.738618449626E9">
    <skipped/>
  </testcase> <!-- @AfterMethod quit -->
  <testcase classname="amazon1.Project_1.Launch_quit" name="@BeforeMethod launch" time="-1.738618449627E9">
    <failure type="org.testng.TestNGException" message="
Parameter &amp;apos;browser&amp;apos; is required by BeforeMethod on method launch but has not been marked @Optional or defined
in C:\Users\kales\eclipse-workspace\Project_1\testng.xml">
      <![CDATA[org.testng.TestNGException: 
Parameter 'browser' is required by BeforeMethod on method launch but has not been marked @Optional or defined
in C:\Users\kales\eclipse-workspace\Project_1\testng.xml
at java.base/java.util.ArrayList.forEach(ArrayList.java:1597)
... Removed 28 stack frames]]>
    </failure>
  </testcase> <!-- @BeforeMethod launch -->
  <testcase classname="amazon1.Project_1.Launch_quit" name="@AfterMethod quit" time="-1.738618449628E9">
    <skipped/>
  </testcase> <!-- @AfterMethod quit -->
  <testcase classname="amazon1.Project_1.Testcase4_User_Successfully_edit_profile_info" name="user_can_edit_profile_info" time="0.0">
    <skipped/>
  </testcase> <!-- user_can_edit_profile_info -->
  <testcase classname="amazon1.Project_1.Testcase7_ensure_productdetailspage_displays_all_info" name="ensure_productdetails_display" time="0.0">
    <skipped/>
  </testcase> <!-- ensure_productdetails_display -->
  <testcase classname="amazon1.Project_1.Testcase6_Verify_search_using_filters" name="search_product_apply_filters" time="0.0">
    <skipped/>
  </testcase> <!-- search_product_apply_filters -->
  <testcase classname="amazon1.Project_1.Testcase1_Newuser_successfully_register" name="NewUser_registration" time="0.0">
    <skipped/>
  </testcase> <!-- NewUser_registration -->
  <testcase classname="amazon1.Project_1.Testcase12_CheckIfUser_SelectPaymentMethod" name="checkout_process" time="0.0">
    <skipped/>
  </testcase> <!-- checkout_process -->
  <testcase classname="amazon1.Project_1.Testcase5_searchProduct_likeshoe" name="signin_search_shoes" time="0.0">
    <skipped/>
  </testcase> <!-- signin_search_shoes -->
  <testcase classname="amazon1.Project_1.Testcase9_Verify_items_addToshoppingcart_from_productpage" name="Verify_item_addtoshoppingcart" time="0.0">
    <skipped/>
  </testcase> <!-- Verify_item_addtoshoppingcart -->
  <testcase classname="amazon1.Project_1.Testcase11_ValidateEntireCheckout_Address_Payment_order_review" name="checkout_process" time="0.0">
    <skipped/>
  </testcase> <!-- checkout_process -->
  <testcase classname="amazon1.Project_1.Testcase10_UpdateItemsQuantities_remove_item_from_cart" name="updateaddedItemsQuantity_remove_from_cart" time="0.0">
    <skipped/>
  </testcase> <!-- updateaddedItemsQuantity_remove_from_cart -->
  <testcase classname="amazon1.Project_1.Testcase14_Goto_Orderpage_give_fivestarrating_onlastorder" name="give_ratings_on_previous_orders" time="0.0">
    <skipped/>
  </testcase> <!-- give_ratings_on_previous_orders -->
  <testcase classname="amazon1.Project_1.Testcase8_Check_Productsort_Relevance_price_rating" name="Check_productsort" time="0.0">
    <skipped/>
  </testcase> <!-- Check_productsort -->
  <testcase classname="amazon1.Project_1.Testcase2_Login_verify_correctUn_Pwd" name="Login_verify" time="0.0">
    <skipped/>
  </testcase> <!-- Login_verify -->
  <testcase classname="amazon1.Project_1.Testcase15_Reach_till_cartpage_withoutlogin" name="Reach_till_cart_withoutLogin" time="0.0">
    <skipped/>
  </testcase> <!-- Reach_till_cart_withoutLogin -->
  <testcase classname="amazon1.Project_1.Testcase3_Login_wrong_username_pwd" name="Login_wrong_un_pwd" time="0.0">
    <skipped/>
  </testcase> <!-- Login_wrong_un_pwd -->
</testsuite> <!-- Test -->
