<html>
<head>
<title>TestNG:  Testing chrome</title>
<link href="../testng.css" rel="stylesheet" type="text/css" />
<link href="../my-testng.css" rel="stylesheet" type="text/css" />

<style type="text/css">
.log { display: none;} 
.stack-trace { display: none;} 
</style>
<script type="text/javascript">
<!--
function flip(e) {
  current = e.style.display;
  if (current == 'block') {
    e.style.display = 'none';
    return 0;
  }
  else {
    e.style.display = 'block';
    return 1;
  }
}

function toggleBox(szDivId, elem, msg1, msg2)
{
  var res = -1;  if (document.getElementById) {
    res = flip(document.getElementById(szDivId));
  }
  else if (document.all) {
    // this is the way old msie versions work
    res = flip(document.all[szDivId]);
  }
  if(elem) {
    if(res == 0) elem.innerHTML = msg1; else elem.innerHTML = msg2;
  }

}

function toggleAllBoxes() {
  if (document.getElementsByTagName) {
    d = document.getElementsByTagName('div');
    for (i = 0; i < d.length; i++) {
      if (d[i].className == 'log') {
        flip(d[i]);
      }
    }
  }
}

// -->
</script>

</head>
<body>
<h2 align='center'>Testing chrome</h2><table border='1' align="center">
<tr>
<td>Tests passed/Failed/Skipped:</td><td>12/1/2</td>
</tr><tr>
<td>Started on:</td><td>Sun Feb 02 09:27:41 CET 2025</td>
</tr>
<tr><td>Total time:</td><td>570 seconds (570988 ms)</td>
</tr><tr>
<td>Included groups:</td><td></td>
</tr><tr>
<td>Excluded groups:</td><td></td>
</tr>
</table><p/>
<small><i>(Hover the method name to see the test class name)</i></small><p/>
<table width='100%' border='1' class='invocation-failed'>
<tr><td colspan='4' align='center'><b>FAILED TESTS</b></td></tr>
<tr><td><b>Test method</b></td>
<td><b>Attribute(s)</b></td>
<td width="30%"><b>Exception</b></td>
<td width="10%"><b>Time (seconds)</b></td>
<td><b>Instance</b></td>
</tr>
<tr>
<td title='amazon1.Project_1.Testcase12_CheckIfUser_SelectPaymentMethod.checkout_process()'><b>checkout_process</b><br>Test class: amazon1.Project_1.Testcase12_CheckIfUser_SelectPaymentMethod<br/>
<a href="#Output-469344978" onClick='toggleBox("Output-469344978", this, "Show output", "Hide output");'>Show output</a>

<a href="#Output-469344978" onClick="toggleAllBoxes();">Show all outputs</a>
<div class='log' id="Output-469344978">
Testcase failed<br/>
</div>
</td>
<td><div><pre>java.lang.NullPointerException: Cannot invoke &quot;org.openqa.selenium.WebDriver.getClass()&quot; because &quot;exceptionDriver&quot; is null
	at org.openqa.selenium.support.ui.WebDriverWait.timeoutException(WebDriverWait.java:85)
	at org.openqa.selenium.support.ui.FluentWait.until(FluentWait.java:228)
	at amazon1.Project_1.Checkoutpage.Emi_available_radio(Checkoutpage.java:139)
	at amazon1.Project_1.Testcase12_CheckIfUser_SelectPaymentMethod.checkout_process(Testcase12_CheckIfUser_SelectPaymentMethod.java:37)
	at java.base/java.util.ArrayList.forEach(ArrayList.java:1597)
	at java.base/java.util.concurrent.FutureTask.run(FutureTask.java:317)
	at java.base/java.util.concurrent.ThreadPoolExecutor.runWorker(ThreadPoolExecutor.java:1144)
	at java.base/java.util.concurrent.ThreadPoolExecutor$Worker.run(ThreadPoolExecutor.java:642)
	at java.base/java.lang.Thread.run(Thread.java:1575)
... Removed 15 stack frames</pre></div><a href='#' onClick='toggleBox("stack-trace469344978", this, "Click to show all stack frames", "Click to hide stack frames")'>Click to show all stack frames</a>
<div class='stack-trace' id='stack-trace469344978'><pre>java.lang.NullPointerException: Cannot invoke &quot;org.openqa.selenium.WebDriver.getClass()&quot; because &quot;exceptionDriver&quot; is null
	at org.openqa.selenium.support.ui.WebDriverWait.timeoutException(WebDriverWait.java:85)
	at org.openqa.selenium.support.ui.FluentWait.until(FluentWait.java:228)
	at amazon1.Project_1.Checkoutpage.Emi_available_radio(Checkoutpage.java:139)
	at amazon1.Project_1.Testcase12_CheckIfUser_SelectPaymentMethod.checkout_process(Testcase12_CheckIfUser_SelectPaymentMethod.java:37)
	at java.base/jdk.internal.reflect.DirectMethodHandleAccessor.invoke(DirectMethodHandleAccessor.java:103)
	at java.base/java.lang.reflect.Method.invoke(Method.java:580)
	at org.testng.internal.invokers.MethodInvocationHelper.invokeMethod(MethodInvocationHelper.java:141)
	at org.testng.internal.invokers.TestInvoker.invokeMethod(TestInvoker.java:686)
	at org.testng.internal.invokers.TestInvoker.retryFailed(TestInvoker.java:269)
	at org.testng.internal.invokers.MethodRunner.runInSequence(MethodRunner.java:76)
	at org.testng.internal.invokers.TestInvoker$MethodInvocationAgent.invoke(TestInvoker.java:992)
	at org.testng.internal.invokers.TestInvoker.invokeTestMethods(TestInvoker.java:203)
	at org.testng.internal.invokers.TestMethodWorker.invokeTestMethods(TestMethodWorker.java:154)
	at org.testng.internal.invokers.TestMethodWorker.run(TestMethodWorker.java:134)
	at java.base/java.util.ArrayList.forEach(ArrayList.java:1597)
	at org.testng.TestRunner.privateRun(TestRunner.java:739)
	at org.testng.TestRunner.run(TestRunner.java:614)
	at org.testng.SuiteRunner.runTest(SuiteRunner.java:421)
	at org.testng.SuiteRunner$SuiteWorker.run(SuiteRunner.java:463)
	at org.testng.internal.thread.ThreadUtil.lambda$execute$0(ThreadUtil.java:64)
	at java.base/java.util.concurrent.FutureTask.run(FutureTask.java:317)
	at java.base/java.util.concurrent.ThreadPoolExecutor.runWorker(ThreadPoolExecutor.java:1144)
	at java.base/java.util.concurrent.ThreadPoolExecutor$Worker.run(ThreadPoolExecutor.java:642)
	at java.base/java.lang.Thread.run(Thread.java:1575)
</pre></div></td>
<td>166</td>
<td>amazon1.Project_1.Testcase12_CheckIfUser_SelectPaymentMethod@179ece50</td></tr>
</table><p>
<table width='100%' border='1' class='invocation-passed'>
<tr><td colspan='4' align='center'><b>PASSED TESTS</b></td></tr>
<tr><td><b>Test method</b></td>
<td><b>Attribute(s)</b></td>
<td width="30%"><b>Exception</b></td>
<td width="10%"><b>Time (seconds)</b></td>
<td><b>Instance</b></td>
</tr>
<tr>
<td title='amazon1.Project_1.Testcase4_User_Successfully_edit_profile_info.user_can_edit_profile_info()'><b>user_can_edit_profile_info</b><br>Test class: amazon1.Project_1.Testcase4_User_Successfully_edit_profile_info<br/>
<a href="#Output-1917726702" onClick='toggleBox("Output-1917726702", this, "Show output", "Hide output");'>Show output</a>

<a href="#Output-1917726702" onClick="toggleAllBoxes();">Show all outputs</a>
<div class='log' id="Output-1917726702">
Testcase passed<br/>
</div>
</td>
<td></td>
<td>8</td>
<td>amazon1.Project_1.Testcase4_User_Successfully_edit_profile_info@1e800aaa</td></tr>
<tr>
<td title='amazon1.Project_1.Testcase6_Verify_search_using_filters.search_product_apply_filters()'><b>search_product_apply_filters</b><br>Test class: amazon1.Project_1.Testcase6_Verify_search_using_filters<br/>
<a href="#Output-1106278993" onClick='toggleBox("Output-1106278993", this, "Show output", "Hide output");'>Show output</a>

<a href="#Output-1106278993" onClick="toggleAllBoxes();">Show all outputs</a>
<div class='log' id="Output-1106278993">
Testcase passed<br/>
</div>
</td>
<td></td>
<td>15</td>
<td>amazon1.Project_1.Testcase6_Verify_search_using_filters@6f03482</td></tr>
<tr>
<td title='amazon1.Project_1.Testcase15_Reach_till_cartpage_withoutlogin.Reach_till_cart_withoutLogin()'><b>Reach_till_cart_withoutLogin</b><br>Test class: amazon1.Project_1.Testcase15_Reach_till_cartpage_withoutlogin<br/>
<a href="#Output-418710708" onClick='toggleBox("Output-418710708", this, "Show output", "Hide output");'>Show output</a>

<a href="#Output-418710708" onClick="toggleAllBoxes();">Show all outputs</a>
<div class='log' id="Output-418710708">
Testcase passed<br/>
</div>
</td>
<td></td>
<td>15</td>
<td>amazon1.Project_1.Testcase15_Reach_till_cartpage_withoutlogin@74e52ef6</td></tr>
<tr>
<td title='amazon1.Project_1.Testcase1_Newuser_successfully_register.NewUser_registration()'><b>NewUser_registration</b><br>Test class: amazon1.Project_1.Testcase1_Newuser_successfully_register<br/>
<a href="#Output-372292567" onClick='toggleBox("Output-372292567", this, "Show output", "Hide output");'>Show output</a>

<a href="#Output-372292567" onClick="toggleAllBoxes();">Show all outputs</a>
<div class='log' id="Output-372292567">
Testcase passed<br/>
</div>
</td>
<td></td>
<td>6</td>
<td>amazon1.Project_1.Testcase1_Newuser_successfully_register@9d5509a</td></tr>
<tr>
<td title='amazon1.Project_1.Testcase9_Verify_items_addToshoppingcart_from_productpage.Verify_item_addtoshoppingcart()'><b>Verify_item_addtoshoppingcart</b><br>Test class: amazon1.Project_1.Testcase9_Verify_items_addToshoppingcart_from_productpage<br/>
<a href="#Output-643755863" onClick='toggleBox("Output-643755863", this, "Show output", "Hide output");'>Show output</a>

<a href="#Output-643755863" onClick="toggleAllBoxes();">Show all outputs</a>
<div class='log' id="Output-643755863">
Testcase passed<br/>
</div>
</td>
<td></td>
<td>14</td>
<td>amazon1.Project_1.Testcase9_Verify_items_addToshoppingcart_from_productpage@1fa121e2</td></tr>
<tr>
<td title='amazon1.Project_1.Testcase8_Check_Productsort_Relevance_price_rating.Check_productsort()'><b>Check_productsort</b><br>Test class: amazon1.Project_1.Testcase8_Check_Productsort_Relevance_price_rating<br/>
<a href="#Output-1147681604" onClick='toggleBox("Output-1147681604", this, "Show output", "Hide output");'>Show output</a>

<a href="#Output-1147681604" onClick="toggleAllBoxes();">Show all outputs</a>
<div class='log' id="Output-1147681604">
Testcase passed<br/>
</div>
</td>
<td></td>
<td>10</td>
<td>amazon1.Project_1.Testcase8_Check_Productsort_Relevance_price_rating@4116aac9</td></tr>
<tr>
<td title='amazon1.Project_1.Testcase3_Login_wrong_username_pwd.Login_wrong_un_pwd()'><b>Login_wrong_un_pwd</b><br>Test class: amazon1.Project_1.Testcase3_Login_wrong_username_pwd<br/>
<a href="#Output-567427006" onClick='toggleBox("Output-567427006", this, "Show output", "Hide output");'>Show output</a>

<a href="#Output-567427006" onClick="toggleAllBoxes();">Show all outputs</a>
<div class='log' id="Output-567427006">
Testcase passed<br/>
</div>
</td>
<td></td>
<td>4</td>
<td>amazon1.Project_1.Testcase3_Login_wrong_username_pwd@6ed3ccb2</td></tr>
<tr>
<td title='amazon1.Project_1.Testcase5_searchProduct_likeshoe.signin_search_shoes()'><b>signin_search_shoes</b><br>Test class: amazon1.Project_1.Testcase5_searchProduct_likeshoe<br/>
<a href="#Output-899510352" onClick='toggleBox("Output-899510352", this, "Show output", "Hide output");'>Show output</a>

<a href="#Output-899510352" onClick="toggleAllBoxes();">Show all outputs</a>
<div class='log' id="Output-899510352">
Testcase passed<br/>
</div>
</td>
<td></td>
<td>12</td>
<td>amazon1.Project_1.Testcase5_searchProduct_likeshoe@3b0090a4</td></tr>
<tr>
<td title='amazon1.Project_1.Testcase7_ensure_productdetailspage_displays_all_info.ensure_productdetails_display()'><b>ensure_productdetails_display</b><br>Test class: amazon1.Project_1.Testcase7_ensure_productdetailspage_displays_all_info<br/>
<a href="#Output-1629225605" onClick='toggleBox("Output-1629225605", this, "Show output", "Hide output");'>Show output</a>

<a href="#Output-1629225605" onClick="toggleAllBoxes();">Show all outputs</a>
<div class='log' id="Output-1629225605">
Testcase passed<br/>
</div>
</td>
<td></td>
<td>16</td>
<td>amazon1.Project_1.Testcase7_ensure_productdetailspage_displays_all_info@185a6e9</td></tr>
<tr>
<td title='amazon1.Project_1.Testcase2_Login_verify_correctUn_Pwd.Login_verify()'><b>Login_verify</b><br>Test class: amazon1.Project_1.Testcase2_Login_verify_correctUn_Pwd<br/>
<a href="#Output-736688722" onClick='toggleBox("Output-736688722", this, "Show output", "Hide output");'>Show output</a>

<a href="#Output-736688722" onClick="toggleAllBoxes();">Show all outputs</a>
<div class='log' id="Output-736688722">
Testcase passed<br/>
</div>
</td>
<td></td>
<td>1</td>
<td>amazon1.Project_1.Testcase2_Login_verify_correctUn_Pwd@62ddbd7e</td></tr>
<tr>
<td title='amazon1.Project_1.Testcase11_ValidateEntireCheckout_Address_Payment_order_review.checkout_process()'><b>checkout_process</b><br>Test class: amazon1.Project_1.Testcase11_ValidateEntireCheckout_Address_Payment_order_review<br/>
<a href="#Output-1265173970" onClick='toggleBox("Output-1265173970", this, "Show output", "Hide output");'>Show output</a>

<a href="#Output-1265173970" onClick="toggleAllBoxes();">Show all outputs</a>
<div class='log' id="Output-1265173970">
Testcase passed<br/>
</div>
</td>
<td></td>
<td>21</td>
<td>amazon1.Project_1.Testcase11_ValidateEntireCheckout_Address_Payment_order_review@3cd3e762</td></tr>
<tr>
<td title='amazon1.Project_1.Testcase10_UpdateItemsQuantities_remove_item_from_cart.updateaddedItemsQuantity_remove_from_cart()'><b>updateaddedItemsQuantity_remove_from_cart</b><br>Test class: amazon1.Project_1.Testcase10_UpdateItemsQuantities_remove_item_from_cart<br/>
<a href="#Output-64156078" onClick='toggleBox("Output-64156078", this, "Show output", "Hide output");'>Show output</a>

<a href="#Output-64156078" onClick="toggleAllBoxes();">Show all outputs</a>
<div class='log' id="Output-64156078">
Testcase passed<br/>
</div>
</td>
<td></td>
<td>55</td>
<td>amazon1.Project_1.Testcase10_UpdateItemsQuantities_remove_item_from_cart@7eac9008</td></tr>
</table><p>
<table width='100%' border='1' class='invocation-skipped'>
<tr><td colspan='4' align='center'><b>SKIPPED TESTS</b></td></tr>
<tr><td><b>Test method</b></td>
<td><b>Attribute(s)</b></td>
<td width="30%"><b>Exception</b></td>
<td width="10%"><b>Time (seconds)</b></td>
<td><b>Instance</b></td>
</tr>
<tr>
<td title='amazon1.Project_1.Testcase2_Login_verify_correctUn_Pwd.Login_verify()'><b>Login_verify</b><br>Test class: amazon1.Project_1.Testcase2_Login_verify_correctUn_Pwd</td>
<td><div><pre>org.openqa.selenium.json.JsonException: java.lang.reflect.InvocationTargetException
Build info: version: &apos;4.27.0&apos;, revision: &apos;d6e718d134&apos;
System info: os.name: &apos;Windows 11&apos;, os.arch: &apos;amd64&apos;, os.version: &apos;10.0&apos;, java.version: &apos;23&apos;
Driver info: org.openqa.selenium.chrome.ChromeDriver
Command: [ae0be023bf1f41ee9e5b315ccb322952, actions {actions=[org.openqa.selenium.interactions.Sequence@41c15a58]}]
Capabilities {acceptInsecureCerts: false, browserName: chrome, browserVersion: 132.0.6834.160, chrome: {chromedriverVersion: 132.0.6834.159 (2d77d3fc445..., userDataDir: C:\Users\kales\AppData\Loca...}, fedcm:accounts: true, goog:chromeOptions: {debuggerAddress: localhost:51214}, networkConnectionEnabled: false, pageLoadStrategy: normal, platformName: windows, proxy: Proxy(), se:cdp: ws://localhost:51214/devtoo..., se:cdpVersion: 132.0.6834.160, setWindowRect: true, strictFileInteractability: false, timeouts: {implicit: 0, pageLoad: 300000, script: 30000}, unhandledPromptBehavior: dismiss and notify, webauthn:extension:credBlob: true, webauthn:extension:largeBlob: true, webauthn:extension:minPinLength: true, webauthn:extension:prf: true, webauthn:virtualAuthenticators: true}
Session ID: ae0be023bf1f41ee9e5b315ccb322952
	at org.openqa.selenium.json.JsonOutput.convertUsingMethod(JsonOutput.java:520)
	at org.openqa.selenium.json.JsonOutput.lambda$new$16(JsonOutput.java:182)
	at org.openqa.selenium.json.JsonOutput.write0(JsonOutput.java:409)
	at org.openqa.selenium.json.JsonOutput.lambda$new$22(JsonOutput.java:204)
	at java.base/java.util.stream.ForEachOps$ForEachOp$OfRef.accept(ForEachOps.java:184)
	at java.base/java.util.stream.ReferencePipeline$2$1.accept(ReferencePipeline.java:197)
	at java.base/java.util.Iterator.forEachRemaining(Iterator.java:133)
	at java.base/java.util.Spliterators$IteratorSpliterator.forEachRemaining(Spliterators.java:1939)
	at java.base/java.util.stream.AbstractPipeline.copyInto(AbstractPipeline.java:570)
	at java.base/java.util.stream.AbstractPipeline.wrapAndCopyInto(AbstractPipeline.java:560)
	at java.base/java.util.stream.ForEachOps$ForEachOp.evaluateSequential(ForEachOps.java:151)
	at java.base/java.util.stream.ForEachOps$ForEachOp$OfRef.evaluateSequential(ForEachOps.java:174)
	at java.base/java.util.stream.AbstractPipeline.evaluate(AbstractPipeline.java:265)
	at java.base/java.util.stream.ReferencePipeline.forEach(ReferencePipeline.java:636)
	at org.openqa.selenium.json.JsonOutput.lambda$new$23(JsonOutput.java:204)
	at org.openqa.selenium.json.JsonOutput.write0(JsonOutput.java:409)
	at org.openqa.selenium.json.JsonOutput.lambda$new$24(JsonOutput.java:222)
	at java.base/java.util.Map.forEach(Map.java:733)
	at org.openqa.selenium.json.JsonOutput.lambda$new$25(JsonOutput.java:217)
	at org.openqa.selenium.json.JsonOutput.write0(JsonOutput.java:409)
	at org.openqa.selenium.json.JsonOutput.write(JsonOutput.java:400)
	at org.openqa.selenium.json.Json.toJson(Json.java:133)
	at org.openqa.selenium.json.Json.toJson(Json.java:119)
	at org.openqa.selenium.remote.codec.AbstractHttpCommandCodec.encode(AbstractHttpCommandCodec.java:245)
	at org.openqa.selenium.remote.codec.AbstractHttpCommandCodec.encode(AbstractHttpCommandCodec.java:111)
	at org.openqa.selenium.remote.HttpCommandExecutor.execute(HttpCommandExecutor.java:178)
	at org.openqa.selenium.remote.service.DriverCommandExecutor.invokeExecute(DriverCommandExecutor.java:216)
	at org.openqa.selenium.remote.service.DriverCommandExecutor.execute(DriverCommandExecutor.java:174)
	at org.openqa.selenium.remote.RemoteWebDriver.execute(RemoteWebDriver.java:545)
	at org.openqa.selenium.remote.RemoteWebDriver.perform(RemoteWebDriver.java:631)
	at org.openqa.selenium.interactions.Actions$BuiltAction.perform(Actions.java:613)
	at org.openqa.selenium.interactions.Actions.perform(Actions.java:578)
	at amazon1.Project_1.Homepage.accountandlist(Homepage.java:64)
	at amazon1.Project_1.Testcase2_Login_verify_correctUn_Pwd.Login_verify(Testcase2_Login_verify_correctUn_Pwd.java:14)
	at java.base/java.util.ArrayList.forEach(ArrayList.java:1597)
	at java.base/java.util.concurrent.FutureTask.run(FutureTask.java:317)
	at java.base/java.util.concurrent.ThreadPoolExecutor.runWorker(ThreadPoolExecutor.java:1144)
	at java.base/java.util.concurrent.ThreadPoolExecutor$Worker.run(ThreadPoolExecutor.java:642)
	at java.base/java.lang.Thread.run(Thread.java:1575)
	Suppressed: org.openqa.selenium.json.JsonException: Attempting to close incomplete json stream
Build info: version: &apos;4.27.0&apos;, revision: &apos;d6e718d134&apos;
System info: os.name: &apos;Windows 11&apos;, os.arch: &apos;amd64&apos;, os.version: &apos;10.0&apos;, java.version: &apos;23&apos;
Driver info: driver.version: RemoteWebDriver
		at org.openqa.selenium.json.JsonOutput.close(JsonOutput.java:431)
		at org.openqa.selenium.json.Json.toJson(Json.java:131)
		... 32 more
	at org.openqa.selenium.json.JsonOutput.convertUsingMethod(JsonOutput.java:516)
	... 53 more
Caused by: org.openqa.selenium.NoSuchElementException: no such element: Unable to locate element: {&quot;method&quot;:&quot;xpath&quot;,&quot;selector&quot;:&quot;//span[@class=&apos;nav-line-2 &apos;]&quot;}
  (Session info: chrome=132.0.6834.160)
For documentation on this error, please visit: https://www.selenium.dev/documentation/webdriver/troubleshooting/errors#no-such-element-exception
Build info: version: &apos;4.27.0&apos;, revision: &apos;d6e718d134&apos;
System info: os.name: &apos;Windows 11&apos;, os.arch: &apos;amd64&apos;, os.version: &apos;10.0&apos;, java.version: &apos;23&apos;
Driver info: org.openqa.selenium.chrome.ChromeDriver
Command: [ae0be023bf1f41ee9e5b315ccb322952, findElement {using=xpath, value=//span[@class=&apos;nav-line-2 &apos;]}]
Capabilities {acceptInsecureCerts: false, browserName: chrome, browserVersion: 132.0.6834.160, chrome: {chromedriverVersion: 132.0.6834.159 (2d77d3fc445..., userDataDir: C:\Users\kales\AppData\Loca...}, fedcm:accounts: true, goog:chromeOptions: {debuggerAddress: localhost:51214}, networkConnectionEnabled: false, pageLoadStrategy: normal, platformName: windows, proxy: Proxy(), se:cdp: ws://localhost:51214/devtoo..., se:cdpVersion: 132.0.6834.160, setWindowRect: true, strictFileInteractability: false, timeouts: {implicit: 0, pageLoad: 300000, script: 30000}, unhandledPromptBehavior: dismiss and notify, webauthn:extension:credBlob: true, webauthn:extension:largeBlob: true, webauthn:extension:minPinLength: true, webauthn:extension:prf: true, webauthn:virtualAuthenticators: true}
Session ID: ae0be023bf1f41ee9e5b315ccb322952
	at org.openqa.selenium.remote.ErrorCodec.decode(ErrorCodec.java:167)
	at org.openqa.selenium.remote.codec.w3c.W3CHttpResponseCodec.decode(W3CHttpResponseCodec.java:138)
	at org.openqa.selenium.remote.codec.w3c.W3CHttpResponseCodec.decode(W3CHttpResponseCodec.java:50)
	at org.openqa.selenium.remote.HttpCommandExecutor.execute(HttpCommandExecutor.java:190)
	at org.openqa.selenium.remote.service.DriverCommandExecutor.invokeExecute(DriverCommandExecutor.java:216)
	at org.openqa.selenium.remote.service.DriverCommandExecutor.execute(DriverCommandExecutor.java:174)
	at org.openqa.selenium.remote.RemoteWebDriver.execute(RemoteWebDriver.java:545)
	at org.openqa.selenium.remote.ElementLocation$ElementFinder$2.findElement(ElementLocation.java:165)
	at org.openqa.selenium.remote.ElementLocation.findElement(ElementLocation.java:59)
	at org.openqa.selenium.remote.RemoteWebDriver.findElement(RemoteWebDriver.java:368)
	at org.openqa.selenium.remote.RemoteWebDriver.findElement(RemoteWebDriver.java:362)
	at org.openqa.selenium.support.pagefactory.DefaultElementLocator.findElement(DefaultElementLocator.java:68)
	at org.openqa.selenium.support.pagefactory.internal.LocatingElementHandler.invoke(LocatingElementHandler.java:38)
	at jdk.proxy2/jdk.proxy2.$Proxy10.getWrappedElement(Unknown Source)
	at org.openqa.selenium.interactions.PointerInput$Origin.asArg(PointerInput.java:259)
	at org.openqa.selenium.interactions.PointerInput$Move.encode(PointerInput.java:208)
	at org.openqa.selenium.interactions.Sequence.encode(Sequence.java:72)
	at org.openqa.selenium.interactions.Sequence.toJson(Sequence.java:81)
	... 55 more
... Removed 22 stack frames</pre></div><a href='#' onClick='toggleBox("stack-trace109285715", this, "Click to show all stack frames", "Click to hide stack frames")'>Click to show all stack frames</a>
<div class='stack-trace' id='stack-trace109285715'><pre>org.openqa.selenium.json.JsonException: java.lang.reflect.InvocationTargetException
Build info: version: &apos;4.27.0&apos;, revision: &apos;d6e718d134&apos;
System info: os.name: &apos;Windows 11&apos;, os.arch: &apos;amd64&apos;, os.version: &apos;10.0&apos;, java.version: &apos;23&apos;
Driver info: org.openqa.selenium.chrome.ChromeDriver
Command: [ae0be023bf1f41ee9e5b315ccb322952, actions {actions=[org.openqa.selenium.interactions.Sequence@41c15a58]}]
Capabilities {acceptInsecureCerts: false, browserName: chrome, browserVersion: 132.0.6834.160, chrome: {chromedriverVersion: 132.0.6834.159 (2d77d3fc445..., userDataDir: C:\Users\kales\AppData\Loca...}, fedcm:accounts: true, goog:chromeOptions: {debuggerAddress: localhost:51214}, networkConnectionEnabled: false, pageLoadStrategy: normal, platformName: windows, proxy: Proxy(), se:cdp: ws://localhost:51214/devtoo..., se:cdpVersion: 132.0.6834.160, setWindowRect: true, strictFileInteractability: false, timeouts: {implicit: 0, pageLoad: 300000, script: 30000}, unhandledPromptBehavior: dismiss and notify, webauthn:extension:credBlob: true, webauthn:extension:largeBlob: true, webauthn:extension:minPinLength: true, webauthn:extension:prf: true, webauthn:virtualAuthenticators: true}
Session ID: ae0be023bf1f41ee9e5b315ccb322952
	at org.openqa.selenium.json.JsonOutput.convertUsingMethod(JsonOutput.java:520)
	at org.openqa.selenium.json.JsonOutput.lambda$new$16(JsonOutput.java:182)
	at org.openqa.selenium.json.JsonOutput.write0(JsonOutput.java:409)
	at org.openqa.selenium.json.JsonOutput.lambda$new$22(JsonOutput.java:204)
	at java.base/java.util.stream.ForEachOps$ForEachOp$OfRef.accept(ForEachOps.java:184)
	at java.base/java.util.stream.ReferencePipeline$2$1.accept(ReferencePipeline.java:197)
	at java.base/java.util.Iterator.forEachRemaining(Iterator.java:133)
	at java.base/java.util.Spliterators$IteratorSpliterator.forEachRemaining(Spliterators.java:1939)
	at java.base/java.util.stream.AbstractPipeline.copyInto(AbstractPipeline.java:570)
	at java.base/java.util.stream.AbstractPipeline.wrapAndCopyInto(AbstractPipeline.java:560)
	at java.base/java.util.stream.ForEachOps$ForEachOp.evaluateSequential(ForEachOps.java:151)
	at java.base/java.util.stream.ForEachOps$ForEachOp$OfRef.evaluateSequential(ForEachOps.java:174)
	at java.base/java.util.stream.AbstractPipeline.evaluate(AbstractPipeline.java:265)
	at java.base/java.util.stream.ReferencePipeline.forEach(ReferencePipeline.java:636)
	at org.openqa.selenium.json.JsonOutput.lambda$new$23(JsonOutput.java:204)
	at org.openqa.selenium.json.JsonOutput.write0(JsonOutput.java:409)
	at org.openqa.selenium.json.JsonOutput.lambda$new$24(JsonOutput.java:222)
	at java.base/java.util.Map.forEach(Map.java:733)
	at org.openqa.selenium.json.JsonOutput.lambda$new$25(JsonOutput.java:217)
	at org.openqa.selenium.json.JsonOutput.write0(JsonOutput.java:409)
	at org.openqa.selenium.json.JsonOutput.write(JsonOutput.java:400)
	at org.openqa.selenium.json.Json.toJson(Json.java:133)
	at org.openqa.selenium.json.Json.toJson(Json.java:119)
	at org.openqa.selenium.remote.codec.AbstractHttpCommandCodec.encode(AbstractHttpCommandCodec.java:245)
	at org.openqa.selenium.remote.codec.AbstractHttpCommandCodec.encode(AbstractHttpCommandCodec.java:111)
	at org.openqa.selenium.remote.HttpCommandExecutor.execute(HttpCommandExecutor.java:178)
	at org.openqa.selenium.remote.service.DriverCommandExecutor.invokeExecute(DriverCommandExecutor.java:216)
	at org.openqa.selenium.remote.service.DriverCommandExecutor.execute(DriverCommandExecutor.java:174)
	at org.openqa.selenium.remote.RemoteWebDriver.execute(RemoteWebDriver.java:545)
	at org.openqa.selenium.remote.RemoteWebDriver.perform(RemoteWebDriver.java:631)
	at org.openqa.selenium.interactions.Actions$BuiltAction.perform(Actions.java:613)
	at org.openqa.selenium.interactions.Actions.perform(Actions.java:578)
	at amazon1.Project_1.Homepage.accountandlist(Homepage.java:64)
	at amazon1.Project_1.Testcase2_Login_verify_correctUn_Pwd.Login_verify(Testcase2_Login_verify_correctUn_Pwd.java:14)
	at java.base/jdk.internal.reflect.DirectMethodHandleAccessor.invoke(DirectMethodHandleAccessor.java:103)
	at java.base/java.lang.reflect.Method.invoke(Method.java:580)
	at org.testng.internal.invokers.MethodInvocationHelper.invokeMethod(MethodInvocationHelper.java:141)
	at org.testng.internal.invokers.TestInvoker.invokeMethod(TestInvoker.java:686)
	at org.testng.internal.invokers.TestInvoker.invokeTestMethod(TestInvoker.java:230)
	at org.testng.internal.invokers.MethodRunner.runInSequence(MethodRunner.java:63)
	at org.testng.internal.invokers.TestInvoker$MethodInvocationAgent.invoke(TestInvoker.java:992)
	at org.testng.internal.invokers.TestInvoker.invokeTestMethods(TestInvoker.java:203)
	at org.testng.internal.invokers.TestMethodWorker.invokeTestMethods(TestMethodWorker.java:154)
	at org.testng.internal.invokers.TestMethodWorker.run(TestMethodWorker.java:134)
	at java.base/java.util.ArrayList.forEach(ArrayList.java:1597)
	at org.testng.TestRunner.privateRun(TestRunner.java:739)
	at org.testng.TestRunner.run(TestRunner.java:614)
	at org.testng.SuiteRunner.runTest(SuiteRunner.java:421)
	at org.testng.SuiteRunner$SuiteWorker.run(SuiteRunner.java:463)
	at org.testng.internal.thread.ThreadUtil.lambda$execute$0(ThreadUtil.java:64)
	at java.base/java.util.concurrent.FutureTask.run(FutureTask.java:317)
	at java.base/java.util.concurrent.ThreadPoolExecutor.runWorker(ThreadPoolExecutor.java:1144)
	at java.base/java.util.concurrent.ThreadPoolExecutor$Worker.run(ThreadPoolExecutor.java:642)
	at java.base/java.lang.Thread.run(Thread.java:1575)
	Suppressed: org.openqa.selenium.json.JsonException: Attempting to close incomplete json stream
Build info: version: &apos;4.27.0&apos;, revision: &apos;d6e718d134&apos;
System info: os.name: &apos;Windows 11&apos;, os.arch: &apos;amd64&apos;, os.version: &apos;10.0&apos;, java.version: &apos;23&apos;
Driver info: driver.version: RemoteWebDriver
		at org.openqa.selenium.json.JsonOutput.close(JsonOutput.java:431)
		at org.openqa.selenium.json.Json.toJson(Json.java:131)
		... 32 more
Caused by: java.lang.reflect.InvocationTargetException
	at java.base/jdk.internal.reflect.DirectMethodHandleAccessor.invoke(DirectMethodHandleAccessor.java:118)
	at java.base/java.lang.reflect.Method.invoke(Method.java:580)
	at org.openqa.selenium.json.JsonOutput.convertUsingMethod(JsonOutput.java:516)
	... 53 more
Caused by: org.openqa.selenium.NoSuchElementException: no such element: Unable to locate element: {&quot;method&quot;:&quot;xpath&quot;,&quot;selector&quot;:&quot;//span[@class=&apos;nav-line-2 &apos;]&quot;}
  (Session info: chrome=132.0.6834.160)
For documentation on this error, please visit: https://www.selenium.dev/documentation/webdriver/troubleshooting/errors#no-such-element-exception
Build info: version: &apos;4.27.0&apos;, revision: &apos;d6e718d134&apos;
System info: os.name: &apos;Windows 11&apos;, os.arch: &apos;amd64&apos;, os.version: &apos;10.0&apos;, java.version: &apos;23&apos;
Driver info: org.openqa.selenium.chrome.ChromeDriver
Command: [ae0be023bf1f41ee9e5b315ccb322952, findElement {using=xpath, value=//span[@class=&apos;nav-line-2 &apos;]}]
Capabilities {acceptInsecureCerts: false, browserName: chrome, browserVersion: 132.0.6834.160, chrome: {chromedriverVersion: 132.0.6834.159 (2d77d3fc445..., userDataDir: C:\Users\kales\AppData\Loca...}, fedcm:accounts: true, goog:chromeOptions: {debuggerAddress: localhost:51214}, networkConnectionEnabled: false, pageLoadStrategy: normal, platformName: windows, proxy: Proxy(), se:cdp: ws://localhost:51214/devtoo..., se:cdpVersion: 132.0.6834.160, setWindowRect: true, strictFileInteractability: false, timeouts: {implicit: 0, pageLoad: 300000, script: 30000}, unhandledPromptBehavior: dismiss and notify, webauthn:extension:credBlob: true, webauthn:extension:largeBlob: true, webauthn:extension:minPinLength: true, webauthn:extension:prf: true, webauthn:virtualAuthenticators: true}
Session ID: ae0be023bf1f41ee9e5b315ccb322952
	at java.base/jdk.internal.reflect.DirectConstructorHandleAccessor.newInstance(DirectConstructorHandleAccessor.java:62)
	at java.base/java.lang.reflect.Constructor.newInstanceWithCaller(Constructor.java:501)
	at java.base/java.lang.reflect.Constructor.newInstance(Constructor.java:485)
	at org.openqa.selenium.remote.ErrorCodec.decode(ErrorCodec.java:167)
	at org.openqa.selenium.remote.codec.w3c.W3CHttpResponseCodec.decode(W3CHttpResponseCodec.java:138)
	at org.openqa.selenium.remote.codec.w3c.W3CHttpResponseCodec.decode(W3CHttpResponseCodec.java:50)
	at org.openqa.selenium.remote.HttpCommandExecutor.execute(HttpCommandExecutor.java:190)
	at org.openqa.selenium.remote.service.DriverCommandExecutor.invokeExecute(DriverCommandExecutor.java:216)
	at org.openqa.selenium.remote.service.DriverCommandExecutor.execute(DriverCommandExecutor.java:174)
	at org.openqa.selenium.remote.RemoteWebDriver.execute(RemoteWebDriver.java:545)
	at org.openqa.selenium.remote.ElementLocation$ElementFinder$2.findElement(ElementLocation.java:165)
	at org.openqa.selenium.remote.ElementLocation.findElement(ElementLocation.java:59)
	at org.openqa.selenium.remote.RemoteWebDriver.findElement(RemoteWebDriver.java:368)
	at org.openqa.selenium.remote.RemoteWebDriver.findElement(RemoteWebDriver.java:362)
	at org.openqa.selenium.support.pagefactory.DefaultElementLocator.findElement(DefaultElementLocator.java:68)
	at org.openqa.selenium.support.pagefactory.internal.LocatingElementHandler.invoke(LocatingElementHandler.java:38)
	at jdk.proxy2/jdk.proxy2.$Proxy10.getWrappedElement(Unknown Source)
	at org.openqa.selenium.interactions.PointerInput$Origin.asArg(PointerInput.java:259)
	at org.openqa.selenium.interactions.PointerInput$Move.encode(PointerInput.java:208)
	at org.openqa.selenium.interactions.Sequence.encode(Sequence.java:72)
	at org.openqa.selenium.interactions.Sequence.toJson(Sequence.java:81)
	at java.base/jdk.internal.reflect.DirectMethodHandleAccessor.invoke(DirectMethodHandleAccessor.java:103)
	... 55 more
</pre></div></td>
<td>0</td>
<td>amazon1.Project_1.Testcase2_Login_verify_correctUn_Pwd@62ddbd7e</td></tr>
<tr>
<td title='amazon1.Project_1.Testcase12_CheckIfUser_SelectPaymentMethod.checkout_process()'><b>checkout_process</b><br>Test class: amazon1.Project_1.Testcase12_CheckIfUser_SelectPaymentMethod</td>
<td><div><pre>java.lang.NullPointerException: Cannot invoke &quot;org.openqa.selenium.WebDriver.getClass()&quot; because &quot;exceptionDriver&quot; is null
	at org.openqa.selenium.support.ui.WebDriverWait.timeoutException(WebDriverWait.java:85)
	at org.openqa.selenium.support.ui.FluentWait.until(FluentWait.java:228)
	at amazon1.Project_1.Checkoutpage.Emi_available_radio(Checkoutpage.java:139)
	at amazon1.Project_1.Testcase12_CheckIfUser_SelectPaymentMethod.checkout_process(Testcase12_CheckIfUser_SelectPaymentMethod.java:37)
	at java.base/java.util.ArrayList.forEach(ArrayList.java:1597)
	at java.base/java.util.concurrent.FutureTask.run(FutureTask.java:317)
	at java.base/java.util.concurrent.ThreadPoolExecutor.runWorker(ThreadPoolExecutor.java:1144)
	at java.base/java.util.concurrent.ThreadPoolExecutor$Worker.run(ThreadPoolExecutor.java:642)
	at java.base/java.lang.Thread.run(Thread.java:1575)
... Removed 15 stack frames</pre></div><a href='#' onClick='toggleBox("stack-trace1859885360", this, "Click to show all stack frames", "Click to hide stack frames")'>Click to show all stack frames</a>
<div class='stack-trace' id='stack-trace1859885360'><pre>java.lang.NullPointerException: Cannot invoke &quot;org.openqa.selenium.WebDriver.getClass()&quot; because &quot;exceptionDriver&quot; is null
	at org.openqa.selenium.support.ui.WebDriverWait.timeoutException(WebDriverWait.java:85)
	at org.openqa.selenium.support.ui.FluentWait.until(FluentWait.java:228)
	at amazon1.Project_1.Checkoutpage.Emi_available_radio(Checkoutpage.java:139)
	at amazon1.Project_1.Testcase12_CheckIfUser_SelectPaymentMethod.checkout_process(Testcase12_CheckIfUser_SelectPaymentMethod.java:37)
	at java.base/jdk.internal.reflect.DirectMethodHandleAccessor.invoke(DirectMethodHandleAccessor.java:103)
	at java.base/java.lang.reflect.Method.invoke(Method.java:580)
	at org.testng.internal.invokers.MethodInvocationHelper.invokeMethod(MethodInvocationHelper.java:141)
	at org.testng.internal.invokers.TestInvoker.invokeMethod(TestInvoker.java:686)
	at org.testng.internal.invokers.TestInvoker.invokeTestMethod(TestInvoker.java:230)
	at org.testng.internal.invokers.MethodRunner.runInSequence(MethodRunner.java:63)
	at org.testng.internal.invokers.TestInvoker$MethodInvocationAgent.invoke(TestInvoker.java:992)
	at org.testng.internal.invokers.TestInvoker.invokeTestMethods(TestInvoker.java:203)
	at org.testng.internal.invokers.TestMethodWorker.invokeTestMethods(TestMethodWorker.java:154)
	at org.testng.internal.invokers.TestMethodWorker.run(TestMethodWorker.java:134)
	at java.base/java.util.ArrayList.forEach(ArrayList.java:1597)
	at org.testng.TestRunner.privateRun(TestRunner.java:739)
	at org.testng.TestRunner.run(TestRunner.java:614)
	at org.testng.SuiteRunner.runTest(SuiteRunner.java:421)
	at org.testng.SuiteRunner$SuiteWorker.run(SuiteRunner.java:463)
	at org.testng.internal.thread.ThreadUtil.lambda$execute$0(ThreadUtil.java:64)
	at java.base/java.util.concurrent.FutureTask.run(FutureTask.java:317)
	at java.base/java.util.concurrent.ThreadPoolExecutor.runWorker(ThreadPoolExecutor.java:1144)
	at java.base/java.util.concurrent.ThreadPoolExecutor$Worker.run(ThreadPoolExecutor.java:642)
	at java.base/java.lang.Thread.run(Thread.java:1575)
</pre></div></td>
<td>60</td>
<td>amazon1.Project_1.Testcase12_CheckIfUser_SelectPaymentMethod@179ece50</td></tr>
</table><p>
</body>
</html>