<?xml version="1.0" encoding="UTF-8"?>
<!-- Generated by org.testng.reporters.JUnitXMLReporter -->
<testsuite ignored="0" hostname="GLK-ThinkPad" failures="1" tests="15" name="Testing chrome" time="570.988" errors="0" timestamp="2025-02-02T09:37:12 CET">
  <testcase classname="amazon1.Project_1.Testcase4_User_Successfully_edit_profile_info" name="user_can_edit_profile_info" time="8.575"/>
  <testcase classname="amazon1.Project_1.Testcase7_ensure_productdetailspage_displays_all_info" name="ensure_productdetails_display" time="16.238"/>
  <testcase classname="amazon1.Project_1.Testcase6_Verify_search_using_filters" name="search_product_apply_filters" time="15.346"/>
  <testcase classname="amazon1.Project_1.Testcase1_Newuser_successfully_register" name="NewUser_registration" time="6.307"/>
  <testcase classname="amazon1.Project_1.Testcase12_CheckIfUser_SelectPaymentMethod" name="checkout_process" time="60.188">
    <skipped/>
  </testcase> <!-- checkout_process -->
  <testcase classname="amazon1.Project_1.Testcase12_CheckIfUser_SelectPaymentMethod" name="checkout_process" time="166.891">
    <failure type="java.lang.NullPointerException" message="Cannot invoke &amp;quot;org.openqa.selenium.WebDriver.getClass()&amp;quot; because &amp;quot;exceptionDriver&amp;quot; is null">
      <![CDATA[java.lang.NullPointerException: Cannot invoke "org.openqa.selenium.WebDriver.getClass()" because "exceptionDriver" is null
at org.openqa.selenium.support.ui.WebDriverWait.timeoutException(WebDriverWait.java:85)
at org.openqa.selenium.support.ui.FluentWait.until(FluentWait.java:228)
at amazon1.Project_1.Checkoutpage.Emi_available_radio(Checkoutpage.java:139)
at amazon1.Project_1.Testcase12_CheckIfUser_SelectPaymentMethod.checkout_process(Testcase12_CheckIfUser_SelectPaymentMethod.java:37)
at java.base/java.util.ArrayList.forEach(ArrayList.java:1597)
at java.base/java.util.concurrent.FutureTask.run(FutureTask.java:317)
at java.base/java.util.concurrent.ThreadPoolExecutor.runWorker(ThreadPoolExecutor.java:1144)
at java.base/java.util.concurrent.ThreadPoolExecutor$Worker.run(ThreadPoolExecutor.java:642)
at java.base/java.lang.Thread.run(Thread.java:1575)
... Removed 15 stack frames]]>
    </failure>
  </testcase> <!-- checkout_process -->
  <testcase classname="amazon1.Project_1.Testcase5_searchProduct_likeshoe" name="signin_search_shoes" time="12.074"/>
  <testcase classname="amazon1.Project_1.Testcase11_ValidateEntireCheckout_Address_Payment_order_review" name="checkout_process" time="21.171"/>
  <testcase classname="amazon1.Project_1.Testcase9_Verify_items_addToshoppingcart_from_productpage" name="Verify_item_addtoshoppingcart" time="14.644"/>
  <testcase classname="amazon1.Project_1.Testcase10_UpdateItemsQuantities_remove_item_from_cart" name="updateaddedItemsQuantity_remove_from_cart" time="55.635"/>
  <testcase classname="amazon1.Project_1.Testcase8_Check_Productsort_Relevance_price_rating" name="Check_productsort" time="10.034"/>
  <testcase classname="amazon1.Project_1.Testcase2_Login_verify_correctUn_Pwd" name="Login_verify" time="0.066">
    <skipped/>
  </testcase> <!-- Login_verify -->
  <testcase classname="amazon1.Project_1.Testcase2_Login_verify_correctUn_Pwd" name="Login_verify" time="1.744"/>
  <testcase classname="amazon1.Project_1.Testcase15_Reach_till_cartpage_withoutlogin" name="Reach_till_cart_withoutLogin" time="15.219"/>
  <testcase classname="amazon1.Project_1.Testcase3_Login_wrong_username_pwd" name="Login_wrong_un_pwd" time="4.822"/>
</testsuite> <!-- Testing chrome -->
