<!DOCTYPE html PUBLIC "-//W3C//DTD XHTML 1.1//EN" "https://www.w3.org/TR/xhtml11/DTD/xhtml11.dtd">
<html xmlns="https://www.w3.org/1999/xhtml">
<head>
<meta http-equiv="content-type" content="text/html; charset=UTF-8"/>
<title>TestNG Report</title>
<style type="text/css">table {margin-bottom:10px;border-collapse:collapse;empty-cells:show}th,td {border:1px solid #009;padding:.25em .5em}th {vertical-align:bottom}td {vertical-align:top}table a {font-weight:bold}.stripe td {background-color: #E6EBF9}.num {text-align:right}.passedodd td {background-color: #3F3}.passedeven td {background-color: #0A0}.skippedodd td {background-color: #DDD}.skippedeven td {background-color: #CCC}.failedodd td,.attn {background-color: #F33}.failedeven td,.stripe .attn {background-color: #D00}.stacktrace {white-space:pre;font-family:monospace}.totop {font-size:85%;text-align:center;border-bottom:2px solid #000}.invisible {display:none}</style>
</head>
<body>
<table>
<tr><th>Test</th><th># Passed</th><th># Skipped</th><th># Retried</th><th># Failed</th><th>Time (ms)</th><th>Included Groups</th><th>Excluded Groups</th></tr>
<tr><th colspan="8">Suite</th></tr>
<tr><td><a href="#t0">Testing chrome</a></td><td class="num">12</td><td class="num">0</td><td class="num attn">2</td><td class="num attn">1</td><td class="num">570’988</td><td></td><td></td></tr>
<tr class="stripe"><td><a href="#t1">Testing Edge</a></td><td class="num">13</td><td class="num">0</td><td class="num attn">2</td><td class="num attn">1</td><td class="num">585’275</td><td></td><td></td></tr>
<tr><th>Total</th><th class="num">25</th><th class="num">0</th><th class="num attn">4</th><th class="num attn">2</th><th class="num">1’156’263</th><th colspan="2"></th></tr>
</table>
<table id='summary'><thead><tr><th>Class</th><th>Method</th><th>Start</th><th>Time (ms)</th></tr></thead><tbody><tr><th colspan="4">Suite</th></tr></tbody><tbody id="t0"><tr><th colspan="4">Testing chrome &#8212; failed</th></tr><tr class="failedeven"><td rowspan="1">amazon1.Project_1.Testcase12_CheckIfUser_SelectPaymentMethod</td><td><a href="#m0">checkout_process</a></td><td rowspan="1">1738484997668</td><td rowspan="1">166891</td></tr><tr><th colspan="4">Testing chrome &#8212; retried</th></tr><tr class="retriedeven"><td rowspan="1">amazon1.Project_1.Testcase12_CheckIfUser_SelectPaymentMethod</td><td><a href="#m1">checkout_process</a></td><td rowspan="1">1738484931419</td><td rowspan="1">60188</td></tr><tr class="retriedodd"><td rowspan="1">amazon1.Project_1.Testcase2_Login_verify_correctUn_Pwd</td><td><a href="#m2">Login_verify</a></td><td rowspan="1">1738485328576</td><td rowspan="1">66</td></tr><tr><th colspan="4">Testing chrome &#8212; passed</th></tr><tr class="passedeven"><td rowspan="1">amazon1.Project_1.Testcase10_UpdateItemsQuantities_remove_item_from_cart</td><td><a href="#m3">updateaddedItemsQuantity_remove_from_cart</a></td><td rowspan="1">1738485234026</td><td rowspan="1">55635</td></tr><tr class="passedodd"><td rowspan="1">amazon1.Project_1.Testcase11_ValidateEntireCheckout_Address_Payment_order_review</td><td><a href="#m4">checkout_process</a></td><td rowspan="1">1738485188167</td><td rowspan="1">21171</td></tr><tr class="passedeven"><td rowspan="1">amazon1.Project_1.Testcase15_Reach_till_cartpage_withoutlogin</td><td><a href="#m5">Reach_till_cart_withoutLogin</a></td><td rowspan="1">1738485410159</td><td rowspan="1">15219</td></tr><tr class="passedodd"><td rowspan="1">amazon1.Project_1.Testcase1_Newuser_successfully_register</td><td><a href="#m6">NewUser_registration</a></td><td rowspan="1">1738484918642</td><td rowspan="1">6307</td></tr><tr class="passedeven"><td rowspan="1">amazon1.Project_1.Testcase2_Login_verify_correctUn_Pwd</td><td><a href="#m7">Login_verify</a></td><td rowspan="1">1738485361137</td><td rowspan="1">1744</td></tr><tr class="passedodd"><td rowspan="1">amazon1.Project_1.Testcase3_Login_wrong_username_pwd</td><td><a href="#m8">Login_wrong_un_pwd</a></td><td rowspan="1">1738485427754</td><td rowspan="1">4822</td></tr><tr class="passedeven"><td rowspan="1">amazon1.Project_1.Testcase4_User_Successfully_edit_profile_info</td><td><a href="#m9">user_can_edit_profile_info</a></td><td rowspan="1">1738484866897</td><td rowspan="1">8575</td></tr><tr class="passedodd"><td rowspan="1">amazon1.Project_1.Testcase5_searchProduct_likeshoe</td><td><a href="#m10">signin_search_shoes</a></td><td rowspan="1">1738485169038</td><td rowspan="1">12074</td></tr><tr class="passedeven"><td rowspan="1">amazon1.Project_1.Testcase6_Verify_search_using_filters</td><td><a href="#m11">search_product_apply_filters</a></td><td rowspan="1">1738484898763</td><td rowspan="1">15346</td></tr><tr class="passedodd"><td rowspan="1">amazon1.Project_1.Testcase7_ensure_productdetailspage_displays_all_info</td><td><a href="#m12">ensure_productdetails_display</a></td><td rowspan="1">1738484878099</td><td rowspan="1">16238</td></tr><tr class="passedeven"><td rowspan="1">amazon1.Project_1.Testcase8_Check_Productsort_Relevance_price_rating</td><td><a href="#m13">Check_productsort</a></td><td rowspan="1">1738485291777</td><td rowspan="1">10034</td></tr><tr class="passedodd"><td rowspan="1">amazon1.Project_1.Testcase9_Verify_items_addToshoppingcart_from_productpage</td><td><a href="#m14">Verify_item_addtoshoppingcart</a></td><td rowspan="1">1738485213706</td><td rowspan="1">14644</td></tr></tbody>
<tbody id="t1"><tr><th colspan="4">Testing Edge &#8212; failed</th></tr><tr class="failedeven"><td rowspan="1">amazon1.Project_1.Testcase12_CheckIfUser_SelectPaymentMethod</td><td><a href="#m15">checkout_process</a></td><td rowspan="1">1738485014625</td><td rowspan="1">136674</td></tr><tr><th colspan="4">Testing Edge &#8212; retried</th></tr><tr class="retriedeven"><td rowspan="1">amazon1.Project_1.Testcase12_CheckIfUser_SelectPaymentMethod</td><td><a href="#m16">checkout_process</a></td><td rowspan="1">1738484953171</td><td rowspan="1">50003</td></tr><tr class="retriedodd"><td rowspan="1">amazon1.Project_1.Testcase1_Newuser_successfully_register</td><td><a href="#m17">NewUser_registration</a></td><td rowspan="1">1738484923718</td><td rowspan="1">3982</td></tr><tr><th colspan="4">Testing Edge &#8212; passed</th></tr><tr class="passedeven"><td rowspan="1">amazon1.Project_1.Testcase10_UpdateItemsQuantities_remove_item_from_cart</td><td><a href="#m18">updateaddedItemsQuantity_remove_from_cart</a></td><td rowspan="1">1738485237377</td><td rowspan="1">53871</td></tr><tr class="passedodd"><td rowspan="1">amazon1.Project_1.Testcase11_ValidateEntireCheckout_Address_Payment_order_review</td><td><a href="#m19">checkout_process</a></td><td rowspan="1">1738485173359</td><td rowspan="1">31209</td></tr><tr class="passedeven"><td rowspan="1">amazon1.Project_1.Testcase14_Goto_Orderpage_give_fivestarrating_onlastorder</td><td><a href="#m20">give_ratings_on_previous_orders</a></td><td rowspan="1">1738485433387</td><td rowspan="1">6626</td></tr><tr class="passedodd"><td rowspan="1">amazon1.Project_1.Testcase15_Reach_till_cartpage_withoutlogin</td><td><a href="#m21">Reach_till_cart_withoutLogin</a></td><td rowspan="1">1738485374547</td><td rowspan="1">51950</td></tr><tr class="passedeven"><td rowspan="1">amazon1.Project_1.Testcase1_Newuser_successfully_register</td><td><a href="#m22">NewUser_registration</a></td><td rowspan="1">1738484938504</td><td rowspan="1">5190</td></tr><tr class="passedodd"><td rowspan="1">amazon1.Project_1.Testcase2_Login_verify_correctUn_Pwd</td><td><a href="#m23">Login_verify</a></td><td rowspan="1">1738485354496</td><td rowspan="1">1854</td></tr><tr class="passedeven"><td rowspan="1">amazon1.Project_1.Testcase3_Login_wrong_username_pwd</td><td><a href="#m24">Login_wrong_un_pwd</a></td><td rowspan="1">1738485445497</td><td rowspan="1">1371</td></tr><tr class="passedodd"><td rowspan="1">amazon1.Project_1.Testcase4_User_Successfully_edit_profile_info</td><td><a href="#m25">user_can_edit_profile_info</a></td><td rowspan="1">1738484869268</td><td rowspan="1">6706</td></tr><tr class="passedeven"><td rowspan="1">amazon1.Project_1.Testcase5_searchProduct_likeshoe</td><td><a href="#m26">signin_search_shoes</a></td><td rowspan="1">1738485155992</td><td rowspan="1">10355</td></tr><tr class="passedodd"><td rowspan="1">amazon1.Project_1.Testcase6_Verify_search_using_filters</td><td><a href="#m27">search_product_apply_filters</a></td><td rowspan="1">1738484901812</td><td rowspan="1">14086</td></tr><tr class="passedeven"><td rowspan="1">amazon1.Project_1.Testcase7_ensure_productdetailspage_displays_all_info</td><td><a href="#m28">ensure_productdetails_display</a></td><td rowspan="1">1738484882465</td><td rowspan="1">12983</td></tr><tr class="passedodd"><td rowspan="1">amazon1.Project_1.Testcase8_Check_Productsort_Relevance_price_rating</td><td><a href="#m29">Check_productsort</a></td><td rowspan="1">1738485302326</td><td rowspan="1">26912</td></tr><tr class="passedeven"><td rowspan="1">amazon1.Project_1.Testcase9_Verify_items_addToshoppingcart_from_productpage</td><td><a href="#m30">Verify_item_addtoshoppingcart</a></td><td rowspan="1">1738485209447</td><td rowspan="1">20705</td></tr></tbody>
</table>
<h2>Testing chrome</h2><h3 id="m0">amazon1.Project_1.Testcase12_CheckIfUser_SelectPaymentMethod#checkout_process</h3><table class="result"><tr><th>Messages</th></tr><tr><td><div class="messages">Testcase failed</div></td></tr><tr><th>Exception</th></tr><tr><td><div class="stacktrace">java.lang.NullPointerException: Cannot invoke &quot;org.openqa.selenium.WebDriver.getClass()&quot; because &quot;exceptionDriver&quot; is null
	at org.openqa.selenium.support.ui.WebDriverWait.timeoutException(WebDriverWait.java:85)
	at org.openqa.selenium.support.ui.FluentWait.until(FluentWait.java:228)
	at amazon1.Project_1.Checkoutpage.Emi_available_radio(Checkoutpage.java:139)
	at amazon1.Project_1.Testcase12_CheckIfUser_SelectPaymentMethod.checkout_process(Testcase12_CheckIfUser_SelectPaymentMethod.java:37)
	at java.base/java.util.ArrayList.forEach(ArrayList.java:1597)
	at java.base/java.util.concurrent.FutureTask.run(FutureTask.java:317)
	at java.base/java.util.concurrent.ThreadPoolExecutor.runWorker(ThreadPoolExecutor.java:1144)
	at java.base/java.util.concurrent.ThreadPoolExecutor$Worker.run(ThreadPoolExecutor.java:642)
	at java.base/java.lang.Thread.run(Thread.java:1575)
... Removed 15 stack frames</div></td></tr></table><p class="totop"><a href="#summary">back to summary</a></p>
<h3 id="m1">amazon1.Project_1.Testcase12_CheckIfUser_SelectPaymentMethod#checkout_process</h3><table class="result"><tr><th>Exception</th></tr><tr><td><div class="stacktrace">java.lang.NullPointerException: Cannot invoke &quot;org.openqa.selenium.WebDriver.getClass()&quot; because &quot;exceptionDriver&quot; is null
	at org.openqa.selenium.support.ui.WebDriverWait.timeoutException(WebDriverWait.java:85)
	at org.openqa.selenium.support.ui.FluentWait.until(FluentWait.java:228)
	at amazon1.Project_1.Checkoutpage.Emi_available_radio(Checkoutpage.java:139)
	at amazon1.Project_1.Testcase12_CheckIfUser_SelectPaymentMethod.checkout_process(Testcase12_CheckIfUser_SelectPaymentMethod.java:37)
	at java.base/java.util.ArrayList.forEach(ArrayList.java:1597)
	at java.base/java.util.concurrent.FutureTask.run(FutureTask.java:317)
	at java.base/java.util.concurrent.ThreadPoolExecutor.runWorker(ThreadPoolExecutor.java:1144)
	at java.base/java.util.concurrent.ThreadPoolExecutor$Worker.run(ThreadPoolExecutor.java:642)
	at java.base/java.lang.Thread.run(Thread.java:1575)
... Removed 15 stack frames</div></td></tr></table><p class="totop"><a href="#summary">back to summary</a></p>
<h3 id="m2">amazon1.Project_1.Testcase2_Login_verify_correctUn_Pwd#Login_verify</h3><table class="result"><tr><th>Exception</th></tr><tr><td><div class="stacktrace">org.openqa.selenium.json.JsonException: java.lang.reflect.InvocationTargetException
Build info: version: &apos;4.27.0&apos;, revision: &apos;d6e718d134&apos;
System info: os.name: &apos;Windows 11&apos;, os.arch: &apos;amd64&apos;, os.version: &apos;10.0&apos;, java.version: &apos;23&apos;
Driver info: org.openqa.selenium.chrome.ChromeDriver
Command: [ae0be023bf1f41ee9e5b315ccb322952, actions {actions=[org.openqa.selenium.interactions.Sequence@41c15a58]}]
Capabilities {acceptInsecureCerts: false, browserName: chrome, browserVersion: 132.0.6834.160, chrome: {chromedriverVersion: 132.0.6834.159 (2d77d3fc445..., userDataDir: C:\Users\kales\AppData\Loca...}, fedcm:accounts: true, goog:chromeOptions: {debuggerAddress: localhost:51214}, networkConnectionEnabled: false, pageLoadStrategy: normal, platformName: windows, proxy: Proxy(), se:cdp: ws://localhost:51214/devtoo..., se:cdpVersion: 132.0.6834.160, setWindowRect: true, strictFileInteractability: false, timeouts: {implicit: 0, pageLoad: 300000, script: 30000}, unhandledPromptBehavior: dismiss and notify, webauthn:extension:credBlob: true, webauthn:extension:largeBlob: true, webauthn:extension:minPinLength: true, webauthn:extension:prf: true, webauthn:virtualAuthenticators: true}
Session ID: ae0be023bf1f41ee9e5b315ccb322952
	at org.openqa.selenium.json.JsonOutput.convertUsingMethod(JsonOutput.java:520)
	at org.openqa.selenium.json.JsonOutput.lambda$new$16(JsonOutput.java:182)
	at org.openqa.selenium.json.JsonOutput.write0(JsonOutput.java:409)
	at org.openqa.selenium.json.JsonOutput.lambda$new$22(JsonOutput.java:204)
	at java.base/java.util.stream.ForEachOps$ForEachOp$OfRef.accept(ForEachOps.java:184)
	at java.base/java.util.stream.ReferencePipeline$2$1.accept(ReferencePipeline.java:197)
	at java.base/java.util.Iterator.forEachRemaining(Iterator.java:133)
	at java.base/java.util.Spliterators$IteratorSpliterator.forEachRemaining(Spliterators.java:1939)
	at java.base/java.util.stream.AbstractPipeline.copyInto(AbstractPipeline.java:570)
	at java.base/java.util.stream.AbstractPipeline.wrapAndCopyInto(AbstractPipeline.java:560)
	at java.base/java.util.stream.ForEachOps$ForEachOp.evaluateSequential(ForEachOps.java:151)
	at java.base/java.util.stream.ForEachOps$ForEachOp$OfRef.evaluateSequential(ForEachOps.java:174)
	at java.base/java.util.stream.AbstractPipeline.evaluate(AbstractPipeline.java:265)
	at java.base/java.util.stream.ReferencePipeline.forEach(ReferencePipeline.java:636)
	at org.openqa.selenium.json.JsonOutput.lambda$new$23(JsonOutput.java:204)
	at org.openqa.selenium.json.JsonOutput.write0(JsonOutput.java:409)
	at org.openqa.selenium.json.JsonOutput.lambda$new$24(JsonOutput.java:222)
	at java.base/java.util.Map.forEach(Map.java:733)
	at org.openqa.selenium.json.JsonOutput.lambda$new$25(JsonOutput.java:217)
	at org.openqa.selenium.json.JsonOutput.write0(JsonOutput.java:409)
	at org.openqa.selenium.json.JsonOutput.write(JsonOutput.java:400)
	at org.openqa.selenium.json.Json.toJson(Json.java:133)
	at org.openqa.selenium.json.Json.toJson(Json.java:119)
	at org.openqa.selenium.remote.codec.AbstractHttpCommandCodec.encode(AbstractHttpCommandCodec.java:245)
	at org.openqa.selenium.remote.codec.AbstractHttpCommandCodec.encode(AbstractHttpCommandCodec.java:111)
	at org.openqa.selenium.remote.HttpCommandExecutor.execute(HttpCommandExecutor.java:178)
	at org.openqa.selenium.remote.service.DriverCommandExecutor.invokeExecute(DriverCommandExecutor.java:216)
	at org.openqa.selenium.remote.service.DriverCommandExecutor.execute(DriverCommandExecutor.java:174)
	at org.openqa.selenium.remote.RemoteWebDriver.execute(RemoteWebDriver.java:545)
	at org.openqa.selenium.remote.RemoteWebDriver.perform(RemoteWebDriver.java:631)
	at org.openqa.selenium.interactions.Actions$BuiltAction.perform(Actions.java:613)
	at org.openqa.selenium.interactions.Actions.perform(Actions.java:578)
	at amazon1.Project_1.Homepage.accountandlist(Homepage.java:64)
	at amazon1.Project_1.Testcase2_Login_verify_correctUn_Pwd.Login_verify(Testcase2_Login_verify_correctUn_Pwd.java:14)
	at java.base/java.util.ArrayList.forEach(ArrayList.java:1597)
	at java.base/java.util.concurrent.FutureTask.run(FutureTask.java:317)
	at java.base/java.util.concurrent.ThreadPoolExecutor.runWorker(ThreadPoolExecutor.java:1144)
	at java.base/java.util.concurrent.ThreadPoolExecutor$Worker.run(ThreadPoolExecutor.java:642)
	at java.base/java.lang.Thread.run(Thread.java:1575)
	Suppressed: org.openqa.selenium.json.JsonException: Attempting to close incomplete json stream
Build info: version: &apos;4.27.0&apos;, revision: &apos;d6e718d134&apos;
System info: os.name: &apos;Windows 11&apos;, os.arch: &apos;amd64&apos;, os.version: &apos;10.0&apos;, java.version: &apos;23&apos;
Driver info: driver.version: RemoteWebDriver
		at org.openqa.selenium.json.JsonOutput.close(JsonOutput.java:431)
		at org.openqa.selenium.json.Json.toJson(Json.java:131)
		... 32 more
	at org.openqa.selenium.json.JsonOutput.convertUsingMethod(JsonOutput.java:516)
	... 53 more
Caused by: org.openqa.selenium.NoSuchElementException: no such element: Unable to locate element: {&quot;method&quot;:&quot;xpath&quot;,&quot;selector&quot;:&quot;//span[@class=&apos;nav-line-2 &apos;]&quot;}
  (Session info: chrome=132.0.6834.160)
For documentation on this error, please visit: https://www.selenium.dev/documentation/webdriver/troubleshooting/errors#no-such-element-exception
Build info: version: &apos;4.27.0&apos;, revision: &apos;d6e718d134&apos;
System info: os.name: &apos;Windows 11&apos;, os.arch: &apos;amd64&apos;, os.version: &apos;10.0&apos;, java.version: &apos;23&apos;
Driver info: org.openqa.selenium.chrome.ChromeDriver
Command: [ae0be023bf1f41ee9e5b315ccb322952, findElement {using=xpath, value=//span[@class=&apos;nav-line-2 &apos;]}]
Capabilities {acceptInsecureCerts: false, browserName: chrome, browserVersion: 132.0.6834.160, chrome: {chromedriverVersion: 132.0.6834.159 (2d77d3fc445..., userDataDir: C:\Users\kales\AppData\Loca...}, fedcm:accounts: true, goog:chromeOptions: {debuggerAddress: localhost:51214}, networkConnectionEnabled: false, pageLoadStrategy: normal, platformName: windows, proxy: Proxy(), se:cdp: ws://localhost:51214/devtoo..., se:cdpVersion: 132.0.6834.160, setWindowRect: true, strictFileInteractability: false, timeouts: {implicit: 0, pageLoad: 300000, script: 30000}, unhandledPromptBehavior: dismiss and notify, webauthn:extension:credBlob: true, webauthn:extension:largeBlob: true, webauthn:extension:minPinLength: true, webauthn:extension:prf: true, webauthn:virtualAuthenticators: true}
Session ID: ae0be023bf1f41ee9e5b315ccb322952
	at org.openqa.selenium.remote.ErrorCodec.decode(ErrorCodec.java:167)
	at org.openqa.selenium.remote.codec.w3c.W3CHttpResponseCodec.decode(W3CHttpResponseCodec.java:138)
	at org.openqa.selenium.remote.codec.w3c.W3CHttpResponseCodec.decode(W3CHttpResponseCodec.java:50)
	at org.openqa.selenium.remote.HttpCommandExecutor.execute(HttpCommandExecutor.java:190)
	at org.openqa.selenium.remote.service.DriverCommandExecutor.invokeExecute(DriverCommandExecutor.java:216)
	at org.openqa.selenium.remote.service.DriverCommandExecutor.execute(DriverCommandExecutor.java:174)
	at org.openqa.selenium.remote.RemoteWebDriver.execute(RemoteWebDriver.java:545)
	at org.openqa.selenium.remote.ElementLocation$ElementFinder$2.findElement(ElementLocation.java:165)
	at org.openqa.selenium.remote.ElementLocation.findElement(ElementLocation.java:59)
	at org.openqa.selenium.remote.RemoteWebDriver.findElement(RemoteWebDriver.java:368)
	at org.openqa.selenium.remote.RemoteWebDriver.findElement(RemoteWebDriver.java:362)
	at org.openqa.selenium.support.pagefactory.DefaultElementLocator.findElement(DefaultElementLocator.java:68)
	at org.openqa.selenium.support.pagefactory.internal.LocatingElementHandler.invoke(LocatingElementHandler.java:38)
	at jdk.proxy2/jdk.proxy2.$Proxy10.getWrappedElement(Unknown Source)
	at org.openqa.selenium.interactions.PointerInput$Origin.asArg(PointerInput.java:259)
	at org.openqa.selenium.interactions.PointerInput$Move.encode(PointerInput.java:208)
	at org.openqa.selenium.interactions.Sequence.encode(Sequence.java:72)
	at org.openqa.selenium.interactions.Sequence.toJson(Sequence.java:81)
	... 55 more
... Removed 22 stack frames</div></td></tr></table><p class="totop"><a href="#summary">back to summary</a></p>
<h3 id="m3">amazon1.Project_1.Testcase10_UpdateItemsQuantities_remove_item_from_cart#updateaddedItemsQuantity_remove_from_cart</h3><table class="result"><tr><th>Messages</th></tr><tr><td><div class="messages">Testcase passed</div></td></tr></table><p class="totop"><a href="#summary">back to summary</a></p>
<h3 id="m4">amazon1.Project_1.Testcase11_ValidateEntireCheckout_Address_Payment_order_review#checkout_process</h3><table class="result"><tr><th>Messages</th></tr><tr><td><div class="messages">Testcase passed</div></td></tr></table><p class="totop"><a href="#summary">back to summary</a></p>
<h3 id="m5">amazon1.Project_1.Testcase15_Reach_till_cartpage_withoutlogin#Reach_till_cart_withoutLogin</h3><table class="result"><tr><th>Messages</th></tr><tr><td><div class="messages">Testcase passed</div></td></tr></table><p class="totop"><a href="#summary">back to summary</a></p>
<h3 id="m6">amazon1.Project_1.Testcase1_Newuser_successfully_register#NewUser_registration</h3><table class="result"><tr><th>Messages</th></tr><tr><td><div class="messages">Testcase passed</div></td></tr></table><p class="totop"><a href="#summary">back to summary</a></p>
<h3 id="m7">amazon1.Project_1.Testcase2_Login_verify_correctUn_Pwd#Login_verify</h3><table class="result"><tr><th>Messages</th></tr><tr><td><div class="messages">Testcase passed</div></td></tr></table><p class="totop"><a href="#summary">back to summary</a></p>
<h3 id="m8">amazon1.Project_1.Testcase3_Login_wrong_username_pwd#Login_wrong_un_pwd</h3><table class="result"><tr><th>Messages</th></tr><tr><td><div class="messages">Testcase passed</div></td></tr></table><p class="totop"><a href="#summary">back to summary</a></p>
<h3 id="m9">amazon1.Project_1.Testcase4_User_Successfully_edit_profile_info#user_can_edit_profile_info</h3><table class="result"><tr><th>Messages</th></tr><tr><td><div class="messages">Testcase passed</div></td></tr></table><p class="totop"><a href="#summary">back to summary</a></p>
<h3 id="m10">amazon1.Project_1.Testcase5_searchProduct_likeshoe#signin_search_shoes</h3><table class="result"><tr><th>Messages</th></tr><tr><td><div class="messages">Testcase passed</div></td></tr></table><p class="totop"><a href="#summary">back to summary</a></p>
<h3 id="m11">amazon1.Project_1.Testcase6_Verify_search_using_filters#search_product_apply_filters</h3><table class="result"><tr><th>Messages</th></tr><tr><td><div class="messages">Testcase passed</div></td></tr></table><p class="totop"><a href="#summary">back to summary</a></p>
<h3 id="m12">amazon1.Project_1.Testcase7_ensure_productdetailspage_displays_all_info#ensure_productdetails_display</h3><table class="result"><tr><th>Messages</th></tr><tr><td><div class="messages">Testcase passed</div></td></tr></table><p class="totop"><a href="#summary">back to summary</a></p>
<h3 id="m13">amazon1.Project_1.Testcase8_Check_Productsort_Relevance_price_rating#Check_productsort</h3><table class="result"><tr><th>Messages</th></tr><tr><td><div class="messages">Testcase passed</div></td></tr></table><p class="totop"><a href="#summary">back to summary</a></p>
<h3 id="m14">amazon1.Project_1.Testcase9_Verify_items_addToshoppingcart_from_productpage#Verify_item_addtoshoppingcart</h3><table class="result"><tr><th>Messages</th></tr><tr><td><div class="messages">Testcase passed</div></td></tr></table><p class="totop"><a href="#summary">back to summary</a></p>
<h2>Testing Edge</h2><h3 id="m15">amazon1.Project_1.Testcase12_CheckIfUser_SelectPaymentMethod#checkout_process</h3><table class="result"><tr><th>Messages</th></tr><tr><td><div class="messages">Testcase failed</div></td></tr><tr><th>Exception</th></tr><tr><td><div class="stacktrace">java.lang.NullPointerException: Cannot invoke &quot;org.openqa.selenium.WebDriver.getClass()&quot; because &quot;exceptionDriver&quot; is null
	at org.openqa.selenium.support.ui.WebDriverWait.timeoutException(WebDriverWait.java:85)
	at org.openqa.selenium.support.ui.FluentWait.until(FluentWait.java:228)
	at amazon1.Project_1.Checkoutpage.Emi_available_radio(Checkoutpage.java:139)
	at amazon1.Project_1.Testcase12_CheckIfUser_SelectPaymentMethod.checkout_process(Testcase12_CheckIfUser_SelectPaymentMethod.java:37)
	at java.base/java.util.ArrayList.forEach(ArrayList.java:1597)
	at java.base/java.util.concurrent.FutureTask.run(FutureTask.java:317)
	at java.base/java.util.concurrent.ThreadPoolExecutor.runWorker(ThreadPoolExecutor.java:1144)
	at java.base/java.util.concurrent.ThreadPoolExecutor$Worker.run(ThreadPoolExecutor.java:642)
	at java.base/java.lang.Thread.run(Thread.java:1575)
... Removed 15 stack frames</div></td></tr></table><p class="totop"><a href="#summary">back to summary</a></p>
<h3 id="m16">amazon1.Project_1.Testcase12_CheckIfUser_SelectPaymentMethod#checkout_process</h3><table class="result"><tr><th>Exception</th></tr><tr><td><div class="stacktrace">java.lang.NullPointerException: Cannot invoke &quot;org.openqa.selenium.WebDriver.getClass()&quot; because &quot;exceptionDriver&quot; is null
	at org.openqa.selenium.support.ui.WebDriverWait.timeoutException(WebDriverWait.java:85)
	at org.openqa.selenium.support.ui.FluentWait.until(FluentWait.java:228)
	at amazon1.Project_1.Checkoutpage.Emi_available_radio(Checkoutpage.java:139)
	at amazon1.Project_1.Testcase12_CheckIfUser_SelectPaymentMethod.checkout_process(Testcase12_CheckIfUser_SelectPaymentMethod.java:37)
	at java.base/java.util.ArrayList.forEach(ArrayList.java:1597)
	at java.base/java.util.concurrent.FutureTask.run(FutureTask.java:317)
	at java.base/java.util.concurrent.ThreadPoolExecutor.runWorker(ThreadPoolExecutor.java:1144)
	at java.base/java.util.concurrent.ThreadPoolExecutor$Worker.run(ThreadPoolExecutor.java:642)
	at java.base/java.lang.Thread.run(Thread.java:1575)
... Removed 15 stack frames</div></td></tr></table><p class="totop"><a href="#summary">back to summary</a></p>
<h3 id="m17">amazon1.Project_1.Testcase1_Newuser_successfully_register#NewUser_registration</h3><table class="result"><tr><th>Exception</th></tr><tr><td><div class="stacktrace">org.openqa.selenium.NoSuchElementException: no such element: Unable to locate element: {&quot;method&quot;:&quot;xpath&quot;,&quot;selector&quot;:&quot;//input[@id=&apos;continue&apos;]&quot;}
  (Session info: MicrosoftEdge=132.0.2957.127)
For documentation on this error, please visit: https://www.selenium.dev/documentation/webdriver/troubleshooting/errors#no-such-element-exception
Build info: version: &apos;4.27.0&apos;, revision: &apos;d6e718d134&apos;
System info: os.name: &apos;Windows 11&apos;, os.arch: &apos;amd64&apos;, os.version: &apos;10.0&apos;, java.version: &apos;23&apos;
Driver info: org.openqa.selenium.edge.EdgeDriver
Command: [23b02cb3ad9958e8bafcf67632ceb80c, findElement {using=xpath, value=//input[@id=&apos;continue&apos;]}]
Capabilities {acceptInsecureCerts: false, browserName: MicrosoftEdge, browserVersion: 132.0.2957.127, fedcm:accounts: true, ms:edgeOptions: {debuggerAddress: localhost:61399}, msedge: {msedgedriverVersion: 132.0.2957.140 (a81e27b375d..., userDataDir: C:\Users\kales\AppData\Loca...}, networkConnectionEnabled: false, pageLoadStrategy: normal, platformName: windows, proxy: Proxy(), se:cdp: ws://localhost:61399/devtoo..., se:cdpVersion: 132.0.2957.127, setWindowRect: true, strictFileInteractability: false, timeouts: {implicit: 0, pageLoad: 300000, script: 30000}, unhandledPromptBehavior: dismiss and notify, webauthn:extension:credBlob: true, webauthn:extension:largeBlob: true, webauthn:extension:minPinLength: true, webauthn:extension:prf: true, webauthn:virtualAuthenticators: true}
Session ID: 23b02cb3ad9958e8bafcf67632ceb80c
	at org.openqa.selenium.remote.ErrorCodec.decode(ErrorCodec.java:167)
	at org.openqa.selenium.remote.codec.w3c.W3CHttpResponseCodec.decode(W3CHttpResponseCodec.java:138)
	at org.openqa.selenium.remote.codec.w3c.W3CHttpResponseCodec.decode(W3CHttpResponseCodec.java:50)
	at org.openqa.selenium.remote.HttpCommandExecutor.execute(HttpCommandExecutor.java:190)
	at org.openqa.selenium.remote.service.DriverCommandExecutor.invokeExecute(DriverCommandExecutor.java:216)
	at org.openqa.selenium.remote.service.DriverCommandExecutor.execute(DriverCommandExecutor.java:174)
	at org.openqa.selenium.remote.RemoteWebDriver.execute(RemoteWebDriver.java:545)
	at org.openqa.selenium.remote.ElementLocation$ElementFinder$2.findElement(ElementLocation.java:165)
	at org.openqa.selenium.remote.ElementLocation.findElement(ElementLocation.java:59)
	at org.openqa.selenium.remote.RemoteWebDriver.findElement(RemoteWebDriver.java:368)
	at org.openqa.selenium.remote.RemoteWebDriver.findElement(RemoteWebDriver.java:362)
	at org.openqa.selenium.support.pagefactory.DefaultElementLocator.findElement(DefaultElementLocator.java:68)
	at org.openqa.selenium.support.pagefactory.internal.LocatingElementHandler.invoke(LocatingElementHandler.java:38)
	at jdk.proxy2/jdk.proxy2.$Proxy10.isDisplayed(Unknown Source)
	at amazon1.Project_1.Registrationpage.verify_button(Registrationpage.java:60)
	at amazon1.Project_1.Testcase1_Newuser_successfully_register.NewUser_registration(Testcase1_Newuser_successfully_register.java:27)
	at java.base/java.util.ArrayList.forEach(ArrayList.java:1597)
	at java.base/java.util.concurrent.FutureTask.run(FutureTask.java:317)
	at java.base/java.util.concurrent.ThreadPoolExecutor.runWorker(ThreadPoolExecutor.java:1144)
	at java.base/java.util.concurrent.ThreadPoolExecutor$Worker.run(ThreadPoolExecutor.java:642)
	at java.base/java.lang.Thread.run(Thread.java:1575)
... Removed 18 stack frames</div></td></tr></table><p class="totop"><a href="#summary">back to summary</a></p>
<h3 id="m18">amazon1.Project_1.Testcase10_UpdateItemsQuantities_remove_item_from_cart#updateaddedItemsQuantity_remove_from_cart</h3><table class="result"><tr><th>Messages</th></tr><tr><td><div class="messages">Testcase passed</div></td></tr></table><p class="totop"><a href="#summary">back to summary</a></p>
<h3 id="m19">amazon1.Project_1.Testcase11_ValidateEntireCheckout_Address_Payment_order_review#checkout_process</h3><table class="result"><tr><th>Messages</th></tr><tr><td><div class="messages">Testcase passed</div></td></tr></table><p class="totop"><a href="#summary">back to summary</a></p>
<h3 id="m20">amazon1.Project_1.Testcase14_Goto_Orderpage_give_fivestarrating_onlastorder#give_ratings_on_previous_orders</h3><table class="result"><tr><th>Messages</th></tr><tr><td><div class="messages">Testcase passed</div></td></tr></table><p class="totop"><a href="#summary">back to summary</a></p>
<h3 id="m21">amazon1.Project_1.Testcase15_Reach_till_cartpage_withoutlogin#Reach_till_cart_withoutLogin</h3><table class="result"><tr><th>Messages</th></tr><tr><td><div class="messages">Testcase passed</div></td></tr></table><p class="totop"><a href="#summary">back to summary</a></p>
<h3 id="m22">amazon1.Project_1.Testcase1_Newuser_successfully_register#NewUser_registration</h3><table class="result"><tr><th>Messages</th></tr><tr><td><div class="messages">Testcase passed</div></td></tr></table><p class="totop"><a href="#summary">back to summary</a></p>
<h3 id="m23">amazon1.Project_1.Testcase2_Login_verify_correctUn_Pwd#Login_verify</h3><table class="result"><tr><th>Messages</th></tr><tr><td><div class="messages">Testcase passed</div></td></tr></table><p class="totop"><a href="#summary">back to summary</a></p>
<h3 id="m24">amazon1.Project_1.Testcase3_Login_wrong_username_pwd#Login_wrong_un_pwd</h3><table class="result"><tr><th>Messages</th></tr><tr><td><div class="messages">Testcase passed</div></td></tr></table><p class="totop"><a href="#summary">back to summary</a></p>
<h3 id="m25">amazon1.Project_1.Testcase4_User_Successfully_edit_profile_info#user_can_edit_profile_info</h3><table class="result"><tr><th>Messages</th></tr><tr><td><div class="messages">Testcase passed</div></td></tr></table><p class="totop"><a href="#summary">back to summary</a></p>
<h3 id="m26">amazon1.Project_1.Testcase5_searchProduct_likeshoe#signin_search_shoes</h3><table class="result"><tr><th>Messages</th></tr><tr><td><div class="messages">Testcase passed</div></td></tr></table><p class="totop"><a href="#summary">back to summary</a></p>
<h3 id="m27">amazon1.Project_1.Testcase6_Verify_search_using_filters#search_product_apply_filters</h3><table class="result"><tr><th>Messages</th></tr><tr><td><div class="messages">Testcase passed</div></td></tr></table><p class="totop"><a href="#summary">back to summary</a></p>
<h3 id="m28">amazon1.Project_1.Testcase7_ensure_productdetailspage_displays_all_info#ensure_productdetails_display</h3><table class="result"><tr><th>Messages</th></tr><tr><td><div class="messages">Testcase passed</div></td></tr></table><p class="totop"><a href="#summary">back to summary</a></p>
<h3 id="m29">amazon1.Project_1.Testcase8_Check_Productsort_Relevance_price_rating#Check_productsort</h3><table class="result"><tr><th>Messages</th></tr><tr><td><div class="messages">Testcase passed</div></td></tr></table><p class="totop"><a href="#summary">back to summary</a></p>
<h3 id="m30">amazon1.Project_1.Testcase9_Verify_items_addToshoppingcart_from_productpage#Verify_item_addtoshoppingcart</h3><table class="result"><tr><th>Messages</th></tr><tr><td><div class="messages">Testcase passed</div></td></tr></table><p class="totop"><a href="#summary">back to summary</a></p>
</body>
</html>
