<!DOCTYPE html>

<html>
  <head>
  <meta charset='utf-8'>
  <title>TestNG reports</title>

    <link type="text/css" href="testng-reports1.css" rel="stylesheet" id="ultra" />
    <link type="text/css" href="testng-reports.css" rel="stylesheet" id="retro" disabled="false"/>
    <script type="text/javascript" src="jquery.min.js"></script>
    <script type="text/javascript" src="testng-reports.js"></script>
    <script type="text/javascript" src="https://www.google.com/jsapi"></script>
    <script type='text/javascript'>
      google.load('visualization', '1', {packages:['table']});
      google.setOnLoadCallback(drawTable);
      var suiteTableInitFunctions = new Array();
      var suiteTableData = new Array();
    </script>
    <!--
      <script type="text/javascript" src="jquery-ui/js/jquery-ui-1.8.16.custom.min.js"></script>
     -->
  </head>

  <body>
    <div class="top-banner-root">
      <span class="top-banner-title-font">Test results</span>
      <button id="button" class="button">Switch Retro Theme</button> <!-- button -->
      <br/>
      <span class="top-banner-font-1">1 suite, 4 failed tests</span>
    </div> <!-- top-banner-root -->
    <div class="navigator-root">
      <div class="navigator-suite-header">
        <span>All suites</span>
        <a href="#" title="Collapse/expand all the suites" class="collapse-all-link">
          <img src="collapseall.gif" class="collapse-all-icon">
          </img> <!-- collapse-all-icon -->
        </a> <!-- collapse-all-link -->
      </div> <!-- navigator-suite-header -->
      <div class="suite">
        <div class="rounded-window">
          <div class="suite-header light-rounded-window-top">
            <a href="#" panel-name="suite-Suite" class="navigator-link">
              <span class="suite-name border-failed">Suite</span>
            </a> <!-- navigator-link -->
          </div> <!-- suite-header light-rounded-window-top -->
          <div class="navigator-suite-content">
            <div class="suite-section-title">
              <span>Info</span>
            </div> <!-- suite-section-title -->
            <div class="suite-section-content">
              <ul>
                <li>
                  <a href="#" panel-name="test-xml-Suite" class="navigator-link ">
                    <span>C:\Users\kales\eclipse-workspace\Project_1\testng.xml</span>
                  </a> <!-- navigator-link  -->
                </li>
                <li>
                  <a href="#" panel-name="testlist-Suite" class="navigator-link ">
                    <span class="test-stats">1 test</span>
                  </a> <!-- navigator-link  -->
                </li>
                <li>
                  <a href="#" panel-name="group-Suite" class="navigator-link ">
                    <span>0 groups</span>
                  </a> <!-- navigator-link  -->
                </li>
                <li>
                  <a href="#" panel-name="times-Suite" class="navigator-link ">
                    <span>Times</span>
                  </a> <!-- navigator-link  -->
                </li>
                <li>
                  <a href="#" panel-name="reporter-Suite" class="navigator-link ">
                    <span>Reporter output</span>
                  </a> <!-- navigator-link  -->
                </li>
                <li>
                  <a href="#" panel-name="ignored-methods-Suite" class="navigator-link ">
                    <span>Ignored methods</span>
                  </a> <!-- navigator-link  -->
                </li>
                <li>
                  <a href="#" panel-name="chronological-Suite" class="navigator-link ">
                    <span>Chronological view</span>
                  </a> <!-- navigator-link  -->
                </li>
              </ul>
            </div> <!-- suite-section-content -->
            <div class="result-section">
              <div class="suite-section-title">
                <span>Results</span>
              </div> <!-- suite-section-title -->
              <div class="suite-section-content">
                <ul>
                  <li>
                    <span class="method-stats">19 methods, 4 failed,  5 skipped,  10 passed</span>
                  </li>
                  <li>
                    <span class="method-list-title failed">Failed methods</span>
                    <span class="show-or-hide-methods failed">
                      <a href="#" panel-name="suite-Suite" class="hide-methods failed suite-Suite"> (hide)</a> <!-- hide-methods failed suite-Suite -->
                      <a href="#" panel-name="suite-Suite" class="show-methods failed suite-Suite"> (show)</a> <!-- show-methods failed suite-Suite -->
                    </span>
                    <div class="method-list-content failed suite-Suite">
                      <span>
                        <img src="failed.png" width="3%"/>
                        <a href="#" panel-name="suite-Suite" title="amazon1.Project_1.Testcase1_Newuser_successfully_register" class="method navigator-link" hash-for-method="NewUser_registration">NewUser_registration</a> <!-- method navigator-link -->
                      </span>
                      <br/>
                      <span>
                        <img src="failed.png" width="3%"/>
                        <a href="#" panel-name="suite-Suite" title="amazon1.Project_1.Testcase15_Reach_till_cartpage_withoutlogin" class="method navigator-link" hash-for-method="Reach_till_cart_withoutLogin">Reach_till_cart_withoutLogin</a> <!-- method navigator-link -->
                      </span>
                      <br/>
                      <span>
                        <img src="failed.png" width="3%"/>
                        <a href="#" panel-name="suite-Suite" title="amazon1.Project_1.Testcase12_CheckIfUser_SelectPaymentMethod" class="method navigator-link" hash-for-method="checkout_process">checkout_process</a> <!-- method navigator-link -->
                      </span>
                      <br/>
                      <span>
                        <img src="failed.png" width="3%"/>
                        <a href="#" panel-name="suite-Suite" title="amazon1.Project_1.Testcase11_ValidateEntireCheckout_Address_Payment_order_review" class="method navigator-link" hash-for-method="checkout_process">checkout_process</a> <!-- method navigator-link -->
                      </span>
                      <br/>
                    </div> <!-- method-list-content failed suite-Suite -->
                  </li>
                  <li>
                    <span class="method-list-title skipped">Retried methods</span>
                    <span class="show-or-hide-methods skipped">
                      <a href="#" panel-name="suite-Suite" class="hide-methods skipped suite-Suite"> (hide)</a> <!-- hide-methods skipped suite-Suite -->
                      <a href="#" panel-name="suite-Suite" class="show-methods skipped suite-Suite"> (show)</a> <!-- show-methods skipped suite-Suite -->
                    </span>
                    <div class="method-list-content skipped suite-Suite">
                      <span>
                        <img src="skipped.png" width="3%"/>
                        <a href="#" panel-name="suite-Suite" title="amazon1.Project_1.Testcase8_Check_Productsort_Relevance_price_rating" class="method navigator-link" hash-for-method="Check_productsort">Check_productsort</a> <!-- method navigator-link -->
                      </span>
                      <br/>
                      <span>
                        <img src="skipped.png" width="3%"/>
                        <a href="#" panel-name="suite-Suite" title="amazon1.Project_1.Testcase1_Newuser_successfully_register" class="method navigator-link" hash-for-method="NewUser_registration">NewUser_registration</a> <!-- method navigator-link -->
                      </span>
                      <br/>
                      <span>
                        <img src="skipped.png" width="3%"/>
                        <a href="#" panel-name="suite-Suite" title="amazon1.Project_1.Testcase15_Reach_till_cartpage_withoutlogin" class="method navigator-link" hash-for-method="Reach_till_cart_withoutLogin">Reach_till_cart_withoutLogin</a> <!-- method navigator-link -->
                      </span>
                      <br/>
                      <span>
                        <img src="skipped.png" width="3%"/>
                        <a href="#" panel-name="suite-Suite" title="amazon1.Project_1.Testcase12_CheckIfUser_SelectPaymentMethod" class="method navigator-link" hash-for-method="checkout_process">checkout_process</a> <!-- method navigator-link -->
                      </span>
                      <br/>
                      <span>
                        <img src="skipped.png" width="3%"/>
                        <a href="#" panel-name="suite-Suite" title="amazon1.Project_1.Testcase11_ValidateEntireCheckout_Address_Payment_order_review" class="method navigator-link" hash-for-method="checkout_process">checkout_process</a> <!-- method navigator-link -->
                      </span>
                      <br/>
                    </div> <!-- method-list-content skipped suite-Suite -->
                  </li>
                  <li>
                    <span class="method-list-title passed">Passed methods</span>
                    <span class="show-or-hide-methods passed">
                      <a href="#" panel-name="suite-Suite" class="hide-methods passed suite-Suite"> (hide)</a> <!-- hide-methods passed suite-Suite -->
                      <a href="#" panel-name="suite-Suite" class="show-methods passed suite-Suite"> (show)</a> <!-- show-methods passed suite-Suite -->
                    </span>
                    <div class="method-list-content passed suite-Suite">
                      <span>
                        <img src="passed.png" width="3%"/>
                        <a href="#" panel-name="suite-Suite" title="amazon1.Project_1.Testcase8_Check_Productsort_Relevance_price_rating" class="method navigator-link" hash-for-method="Check_productsort">Check_productsort</a> <!-- method navigator-link -->
                      </span>
                      <br/>
                      <span>
                        <img src="passed.png" width="3%"/>
                        <a href="#" panel-name="suite-Suite" title="amazon1.Project_1.Testcase2_Login_verify_correctUn_Pwd" class="method navigator-link" hash-for-method="Login_verify">Login_verify</a> <!-- method navigator-link -->
                      </span>
                      <br/>
                      <span>
                        <img src="passed.png" width="3%"/>
                        <a href="#" panel-name="suite-Suite" title="amazon1.Project_1.Testcase3_Login_wrong_username_pwd" class="method navigator-link" hash-for-method="Login_wrong_un_pwd">Login_wrong_un_pwd</a> <!-- method navigator-link -->
                      </span>
                      <br/>
                      <span>
                        <img src="passed.png" width="3%"/>
                        <a href="#" panel-name="suite-Suite" title="amazon1.Project_1.Testcase9_Verify_items_addToshoppingcart_from_productpage" class="method navigator-link" hash-for-method="Verify_item_addtoshoppingcart">Verify_item_addtoshoppingcart</a> <!-- method navigator-link -->
                      </span>
                      <br/>
                      <span>
                        <img src="passed.png" width="3%"/>
                        <a href="#" panel-name="suite-Suite" title="amazon1.Project_1.Testcase7_ensure_productdetailspage_displays_all_info" class="method navigator-link" hash-for-method="ensure_productdetails_display">ensure_productdetails_display</a> <!-- method navigator-link -->
                      </span>
                      <br/>
                      <span>
                        <img src="passed.png" width="3%"/>
                        <a href="#" panel-name="suite-Suite" title="amazon1.Project_1.Testcase14_Goto_Orderpage_give_fivestarrating_onlastorder" class="method navigator-link" hash-for-method="give_ratings_on_previous_orders">give_ratings_on_previous_orders</a> <!-- method navigator-link -->
                      </span>
                      <br/>
                      <span>
                        <img src="passed.png" width="3%"/>
                        <a href="#" panel-name="suite-Suite" title="amazon1.Project_1.Testcase6_Verify_search_using_filters" class="method navigator-link" hash-for-method="search_product_apply_filters">search_product_apply_filters</a> <!-- method navigator-link -->
                      </span>
                      <br/>
                      <span>
                        <img src="passed.png" width="3%"/>
                        <a href="#" panel-name="suite-Suite" title="amazon1.Project_1.Testcase5_searchProduct_likeshoe" class="method navigator-link" hash-for-method="signin_search_shoes">signin_search_shoes</a> <!-- method navigator-link -->
                      </span>
                      <br/>
                      <span>
                        <img src="passed.png" width="3%"/>
                        <a href="#" panel-name="suite-Suite" title="amazon1.Project_1.Testcase10_UpdateItemsQuantities_remove_item_from_cart" class="method navigator-link" hash-for-method="updateaddedItemsQuantity_remove_from_cart">updateaddedItemsQuantity_remove_from_cart</a> <!-- method navigator-link -->
                      </span>
                      <br/>
                      <span>
                        <img src="passed.png" width="3%"/>
                        <a href="#" panel-name="suite-Suite" title="amazon1.Project_1.Testcase4_User_Successfully_edit_profile_info" class="method navigator-link" hash-for-method="user_can_edit_profile_info">user_can_edit_profile_info</a> <!-- method navigator-link -->
                      </span>
                      <br/>
                    </div> <!-- method-list-content passed suite-Suite -->
                  </li>
                </ul>
              </div> <!-- suite-section-content -->
            </div> <!-- result-section -->
          </div> <!-- navigator-suite-content -->
        </div> <!-- rounded-window -->
      </div> <!-- suite -->
    </div> <!-- navigator-root -->
    <div class="wrapper">
      <div class="main-panel-root">
        <div panel-name="suite-Suite" class="panel Suite">
          <div class="suite-Suite-class-failed">
            <div class="main-panel-header rounded-window-top">
              <img src="failed.png"/>
              <span class="class-name">amazon1.Project_1.Testcase11_ValidateEntireCheckout_Address_Payment_order_review</span>
            </div> <!-- main-panel-header rounded-window-top -->
            <div class="main-panel-content rounded-window-bottom">
              <div class="method">
                <div class="method-content">
                  <a name="checkout_process">
                  </a> <!-- checkout_process -->
                  <span class="method-name">checkout_process</span>
                  <div class="stack-trace">org.openqa.selenium.NoSuchElementException: no such element: Unable to locate element: {&quot;method&quot;:&quot;xpath&quot;,&quot;selector&quot;:&quot;//input[@value=&apos;Proceed to checkout&apos;]&quot;}
  (Session info: MicrosoftEdge=132.0.2957.127)
For documentation on this error, please visit: https://www.selenium.dev/documentation/webdriver/troubleshooting/errors#no-such-element-exception
Build info: version: &apos;4.27.0&apos;, revision: &apos;d6e718d134&apos;
System info: os.name: &apos;Windows 11&apos;, os.arch: &apos;amd64&apos;, os.version: &apos;10.0&apos;, java.version: &apos;23&apos;
Driver info: org.openqa.selenium.edge.EdgeDriver
Command: [4734147e87aa2bbe547a86938fdffd19, findElement {value=//input[@value=&apos;Proceed to checkout&apos;], using=xpath}]
Capabilities {acceptInsecureCerts: false, browserName: MicrosoftEdge, browserVersion: 132.0.2957.127, fedcm:accounts: true, ms:edgeOptions: {debuggerAddress: localhost:58246}, msedge: {msedgedriverVersion: 132.0.2957.140 (a81e27b375d..., userDataDir: C:\Users\kales\AppData\Loca...}, networkConnectionEnabled: false, pageLoadStrategy: normal, platformName: windows, proxy: Proxy(), se:cdp: ws://localhost:58246/devtoo..., se:cdpVersion: 132.0.2957.127, setWindowRect: true, strictFileInteractability: false, timeouts: {implicit: 0, pageLoad: 300000, script: 30000}, unhandledPromptBehavior: dismiss and notify, webauthn:extension:credBlob: true, webauthn:extension:largeBlob: true, webauthn:extension:minPinLength: true, webauthn:extension:prf: true, webauthn:virtualAuthenticators: true}
Session ID: 4734147e87aa2bbe547a86938fdffd19
	at org.openqa.selenium.remote.ErrorCodec.decode(ErrorCodec.java:167)
	at org.openqa.selenium.remote.codec.w3c.W3CHttpResponseCodec.decode(W3CHttpResponseCodec.java:138)
	at org.openqa.selenium.remote.codec.w3c.W3CHttpResponseCodec.decode(W3CHttpResponseCodec.java:50)
	at org.openqa.selenium.remote.HttpCommandExecutor.execute(HttpCommandExecutor.java:190)
	at org.openqa.selenium.remote.service.DriverCommandExecutor.invokeExecute(DriverCommandExecutor.java:216)
	at org.openqa.selenium.remote.service.DriverCommandExecutor.execute(DriverCommandExecutor.java:174)
	at org.openqa.selenium.remote.RemoteWebDriver.execute(RemoteWebDriver.java:545)
	at org.openqa.selenium.remote.ElementLocation$ElementFinder$2.findElement(ElementLocation.java:165)
	at org.openqa.selenium.remote.ElementLocation.findElement(ElementLocation.java:59)
	at org.openqa.selenium.remote.RemoteWebDriver.findElement(RemoteWebDriver.java:368)
	at org.openqa.selenium.remote.RemoteWebDriver.findElement(RemoteWebDriver.java:362)
	at org.openqa.selenium.support.pagefactory.DefaultElementLocator.findElement(DefaultElementLocator.java:68)
	at org.openqa.selenium.support.pagefactory.internal.LocatingElementHandler.invoke(LocatingElementHandler.java:38)
	at jdk.proxy2/jdk.proxy2.$Proxy13.isDisplayed(Unknown Source)
	at amazon1.Project_1.Productpage.addtocart_drawing(Productpage.java:103)
	at amazon1.Project_1.Testcase11_ValidateEntireCheckout_Address_Payment_order_review.checkout_process(Testcase11_ValidateEntireCheckout_Address_Payment_order_review.java:26)
	at java.base/java.util.ArrayList.forEach(ArrayList.java:1597)
... Removed 28 stack frames
</div> <!-- stack-trace -->
                </div> <!-- method-content -->
              </div> <!-- method -->
            </div> <!-- main-panel-content rounded-window-bottom -->
          </div> <!-- suite-Suite-class-failed -->
          <div class="suite-Suite-class-failed">
            <div class="main-panel-header rounded-window-top">
              <img src="failed.png"/>
              <span class="class-name">amazon1.Project_1.Testcase1_Newuser_successfully_register</span>
            </div> <!-- main-panel-header rounded-window-top -->
            <div class="main-panel-content rounded-window-bottom">
              <div class="method">
                <div class="method-content">
                  <a name="NewUser_registration">
                  </a> <!-- NewUser_registration -->
                  <span class="method-name">NewUser_registration</span>
                  <div class="stack-trace">java.lang.NullPointerException: Cannot invoke &quot;org.openqa.selenium.WebDriver.getClass()&quot; because &quot;exceptionDriver&quot; is null
	at org.openqa.selenium.support.ui.WebDriverWait.timeoutException(WebDriverWait.java:85)
	at org.openqa.selenium.support.ui.FluentWait.until(FluentWait.java:228)
	at amazon1.Project_1.Loginpage.create_an_account(Loginpage.java:69)
	at amazon1.Project_1.Testcase1_Newuser_successfully_register.NewUser_registration(Testcase1_Newuser_successfully_register.java:21)
	at java.base/java.util.ArrayList.forEach(ArrayList.java:1597)
... Removed 25 stack frames
</div> <!-- stack-trace -->
                </div> <!-- method-content -->
              </div> <!-- method -->
            </div> <!-- main-panel-content rounded-window-bottom -->
          </div> <!-- suite-Suite-class-failed -->
          <div class="suite-Suite-class-failed">
            <div class="main-panel-header rounded-window-top">
              <img src="failed.png"/>
              <span class="class-name">amazon1.Project_1.Testcase15_Reach_till_cartpage_withoutlogin</span>
            </div> <!-- main-panel-header rounded-window-top -->
            <div class="main-panel-content rounded-window-bottom">
              <div class="method">
                <div class="method-content">
                  <a name="Reach_till_cart_withoutLogin">
                  </a> <!-- Reach_till_cart_withoutLogin -->
                  <span class="method-name">Reach_till_cart_withoutLogin</span>
                  <div class="stack-trace">java.lang.NullPointerException: Cannot invoke &quot;org.openqa.selenium.WebDriver.getClass()&quot; because &quot;exceptionDriver&quot; is null
	at org.openqa.selenium.support.ui.WebDriverWait.timeoutException(WebDriverWait.java:85)
	at org.openqa.selenium.support.ui.FluentWait.until(FluentWait.java:228)
	at amazon1.Project_1.Productpage.addtocart_drawing(Productpage.java:101)
	at amazon1.Project_1.Testcase15_Reach_till_cartpage_withoutlogin.Reach_till_cart_withoutLogin(Testcase15_Reach_till_cartpage_withoutlogin.java:17)
	at java.base/java.util.ArrayList.forEach(ArrayList.java:1597)
... Removed 25 stack frames
</div> <!-- stack-trace -->
                </div> <!-- method-content -->
              </div> <!-- method -->
            </div> <!-- main-panel-content rounded-window-bottom -->
          </div> <!-- suite-Suite-class-failed -->
          <div class="suite-Suite-class-failed">
            <div class="main-panel-header rounded-window-top">
              <img src="failed.png"/>
              <span class="class-name">amazon1.Project_1.Testcase12_CheckIfUser_SelectPaymentMethod</span>
            </div> <!-- main-panel-header rounded-window-top -->
            <div class="main-panel-content rounded-window-bottom">
              <div class="method">
                <div class="method-content">
                  <a name="checkout_process">
                  </a> <!-- checkout_process -->
                  <span class="method-name">checkout_process</span>
                  <div class="stack-trace">org.openqa.selenium.NoSuchElementException: no such element: Unable to locate element: {&quot;method&quot;:&quot;xpath&quot;,&quot;selector&quot;:&quot;//input[@value=&apos;Proceed to checkout&apos;]&quot;}
  (Session info: MicrosoftEdge=132.0.2957.127)
For documentation on this error, please visit: https://www.selenium.dev/documentation/webdriver/troubleshooting/errors#no-such-element-exception
Build info: version: &apos;4.27.0&apos;, revision: &apos;d6e718d134&apos;
System info: os.name: &apos;Windows 11&apos;, os.arch: &apos;amd64&apos;, os.version: &apos;10.0&apos;, java.version: &apos;23&apos;
Driver info: org.openqa.selenium.edge.EdgeDriver
Command: [ad613144b75cb165c030d1146c1852fc, findElement {value=//input[@value=&apos;Proceed to checkout&apos;], using=xpath}]
Capabilities {acceptInsecureCerts: false, browserName: MicrosoftEdge, browserVersion: 132.0.2957.127, fedcm:accounts: true, ms:edgeOptions: {debuggerAddress: localhost:57460}, msedge: {msedgedriverVersion: 132.0.2957.140 (a81e27b375d..., userDataDir: C:\Users\kales\AppData\Loca...}, networkConnectionEnabled: false, pageLoadStrategy: normal, platformName: windows, proxy: Proxy(), se:cdp: ws://localhost:57460/devtoo..., se:cdpVersion: 132.0.2957.127, setWindowRect: true, strictFileInteractability: false, timeouts: {implicit: 0, pageLoad: 300000, script: 30000}, unhandledPromptBehavior: dismiss and notify, webauthn:extension:credBlob: true, webauthn:extension:largeBlob: true, webauthn:extension:minPinLength: true, webauthn:extension:prf: true, webauthn:virtualAuthenticators: true}
Session ID: ad613144b75cb165c030d1146c1852fc
	at org.openqa.selenium.remote.ErrorCodec.decode(ErrorCodec.java:167)
	at org.openqa.selenium.remote.codec.w3c.W3CHttpResponseCodec.decode(W3CHttpResponseCodec.java:138)
	at org.openqa.selenium.remote.codec.w3c.W3CHttpResponseCodec.decode(W3CHttpResponseCodec.java:50)
	at org.openqa.selenium.remote.HttpCommandExecutor.execute(HttpCommandExecutor.java:190)
	at org.openqa.selenium.remote.service.DriverCommandExecutor.invokeExecute(DriverCommandExecutor.java:216)
	at org.openqa.selenium.remote.service.DriverCommandExecutor.execute(DriverCommandExecutor.java:174)
	at org.openqa.selenium.remote.RemoteWebDriver.execute(RemoteWebDriver.java:545)
	at org.openqa.selenium.remote.ElementLocation$ElementFinder$2.findElement(ElementLocation.java:165)
	at org.openqa.selenium.remote.ElementLocation.findElement(ElementLocation.java:59)
	at org.openqa.selenium.remote.RemoteWebDriver.findElement(RemoteWebDriver.java:368)
	at org.openqa.selenium.remote.RemoteWebDriver.findElement(RemoteWebDriver.java:362)
	at org.openqa.selenium.support.pagefactory.DefaultElementLocator.findElement(DefaultElementLocator.java:68)
	at org.openqa.selenium.support.pagefactory.internal.LocatingElementHandler.invoke(LocatingElementHandler.java:38)
	at jdk.proxy2/jdk.proxy2.$Proxy13.isDisplayed(Unknown Source)
	at amazon1.Project_1.Productpage.addtocart_drawing(Productpage.java:103)
	at amazon1.Project_1.Testcase12_CheckIfUser_SelectPaymentMethod.checkout_process(Testcase12_CheckIfUser_SelectPaymentMethod.java:26)
	at java.base/java.util.ArrayList.forEach(ArrayList.java:1597)
... Removed 28 stack frames
</div> <!-- stack-trace -->
                </div> <!-- method-content -->
              </div> <!-- method -->
            </div> <!-- main-panel-content rounded-window-bottom -->
          </div> <!-- suite-Suite-class-failed -->
          <div class="suite-Suite-class-skipped">
            <div class="main-panel-header rounded-window-top">
              <img src="skipped.png"/>
              <span class="class-name">amazon1.Project_1.Testcase11_ValidateEntireCheckout_Address_Payment_order_review</span>
            </div> <!-- main-panel-header rounded-window-top -->
            <div class="main-panel-content rounded-window-bottom">
              <div class="method">
                <div class="method-content">
                  <a name="checkout_process">
                  </a> <!-- checkout_process -->
                  <span class="method-name">checkout_process</span>
                  <div class="stack-trace">org.openqa.selenium.NoSuchElementException: no such element: Unable to locate element: {&quot;method&quot;:&quot;xpath&quot;,&quot;selector&quot;:&quot;//input[@value=&apos;Proceed to checkout&apos;]&quot;}
  (Session info: MicrosoftEdge=132.0.2957.127)
For documentation on this error, please visit: https://www.selenium.dev/documentation/webdriver/troubleshooting/errors#no-such-element-exception
Build info: version: &apos;4.27.0&apos;, revision: &apos;d6e718d134&apos;
System info: os.name: &apos;Windows 11&apos;, os.arch: &apos;amd64&apos;, os.version: &apos;10.0&apos;, java.version: &apos;23&apos;
Driver info: org.openqa.selenium.edge.EdgeDriver
Command: [5e28eaff4d8eb985535b55640a8d2028, findElement {value=//input[@value=&apos;Proceed to checkout&apos;], using=xpath}]
Capabilities {acceptInsecureCerts: false, browserName: MicrosoftEdge, browserVersion: 132.0.2957.127, fedcm:accounts: true, ms:edgeOptions: {debuggerAddress: localhost:57965}, msedge: {msedgedriverVersion: 132.0.2957.140 (a81e27b375d..., userDataDir: C:\Users\kales\AppData\Loca...}, networkConnectionEnabled: false, pageLoadStrategy: normal, platformName: windows, proxy: Proxy(), se:cdp: ws://localhost:57965/devtoo..., se:cdpVersion: 132.0.2957.127, setWindowRect: true, strictFileInteractability: false, timeouts: {implicit: 0, pageLoad: 300000, script: 30000}, unhandledPromptBehavior: dismiss and notify, webauthn:extension:credBlob: true, webauthn:extension:largeBlob: true, webauthn:extension:minPinLength: true, webauthn:extension:prf: true, webauthn:virtualAuthenticators: true}
Session ID: 5e28eaff4d8eb985535b55640a8d2028
	at org.openqa.selenium.remote.ErrorCodec.decode(ErrorCodec.java:167)
	at org.openqa.selenium.remote.codec.w3c.W3CHttpResponseCodec.decode(W3CHttpResponseCodec.java:138)
	at org.openqa.selenium.remote.codec.w3c.W3CHttpResponseCodec.decode(W3CHttpResponseCodec.java:50)
	at org.openqa.selenium.remote.HttpCommandExecutor.execute(HttpCommandExecutor.java:190)
	at org.openqa.selenium.remote.service.DriverCommandExecutor.invokeExecute(DriverCommandExecutor.java:216)
	at org.openqa.selenium.remote.service.DriverCommandExecutor.execute(DriverCommandExecutor.java:174)
	at org.openqa.selenium.remote.RemoteWebDriver.execute(RemoteWebDriver.java:545)
	at org.openqa.selenium.remote.ElementLocation$ElementFinder$2.findElement(ElementLocation.java:165)
	at org.openqa.selenium.remote.ElementLocation.findElement(ElementLocation.java:59)
	at org.openqa.selenium.remote.RemoteWebDriver.findElement(RemoteWebDriver.java:368)
	at org.openqa.selenium.remote.RemoteWebDriver.findElement(RemoteWebDriver.java:362)
	at org.openqa.selenium.support.pagefactory.DefaultElementLocator.findElement(DefaultElementLocator.java:68)
	at org.openqa.selenium.support.pagefactory.internal.LocatingElementHandler.invoke(LocatingElementHandler.java:38)
	at jdk.proxy2/jdk.proxy2.$Proxy13.isDisplayed(Unknown Source)
	at amazon1.Project_1.Productpage.addtocart_drawing(Productpage.java:103)
	at amazon1.Project_1.Testcase11_ValidateEntireCheckout_Address_Payment_order_review.checkout_process(Testcase11_ValidateEntireCheckout_Address_Payment_order_review.java:26)
	at java.base/java.util.ArrayList.forEach(ArrayList.java:1597)
... Removed 28 stack frames
</div> <!-- stack-trace -->
                </div> <!-- method-content -->
              </div> <!-- method -->
            </div> <!-- main-panel-content rounded-window-bottom -->
          </div> <!-- suite-Suite-class-skipped -->
          <div class="suite-Suite-class-skipped">
            <div class="main-panel-header rounded-window-top">
              <img src="skipped.png"/>
              <span class="class-name">amazon1.Project_1.Testcase1_Newuser_successfully_register</span>
            </div> <!-- main-panel-header rounded-window-top -->
            <div class="main-panel-content rounded-window-bottom">
              <div class="method">
                <div class="method-content">
                  <a name="NewUser_registration">
                  </a> <!-- NewUser_registration -->
                  <span class="method-name">NewUser_registration</span>
                  <div class="stack-trace">java.lang.NullPointerException: Cannot invoke &quot;org.openqa.selenium.WebDriver.getClass()&quot; because &quot;exceptionDriver&quot; is null
	at org.openqa.selenium.support.ui.WebDriverWait.timeoutException(WebDriverWait.java:85)
	at org.openqa.selenium.support.ui.FluentWait.until(FluentWait.java:228)
	at amazon1.Project_1.Loginpage.create_an_account(Loginpage.java:69)
	at amazon1.Project_1.Testcase1_Newuser_successfully_register.NewUser_registration(Testcase1_Newuser_successfully_register.java:21)
	at java.base/java.util.ArrayList.forEach(ArrayList.java:1597)
... Removed 25 stack frames
</div> <!-- stack-trace -->
                </div> <!-- method-content -->
              </div> <!-- method -->
            </div> <!-- main-panel-content rounded-window-bottom -->
          </div> <!-- suite-Suite-class-skipped -->
          <div class="suite-Suite-class-skipped">
            <div class="main-panel-header rounded-window-top">
              <img src="skipped.png"/>
              <span class="class-name">amazon1.Project_1.Testcase15_Reach_till_cartpage_withoutlogin</span>
            </div> <!-- main-panel-header rounded-window-top -->
            <div class="main-panel-content rounded-window-bottom">
              <div class="method">
                <div class="method-content">
                  <a name="Reach_till_cart_withoutLogin">
                  </a> <!-- Reach_till_cart_withoutLogin -->
                  <span class="method-name">Reach_till_cart_withoutLogin</span>
                  <div class="stack-trace">java.lang.NullPointerException: Cannot invoke &quot;org.openqa.selenium.WebDriver.getClass()&quot; because &quot;exceptionDriver&quot; is null
	at org.openqa.selenium.support.ui.WebDriverWait.timeoutException(WebDriverWait.java:85)
	at org.openqa.selenium.support.ui.FluentWait.until(FluentWait.java:228)
	at amazon1.Project_1.Productpage.addtocart_drawing(Productpage.java:101)
	at amazon1.Project_1.Testcase15_Reach_till_cartpage_withoutlogin.Reach_till_cart_withoutLogin(Testcase15_Reach_till_cartpage_withoutlogin.java:17)
	at java.base/java.util.ArrayList.forEach(ArrayList.java:1597)
... Removed 25 stack frames
</div> <!-- stack-trace -->
                </div> <!-- method-content -->
              </div> <!-- method -->
            </div> <!-- main-panel-content rounded-window-bottom -->
          </div> <!-- suite-Suite-class-skipped -->
          <div class="suite-Suite-class-skipped">
            <div class="main-panel-header rounded-window-top">
              <img src="skipped.png"/>
              <span class="class-name">amazon1.Project_1.Testcase8_Check_Productsort_Relevance_price_rating</span>
            </div> <!-- main-panel-header rounded-window-top -->
            <div class="main-panel-content rounded-window-bottom">
              <div class="method">
                <div class="method-content">
                  <a name="Check_productsort">
                  </a> <!-- Check_productsort -->
                  <span class="method-name">Check_productsort</span>
                  <div class="stack-trace">java.lang.NullPointerException: Cannot invoke &quot;org.openqa.selenium.WebDriver.getClass()&quot; because &quot;exceptionDriver&quot; is null
	at org.openqa.selenium.support.ui.WebDriverWait.timeoutException(WebDriverWait.java:85)
	at org.openqa.selenium.support.ui.FluentWait.until(FluentWait.java:228)
	at amazon1.Project_1.Homepage.search_product2(Homepage.java:107)
	at amazon1.Project_1.Testcase8_Check_Productsort_Relevance_price_rating.Check_productsort(Testcase8_Check_Productsort_Relevance_price_rating.java:23)
	at java.base/java.util.ArrayList.forEach(ArrayList.java:1597)
... Removed 25 stack frames
</div> <!-- stack-trace -->
                </div> <!-- method-content -->
              </div> <!-- method -->
            </div> <!-- main-panel-content rounded-window-bottom -->
          </div> <!-- suite-Suite-class-skipped -->
          <div class="suite-Suite-class-skipped">
            <div class="main-panel-header rounded-window-top">
              <img src="skipped.png"/>
              <span class="class-name">amazon1.Project_1.Testcase12_CheckIfUser_SelectPaymentMethod</span>
            </div> <!-- main-panel-header rounded-window-top -->
            <div class="main-panel-content rounded-window-bottom">
              <div class="method">
                <div class="method-content">
                  <a name="checkout_process">
                  </a> <!-- checkout_process -->
                  <span class="method-name">checkout_process</span>
                  <div class="stack-trace">org.openqa.selenium.NoSuchElementException: no such element: Unable to locate element: {&quot;method&quot;:&quot;xpath&quot;,&quot;selector&quot;:&quot;//input[@value=&apos;Proceed to checkout&apos;]&quot;}
  (Session info: MicrosoftEdge=132.0.2957.127)
For documentation on this error, please visit: https://www.selenium.dev/documentation/webdriver/troubleshooting/errors#no-such-element-exception
Build info: version: &apos;4.27.0&apos;, revision: &apos;d6e718d134&apos;
System info: os.name: &apos;Windows 11&apos;, os.arch: &apos;amd64&apos;, os.version: &apos;10.0&apos;, java.version: &apos;23&apos;
Driver info: org.openqa.selenium.edge.EdgeDriver
Command: [5545a8538b682baaeab4bc851f400859, findElement {value=//input[@value=&apos;Proceed to checkout&apos;], using=xpath}]
Capabilities {acceptInsecureCerts: false, browserName: MicrosoftEdge, browserVersion: 132.0.2957.127, fedcm:accounts: true, ms:edgeOptions: {debuggerAddress: localhost:57352}, msedge: {msedgedriverVersion: 132.0.2957.140 (a81e27b375d..., userDataDir: C:\Users\kales\AppData\Loca...}, networkConnectionEnabled: false, pageLoadStrategy: normal, platformName: windows, proxy: Proxy(), se:cdp: ws://localhost:57352/devtoo..., se:cdpVersion: 132.0.2957.127, setWindowRect: true, strictFileInteractability: false, timeouts: {implicit: 0, pageLoad: 300000, script: 30000}, unhandledPromptBehavior: dismiss and notify, webauthn:extension:credBlob: true, webauthn:extension:largeBlob: true, webauthn:extension:minPinLength: true, webauthn:extension:prf: true, webauthn:virtualAuthenticators: true}
Session ID: 5545a8538b682baaeab4bc851f400859
	at org.openqa.selenium.remote.ErrorCodec.decode(ErrorCodec.java:167)
	at org.openqa.selenium.remote.codec.w3c.W3CHttpResponseCodec.decode(W3CHttpResponseCodec.java:138)
	at org.openqa.selenium.remote.codec.w3c.W3CHttpResponseCodec.decode(W3CHttpResponseCodec.java:50)
	at org.openqa.selenium.remote.HttpCommandExecutor.execute(HttpCommandExecutor.java:190)
	at org.openqa.selenium.remote.service.DriverCommandExecutor.invokeExecute(DriverCommandExecutor.java:216)
	at org.openqa.selenium.remote.service.DriverCommandExecutor.execute(DriverCommandExecutor.java:174)
	at org.openqa.selenium.remote.RemoteWebDriver.execute(RemoteWebDriver.java:545)
	at org.openqa.selenium.remote.ElementLocation$ElementFinder$2.findElement(ElementLocation.java:165)
	at org.openqa.selenium.remote.ElementLocation.findElement(ElementLocation.java:59)
	at org.openqa.selenium.remote.RemoteWebDriver.findElement(RemoteWebDriver.java:368)
	at org.openqa.selenium.remote.RemoteWebDriver.findElement(RemoteWebDriver.java:362)
	at org.openqa.selenium.support.pagefactory.DefaultElementLocator.findElement(DefaultElementLocator.java:68)
	at org.openqa.selenium.support.pagefactory.internal.LocatingElementHandler.invoke(LocatingElementHandler.java:38)
	at jdk.proxy2/jdk.proxy2.$Proxy13.isDisplayed(Unknown Source)
	at amazon1.Project_1.Productpage.addtocart_drawing(Productpage.java:103)
	at amazon1.Project_1.Testcase12_CheckIfUser_SelectPaymentMethod.checkout_process(Testcase12_CheckIfUser_SelectPaymentMethod.java:26)
	at java.base/java.util.ArrayList.forEach(ArrayList.java:1597)
... Removed 28 stack frames
</div> <!-- stack-trace -->
                </div> <!-- method-content -->
              </div> <!-- method -->
            </div> <!-- main-panel-content rounded-window-bottom -->
          </div> <!-- suite-Suite-class-skipped -->
          <div class="suite-Suite-class-passed">
            <div class="main-panel-header rounded-window-top">
              <img src="passed.png"/>
              <span class="class-name">amazon1.Project_1.Testcase9_Verify_items_addToshoppingcart_from_productpage</span>
            </div> <!-- main-panel-header rounded-window-top -->
            <div class="main-panel-content rounded-window-bottom">
              <div class="method">
                <div class="method-content">
                  <a name="Verify_item_addtoshoppingcart">
                  </a> <!-- Verify_item_addtoshoppingcart -->
                  <span class="method-name">Verify_item_addtoshoppingcart</span>
                </div> <!-- method-content -->
              </div> <!-- method -->
            </div> <!-- main-panel-content rounded-window-bottom -->
          </div> <!-- suite-Suite-class-passed -->
          <div class="suite-Suite-class-passed">
            <div class="main-panel-header rounded-window-top">
              <img src="passed.png"/>
              <span class="class-name">amazon1.Project_1.Testcase4_User_Successfully_edit_profile_info</span>
            </div> <!-- main-panel-header rounded-window-top -->
            <div class="main-panel-content rounded-window-bottom">
              <div class="method">
                <div class="method-content">
                  <a name="user_can_edit_profile_info">
                  </a> <!-- user_can_edit_profile_info -->
                  <span class="method-name">user_can_edit_profile_info</span>
                </div> <!-- method-content -->
              </div> <!-- method -->
            </div> <!-- main-panel-content rounded-window-bottom -->
          </div> <!-- suite-Suite-class-passed -->
          <div class="suite-Suite-class-passed">
            <div class="main-panel-header rounded-window-top">
              <img src="passed.png"/>
              <span class="class-name">amazon1.Project_1.Testcase5_searchProduct_likeshoe</span>
            </div> <!-- main-panel-header rounded-window-top -->
            <div class="main-panel-content rounded-window-bottom">
              <div class="method">
                <div class="method-content">
                  <a name="signin_search_shoes">
                  </a> <!-- signin_search_shoes -->
                  <span class="method-name">signin_search_shoes</span>
                </div> <!-- method-content -->
              </div> <!-- method -->
            </div> <!-- main-panel-content rounded-window-bottom -->
          </div> <!-- suite-Suite-class-passed -->
          <div class="suite-Suite-class-passed">
            <div class="main-panel-header rounded-window-top">
              <img src="passed.png"/>
              <span class="class-name">amazon1.Project_1.Testcase14_Goto_Orderpage_give_fivestarrating_onlastorder</span>
            </div> <!-- main-panel-header rounded-window-top -->
            <div class="main-panel-content rounded-window-bottom">
              <div class="method">
                <div class="method-content">
                  <a name="give_ratings_on_previous_orders">
                  </a> <!-- give_ratings_on_previous_orders -->
                  <span class="method-name">give_ratings_on_previous_orders</span>
                </div> <!-- method-content -->
              </div> <!-- method -->
            </div> <!-- main-panel-content rounded-window-bottom -->
          </div> <!-- suite-Suite-class-passed -->
          <div class="suite-Suite-class-passed">
            <div class="main-panel-header rounded-window-top">
              <img src="passed.png"/>
              <span class="class-name">amazon1.Project_1.Testcase3_Login_wrong_username_pwd</span>
            </div> <!-- main-panel-header rounded-window-top -->
            <div class="main-panel-content rounded-window-bottom">
              <div class="method">
                <div class="method-content">
                  <a name="Login_wrong_un_pwd">
                  </a> <!-- Login_wrong_un_pwd -->
                  <span class="method-name">Login_wrong_un_pwd</span>
                </div> <!-- method-content -->
              </div> <!-- method -->
            </div> <!-- main-panel-content rounded-window-bottom -->
          </div> <!-- suite-Suite-class-passed -->
          <div class="suite-Suite-class-passed">
            <div class="main-panel-header rounded-window-top">
              <img src="passed.png"/>
              <span class="class-name">amazon1.Project_1.Testcase8_Check_Productsort_Relevance_price_rating</span>
            </div> <!-- main-panel-header rounded-window-top -->
            <div class="main-panel-content rounded-window-bottom">
              <div class="method">
                <div class="method-content">
                  <a name="Check_productsort">
                  </a> <!-- Check_productsort -->
                  <span class="method-name">Check_productsort</span>
                </div> <!-- method-content -->
              </div> <!-- method -->
            </div> <!-- main-panel-content rounded-window-bottom -->
          </div> <!-- suite-Suite-class-passed -->
          <div class="suite-Suite-class-passed">
            <div class="main-panel-header rounded-window-top">
              <img src="passed.png"/>
              <span class="class-name">amazon1.Project_1.Testcase6_Verify_search_using_filters</span>
            </div> <!-- main-panel-header rounded-window-top -->
            <div class="main-panel-content rounded-window-bottom">
              <div class="method">
                <div class="method-content">
                  <a name="search_product_apply_filters">
                  </a> <!-- search_product_apply_filters -->
                  <span class="method-name">search_product_apply_filters</span>
                </div> <!-- method-content -->
              </div> <!-- method -->
            </div> <!-- main-panel-content rounded-window-bottom -->
          </div> <!-- suite-Suite-class-passed -->
          <div class="suite-Suite-class-passed">
            <div class="main-panel-header rounded-window-top">
              <img src="passed.png"/>
              <span class="class-name">amazon1.Project_1.Testcase10_UpdateItemsQuantities_remove_item_from_cart</span>
            </div> <!-- main-panel-header rounded-window-top -->
            <div class="main-panel-content rounded-window-bottom">
              <div class="method">
                <div class="method-content">
                  <a name="updateaddedItemsQuantity_remove_from_cart">
                  </a> <!-- updateaddedItemsQuantity_remove_from_cart -->
                  <span class="method-name">updateaddedItemsQuantity_remove_from_cart</span>
                </div> <!-- method-content -->
              </div> <!-- method -->
            </div> <!-- main-panel-content rounded-window-bottom -->
          </div> <!-- suite-Suite-class-passed -->
          <div class="suite-Suite-class-passed">
            <div class="main-panel-header rounded-window-top">
              <img src="passed.png"/>
              <span class="class-name">amazon1.Project_1.Testcase2_Login_verify_correctUn_Pwd</span>
            </div> <!-- main-panel-header rounded-window-top -->
            <div class="main-panel-content rounded-window-bottom">
              <div class="method">
                <div class="method-content">
                  <a name="Login_verify">
                  </a> <!-- Login_verify -->
                  <span class="method-name">Login_verify</span>
                </div> <!-- method-content -->
              </div> <!-- method -->
            </div> <!-- main-panel-content rounded-window-bottom -->
          </div> <!-- suite-Suite-class-passed -->
          <div class="suite-Suite-class-passed">
            <div class="main-panel-header rounded-window-top">
              <img src="passed.png"/>
              <span class="class-name">amazon1.Project_1.Testcase7_ensure_productdetailspage_displays_all_info</span>
            </div> <!-- main-panel-header rounded-window-top -->
            <div class="main-panel-content rounded-window-bottom">
              <div class="method">
                <div class="method-content">
                  <a name="ensure_productdetails_display">
                  </a> <!-- ensure_productdetails_display -->
                  <span class="method-name">ensure_productdetails_display</span>
                </div> <!-- method-content -->
              </div> <!-- method -->
            </div> <!-- main-panel-content rounded-window-bottom -->
          </div> <!-- suite-Suite-class-passed -->
        </div> <!-- panel Suite -->
        <div panel-name="test-xml-Suite" class="panel">
          <div class="main-panel-header rounded-window-top">
            <span class="header-content">C:\Users\kales\eclipse-workspace\Project_1\testng.xml</span>
          </div> <!-- main-panel-header rounded-window-top -->
          <div class="main-panel-content rounded-window-bottom">
            <pre>
&lt;?xml version=&quot;1.0&quot; encoding=&quot;UTF-8&quot;?&gt;
&lt;!DOCTYPE suite SYSTEM &quot;https://testng.org/testng-1.0.dtd&quot;&gt;
&lt;suite name=&quot;Suite&quot; guice-stage=&quot;DEVELOPMENT&quot;&gt;
  &lt;test thread-count=&quot;5&quot; name=&quot;Tests&quot;&gt;
    &lt;classes&gt;
      &lt;class name=&quot;amazon1.Project_1.Testcase4_User_Successfully_edit_profile_info&quot;/&gt;
      &lt;class name=&quot;amazon1.Project_1.Testcase7_ensure_productdetailspage_displays_all_info&quot;/&gt;
      &lt;class name=&quot;amazon1.Project_1.Testcase6_Verify_search_using_filters&quot;/&gt;
      &lt;class name=&quot;amazon1.Project_1.Testcase1_Newuser_successfully_register&quot;/&gt;
      &lt;class name=&quot;amazon1.Project_1.Testcase12_CheckIfUser_SelectPaymentMethod&quot;/&gt;
      &lt;class name=&quot;amazon1.Project_1.Testcase5_searchProduct_likeshoe&quot;/&gt;
      &lt;class name=&quot;amazon1.Project_1.Testcase9_Verify_items_addToshoppingcart_from_productpage&quot;/&gt;
      &lt;class name=&quot;amazon1.Project_1.Testcase11_ValidateEntireCheckout_Address_Payment_order_review&quot;/&gt;
      &lt;class name=&quot;amazon1.Project_1.Testcase10_UpdateItemsQuantities_remove_item_from_cart&quot;/&gt;
      &lt;class name=&quot;amazon1.Project_1.Testcase14_Goto_Orderpage_give_fivestarrating_onlastorder&quot;/&gt;
      &lt;class name=&quot;amazon1.Project_1.Testcase8_Check_Productsort_Relevance_price_rating&quot;/&gt;
      &lt;class name=&quot;amazon1.Project_1.Testcase2_Login_verify_correctUn_Pwd&quot;/&gt;
      &lt;class name=&quot;amazon1.Project_1.Testcase15_Reach_till_cartpage_withoutlogin&quot;/&gt;
      &lt;class name=&quot;amazon1.Project_1.Testcase3_Login_wrong_username_pwd&quot;/&gt;
    &lt;/classes&gt;
  &lt;/test&gt; &lt;!-- Tests --&gt;
&lt;/suite&gt; &lt;!-- Suite --&gt;
            </pre>
          </div> <!-- main-panel-content rounded-window-bottom -->
        </div> <!-- panel -->
        <div panel-name="testlist-Suite" class="panel">
          <div class="main-panel-header rounded-window-top">
            <span class="header-content">Tests for Suite</span>
          </div> <!-- main-panel-header rounded-window-top -->
          <div class="main-panel-content rounded-window-bottom">
            <ul>
              <li>
                <span class="test-name">Tests (14 classes)</span>
              </li>
            </ul>
          </div> <!-- main-panel-content rounded-window-bottom -->
        </div> <!-- panel -->
        <div panel-name="group-Suite" class="panel">
          <div class="main-panel-header rounded-window-top">
            <span class="header-content">Groups for Suite</span>
          </div> <!-- main-panel-header rounded-window-top -->
          <div class="main-panel-content rounded-window-bottom">
          </div> <!-- main-panel-content rounded-window-bottom -->
        </div> <!-- panel -->
        <div panel-name="times-Suite" class="panel">
          <div class="main-panel-header rounded-window-top">
            <span class="header-content">Times for Suite</span>
          </div> <!-- main-panel-header rounded-window-top -->
          <div class="main-panel-content rounded-window-bottom">
            <div class="times-div">
              <script type="text/javascript">
suiteTableInitFunctions.push('tableData_Suite');
function tableData_Suite() {
var data = new google.visualization.DataTable();
data.addColumn('number', 'Number');
data.addColumn('string', 'Method');
data.addColumn('string', 'Class');
data.addColumn('number', 'Time (ms)');
data.addRows(19);
data.setCell(0, 0, 0)
data.setCell(0, 1, 'updateaddedItemsQuantity_remove_from_cart')
data.setCell(0, 2, 'amazon1.Project_1.Testcase10_UpdateItemsQuantities_remove_item_from_cart')
data.setCell(0, 3, 48540);
data.setCell(1, 0, 1)
data.setCell(1, 1, 'Reach_till_cart_withoutLogin')
data.setCell(1, 2, 'amazon1.Project_1.Testcase15_Reach_till_cartpage_withoutlogin')
data.setCell(1, 3, 43065);
data.setCell(2, 0, 2)
data.setCell(2, 1, 'Reach_till_cart_withoutLogin')
data.setCell(2, 2, 'amazon1.Project_1.Testcase15_Reach_till_cartpage_withoutlogin')
data.setCell(2, 3, 42760);
data.setCell(3, 0, 3)
data.setCell(3, 1, 'Check_productsort')
data.setCell(3, 2, 'amazon1.Project_1.Testcase8_Check_Productsort_Relevance_price_rating')
data.setCell(3, 3, 41937);
data.setCell(4, 0, 4)
data.setCell(4, 1, 'NewUser_registration')
data.setCell(4, 2, 'amazon1.Project_1.Testcase1_Newuser_successfully_register')
data.setCell(4, 3, 40969);
data.setCell(5, 0, 5)
data.setCell(5, 1, 'NewUser_registration')
data.setCell(5, 2, 'amazon1.Project_1.Testcase1_Newuser_successfully_register')
data.setCell(5, 3, 40882);
data.setCell(6, 0, 6)
data.setCell(6, 1, 'Verify_item_addtoshoppingcart')
data.setCell(6, 2, 'amazon1.Project_1.Testcase9_Verify_items_addToshoppingcart_from_productpage')
data.setCell(6, 3, 11432);
data.setCell(7, 0, 7)
data.setCell(7, 1, 'ensure_productdetails_display')
data.setCell(7, 2, 'amazon1.Project_1.Testcase7_ensure_productdetailspage_displays_all_info')
data.setCell(7, 3, 9795);
data.setCell(8, 0, 8)
data.setCell(8, 1, 'checkout_process')
data.setCell(8, 2, 'amazon1.Project_1.Testcase12_CheckIfUser_SelectPaymentMethod')
data.setCell(8, 3, 9741);
data.setCell(9, 0, 9)
data.setCell(9, 1, 'checkout_process')
data.setCell(9, 2, 'amazon1.Project_1.Testcase11_ValidateEntireCheckout_Address_Payment_order_review')
data.setCell(9, 3, 9260);
data.setCell(10, 0, 10)
data.setCell(10, 1, 'checkout_process')
data.setCell(10, 2, 'amazon1.Project_1.Testcase12_CheckIfUser_SelectPaymentMethod')
data.setCell(10, 3, 9230);
data.setCell(11, 0, 11)
data.setCell(11, 1, 'checkout_process')
data.setCell(11, 2, 'amazon1.Project_1.Testcase11_ValidateEntireCheckout_Address_Payment_order_review')
data.setCell(11, 3, 9040);
data.setCell(12, 0, 12)
data.setCell(12, 1, 'search_product_apply_filters')
data.setCell(12, 2, 'amazon1.Project_1.Testcase6_Verify_search_using_filters')
data.setCell(12, 3, 8755);
data.setCell(13, 0, 13)
data.setCell(13, 1, 'give_ratings_on_previous_orders')
data.setCell(13, 2, 'amazon1.Project_1.Testcase14_Goto_Orderpage_give_fivestarrating_onlastorder')
data.setCell(13, 3, 5787);
data.setCell(14, 0, 14)
data.setCell(14, 1, 'Check_productsort')
data.setCell(14, 2, 'amazon1.Project_1.Testcase8_Check_Productsort_Relevance_price_rating')
data.setCell(14, 3, 5205);
data.setCell(15, 0, 15)
data.setCell(15, 1, 'user_can_edit_profile_info')
data.setCell(15, 2, 'amazon1.Project_1.Testcase4_User_Successfully_edit_profile_info')
data.setCell(15, 3, 5045);
data.setCell(16, 0, 16)
data.setCell(16, 1, 'signin_search_shoes')
data.setCell(16, 2, 'amazon1.Project_1.Testcase5_searchProduct_likeshoe')
data.setCell(16, 3, 3380);
data.setCell(17, 0, 17)
data.setCell(17, 1, 'Login_verify')
data.setCell(17, 2, 'amazon1.Project_1.Testcase2_Login_verify_correctUn_Pwd')
data.setCell(17, 3, 1886);
data.setCell(18, 0, 18)
data.setCell(18, 1, 'Login_wrong_un_pwd')
data.setCell(18, 2, 'amazon1.Project_1.Testcase3_Login_wrong_username_pwd')
data.setCell(18, 3, 1296);
window.suiteTableData['Suite']= { tableData: data, tableDiv: 'times-div-Suite'}
return data;
}
              </script>
              <span class="suite-total-time">Total running time: 5 minutes</span>
              <div id="times-div-Suite">
              </div> <!-- times-div-Suite -->
            </div> <!-- times-div -->
          </div> <!-- main-panel-content rounded-window-bottom -->
        </div> <!-- panel -->
        <div panel-name="reporter-Suite" class="panel">
          <div class="main-panel-header rounded-window-top">
            <span class="header-content">Reporter output for Suite</span>
          </div> <!-- main-panel-header rounded-window-top -->
          <div class="main-panel-content rounded-window-bottom">
          </div> <!-- main-panel-content rounded-window-bottom -->
        </div> <!-- panel -->
        <div panel-name="ignored-methods-Suite" class="panel">
          <div class="main-panel-header rounded-window-top">
            <span class="header-content">0 ignored methods</span>
          </div> <!-- main-panel-header rounded-window-top -->
          <div class="main-panel-content rounded-window-bottom">
          </div> <!-- main-panel-content rounded-window-bottom -->
        </div> <!-- panel -->
        <div panel-name="chronological-Suite" class="panel">
          <div class="main-panel-header rounded-window-top">
            <span class="header-content">Methods in chronological order</span>
          </div> <!-- main-panel-header rounded-window-top -->
          <div class="main-panel-content rounded-window-bottom">
            <div class="chronological-class">
              <div class="chronological-class-name">amazon1.Project_1.Testcase4_User_Successfully_edit_profile_info</div> <!-- chronological-class-name -->
              <div class="configuration-method before">
                <span class="method-name">launch1</span>
                <span class="method-start">0 ms</span>
              </div> <!-- configuration-method before -->
              <div class="test-method">
                <span class="method-name">user_can_edit_profile_info</span>
                <span class="method-start">4942 ms</span>
              </div> <!-- test-method -->
              <div class="configuration-method after">
                <span class="method-name">quit</span>
                <span class="method-start">9991 ms</span>
              </div> <!-- configuration-method after -->
            </div> <!-- chronological-class -->
            <div class="chronological-class">
              <div class="chronological-class-name">amazon1.Project_1.Testcase7_ensure_productdetailspage_displays_all_info</div> <!-- chronological-class-name -->
              <div class="configuration-method before">
                <span class="method-name">launch1</span>
                <span class="method-start">9994 ms</span>
              </div> <!-- configuration-method before -->
              <div class="test-method">
                <span class="method-name">ensure_productdetails_display</span>
                <span class="method-start">14097 ms</span>
              </div> <!-- test-method -->
              <div class="configuration-method after">
                <span class="method-name">quit</span>
                <span class="method-start">23893 ms</span>
              </div> <!-- configuration-method after -->
            </div> <!-- chronological-class -->
            <div class="chronological-class">
              <div class="chronological-class-name">amazon1.Project_1.Testcase6_Verify_search_using_filters</div> <!-- chronological-class-name -->
              <div class="configuration-method before">
                <span class="method-name">launch1</span>
                <span class="method-start">23894 ms</span>
              </div> <!-- configuration-method before -->
              <div class="test-method">
                <span class="method-name">search_product_apply_filters</span>
                <span class="method-start">28351 ms</span>
              </div> <!-- test-method -->
              <div class="configuration-method after">
                <span class="method-name">quit</span>
                <span class="method-start">37108 ms</span>
              </div> <!-- configuration-method after -->
            </div> <!-- chronological-class -->
            <div class="chronological-class">
              <div class="chronological-class-name">amazon1.Project_1.Testcase1_Newuser_successfully_register</div> <!-- chronological-class-name -->
              <div class="configuration-method before">
                <span class="method-name">launch1</span>
                <span class="method-start">37109 ms</span>
              </div> <!-- configuration-method before -->
              <div class="test-method">
                <span class="method-name">NewUser_registration</span>
                <span class="method-start">41750 ms</span>
              </div> <!-- test-method -->
              <div class="configuration-method before">
                <span class="method-name">launch1</span>
                <span class="method-start">82632 ms</span>
              </div> <!-- configuration-method before -->
              <div class="configuration-method after">
                <span class="method-name">quit</span>
                <span class="method-start">82632 ms</span>
              </div> <!-- configuration-method after -->
              <div class="test-method">
                <img src="failed.png">
                </img>
                <span class="method-name">NewUser_registration</span>
                <span class="method-start">87370 ms</span>
              </div> <!-- test-method -->
              <div class="configuration-method after">
                <span class="method-name">quit</span>
                <span class="method-start">128339 ms</span>
              </div> <!-- configuration-method after -->
            </div> <!-- chronological-class -->
            <div class="chronological-class">
              <div class="chronological-class-name">amazon1.Project_1.Testcase12_CheckIfUser_SelectPaymentMethod</div> <!-- chronological-class-name -->
              <div class="configuration-method before">
                <span class="method-name">launch1</span>
                <span class="method-start">128339 ms</span>
              </div> <!-- configuration-method before -->
              <div class="test-method">
                <span class="method-name">checkout_process</span>
                <span class="method-start">132902 ms</span>
              </div> <!-- test-method -->
              <div class="configuration-method before">
                <span class="method-name">launch1</span>
                <span class="method-start">142646 ms</span>
              </div> <!-- configuration-method before -->
              <div class="configuration-method after">
                <span class="method-name">quit</span>
                <span class="method-start">142646 ms</span>
              </div> <!-- configuration-method after -->
              <div class="test-method">
                <img src="failed.png">
                </img>
                <span class="method-name">checkout_process</span>
                <span class="method-start">147248 ms</span>
              </div> <!-- test-method -->
              <div class="configuration-method after">
                <span class="method-name">quit</span>
                <span class="method-start">156480 ms</span>
              </div> <!-- configuration-method after -->
            </div> <!-- chronological-class -->
            <div class="chronological-class">
              <div class="chronological-class-name">amazon1.Project_1.Testcase5_searchProduct_likeshoe</div> <!-- chronological-class-name -->
              <div class="configuration-method before">
                <span class="method-name">launch1</span>
                <span class="method-start">156481 ms</span>
              </div> <!-- configuration-method before -->
              <div class="test-method">
                <span class="method-name">signin_search_shoes</span>
                <span class="method-start">161081 ms</span>
              </div> <!-- test-method -->
            </div> <!-- chronological-class -->
            <div class="chronological-class">
              <div class="chronological-class-name">amazon1.Project_1.Testcase9_Verify_items_addToshoppingcart_from_productpage</div> <!-- chronological-class-name -->
              <div class="configuration-method before">
                <span class="method-name">launch1</span>
                <span class="method-start">164463 ms</span>
              </div> <!-- configuration-method before -->
            </div> <!-- chronological-class -->
            <div class="chronological-class">
              <div class="chronological-class-name">amazon1.Project_1.Testcase5_searchProduct_likeshoe</div> <!-- chronological-class-name -->
              <div class="configuration-method after">
                <span class="method-name">quit</span>
                <span class="method-start">164463 ms</span>
              </div> <!-- configuration-method after -->
            </div> <!-- chronological-class -->
            <div class="chronological-class">
              <div class="chronological-class-name">amazon1.Project_1.Testcase9_Verify_items_addToshoppingcart_from_productpage</div> <!-- chronological-class-name -->
              <div class="test-method">
                <span class="method-name">Verify_item_addtoshoppingcart</span>
                <span class="method-start">169108 ms</span>
              </div> <!-- test-method -->
              <div class="configuration-method after">
                <span class="method-name">quit</span>
                <span class="method-start">180540 ms</span>
              </div> <!-- configuration-method after -->
            </div> <!-- chronological-class -->
            <div class="chronological-class">
              <div class="chronological-class-name">amazon1.Project_1.Testcase11_ValidateEntireCheckout_Address_Payment_order_review</div> <!-- chronological-class-name -->
              <div class="configuration-method before">
                <span class="method-name">launch1</span>
                <span class="method-start">180541 ms</span>
              </div> <!-- configuration-method before -->
              <div class="test-method">
                <span class="method-name">checkout_process</span>
                <span class="method-start">185786 ms</span>
              </div> <!-- test-method -->
              <div class="configuration-method before">
                <span class="method-name">launch1</span>
                <span class="method-start">194827 ms</span>
              </div> <!-- configuration-method before -->
              <div class="configuration-method after">
                <span class="method-name">quit</span>
                <span class="method-start">194827 ms</span>
              </div> <!-- configuration-method after -->
              <div class="test-method">
                <img src="failed.png">
                </img>
                <span class="method-name">checkout_process</span>
                <span class="method-start">198902 ms</span>
              </div> <!-- test-method -->
              <div class="configuration-method after">
                <span class="method-name">quit</span>
                <span class="method-start">208163 ms</span>
              </div> <!-- configuration-method after -->
            </div> <!-- chronological-class -->
            <div class="chronological-class">
              <div class="chronological-class-name">amazon1.Project_1.Testcase10_UpdateItemsQuantities_remove_item_from_cart</div> <!-- chronological-class-name -->
              <div class="configuration-method before">
                <span class="method-name">launch1</span>
                <span class="method-start">208164 ms</span>
              </div> <!-- configuration-method before -->
              <div class="test-method">
                <span class="method-name">updateaddedItemsQuantity_remove_from_cart</span>
                <span class="method-start">212416 ms</span>
              </div> <!-- test-method -->
              <div class="configuration-method after">
                <span class="method-name">quit</span>
                <span class="method-start">260957 ms</span>
              </div> <!-- configuration-method after -->
            </div> <!-- chronological-class -->
            <div class="chronological-class">
              <div class="chronological-class-name">amazon1.Project_1.Testcase14_Goto_Orderpage_give_fivestarrating_onlastorder</div> <!-- chronological-class-name -->
              <div class="configuration-method before">
                <span class="method-name">launch1</span>
                <span class="method-start">260958 ms</span>
              </div> <!-- configuration-method before -->
              <div class="test-method">
                <span class="method-name">give_ratings_on_previous_orders</span>
                <span class="method-start">264978 ms</span>
              </div> <!-- test-method -->
              <div class="configuration-method after">
                <span class="method-name">quit</span>
                <span class="method-start">270765 ms</span>
              </div> <!-- configuration-method after -->
            </div> <!-- chronological-class -->
            <div class="chronological-class">
              <div class="chronological-class-name">amazon1.Project_1.Testcase8_Check_Productsort_Relevance_price_rating</div> <!-- chronological-class-name -->
              <div class="configuration-method before">
                <span class="method-name">launch1</span>
                <span class="method-start">270765 ms</span>
              </div> <!-- configuration-method before -->
              <div class="test-method">
                <span class="method-name">Check_productsort</span>
                <span class="method-start">275495 ms</span>
              </div> <!-- test-method -->
              <div class="configuration-method before">
                <span class="method-name">launch1</span>
                <span class="method-start">317432 ms</span>
              </div> <!-- configuration-method before -->
              <div class="configuration-method after">
                <span class="method-name">quit</span>
                <span class="method-start">317432 ms</span>
              </div> <!-- configuration-method after -->
              <div class="test-method">
                <span class="method-name">Check_productsort</span>
                <span class="method-start">321790 ms</span>
              </div> <!-- test-method -->
              <div class="configuration-method after">
                <span class="method-name">quit</span>
                <span class="method-start">326996 ms</span>
              </div> <!-- configuration-method after -->
            </div> <!-- chronological-class -->
            <div class="chronological-class">
              <div class="chronological-class-name">amazon1.Project_1.Testcase2_Login_verify_correctUn_Pwd</div> <!-- chronological-class-name -->
              <div class="configuration-method before">
                <span class="method-name">launch1</span>
                <span class="method-start">326996 ms</span>
              </div> <!-- configuration-method before -->
              <div class="test-method">
                <span class="method-name">Login_verify</span>
                <span class="method-start">331733 ms</span>
              </div> <!-- test-method -->
              <div class="configuration-method after">
                <span class="method-name">quit</span>
                <span class="method-start">333623 ms</span>
              </div> <!-- configuration-method after -->
            </div> <!-- chronological-class -->
            <div class="chronological-class">
              <div class="chronological-class-name">amazon1.Project_1.Testcase15_Reach_till_cartpage_withoutlogin</div> <!-- chronological-class-name -->
              <div class="configuration-method before">
                <span class="method-name">launch1</span>
                <span class="method-start">333623 ms</span>
              </div> <!-- configuration-method before -->
              <div class="test-method">
                <span class="method-name">Reach_till_cart_withoutLogin</span>
                <span class="method-start">337755 ms</span>
              </div> <!-- test-method -->
              <div class="configuration-method after">
                <span class="method-name">quit</span>
                <span class="method-start">380836 ms</span>
              </div> <!-- configuration-method after -->
              <div class="configuration-method before">
                <span class="method-name">launch1</span>
                <span class="method-start">380836 ms</span>
              </div> <!-- configuration-method before -->
              <div class="test-method">
                <img src="failed.png">
                </img>
                <span class="method-name">Reach_till_cart_withoutLogin</span>
                <span class="method-start">384817 ms</span>
              </div> <!-- test-method -->
              <div class="configuration-method after">
                <span class="method-name">quit</span>
                <span class="method-start">427593 ms</span>
              </div> <!-- configuration-method after -->
            </div> <!-- chronological-class -->
            <div class="chronological-class">
              <div class="chronological-class-name">amazon1.Project_1.Testcase3_Login_wrong_username_pwd</div> <!-- chronological-class-name -->
              <div class="configuration-method before">
                <span class="method-name">launch1</span>
                <span class="method-start">427593 ms</span>
              </div> <!-- configuration-method before -->
              <div class="test-method">
                <span class="method-name">Login_wrong_un_pwd</span>
                <span class="method-start">432093 ms</span>
              </div> <!-- test-method -->
              <div class="configuration-method after">
                <span class="method-name">quit</span>
                <span class="method-start">433389 ms</span>
              </div> <!-- configuration-method after -->
          </div> <!-- main-panel-content rounded-window-bottom -->
        </div> <!-- panel -->
      </div> <!-- main-panel-root -->
    </div> <!-- wrapper -->
  </body>
<script type="text/javascript" src="testng-reports2.js"></script>
</html>
