<?xml version="1.0" encoding="UTF-8"?>
<testng-results retried="5" ignored="0" total="19" passed="10" failed="4" skipped="0">
  <reporter-output>
  </reporter-output>
  <suite started-at="2025-02-03T22:48:23 CET" name="Suite" finished-at="2025-02-03T22:55:37 CET" duration-ms="433407">
    <groups>
    </groups>
    <test started-at="2025-02-03T22:48:23 CET" name="Tests" finished-at="2025-02-03T22:55:37 CET" duration-ms="433407">
      <class name="amazon1.Project_1.Testcase15_Reach_till_cartpage_withoutlogin">
        <test-method is-config="true" signature="launch1()[pri:0, instance:amazon1.Project_1.Testcase15_Reach_till_cartpage_withoutlogin@302552ec]" started-at="2025-02-03T22:53:57 CET" name="launch1" finished-at="2025-02-03T22:54:01 CET" duration-ms="4132" status="PASS">
          <reporter-output>
          </reporter-output>
        </test-method> <!-- launch1 -->
        <test-method retried="true" signature="Reach_till_cart_withoutLogin()[pri:0, instance:amazon1.Project_1.Testcase15_Reach_till_cartpage_withoutlogin@302552ec]" started-at="2025-02-03T22:54:01 CET" name="Reach_till_cart_withoutLogin" finished-at="2025-02-03T22:54:44 CET" duration-ms="43065" status="SKIP">
          <exception class="java.lang.NullPointerException">
            <message>
              <![CDATA[Cannot invoke "org.openqa.selenium.WebDriver.getClass()" because "exceptionDriver" is null]]>
            </message>
            <full-stacktrace>
              <![CDATA[java.lang.NullPointerException: Cannot invoke "org.openqa.selenium.WebDriver.getClass()" because "exceptionDriver" is null
at org.openqa.selenium.support.ui.WebDriverWait.timeoutException(WebDriverWait.java:85)
at org.openqa.selenium.support.ui.FluentWait.until(FluentWait.java:228)
at amazon1.Project_1.Productpage.addtocart_drawing(Productpage.java:101)
at amazon1.Project_1.Testcase15_Reach_till_cartpage_withoutlogin.Reach_till_cart_withoutLogin(Testcase15_Reach_till_cartpage_withoutlogin.java:17)
at java.base/jdk.internal.reflect.DirectMethodHandleAccessor.invoke(DirectMethodHandleAccessor.java:103)
at java.base/java.lang.reflect.Method.invoke(Method.java:580)
at org.testng.internal.MethodInvocationHelper.invokeMethod(MethodInvocationHelper.java:133)
at org.testng.internal.TestInvoker.invokeMethod(TestInvoker.java:598)
at org.testng.internal.TestInvoker.invokeTestMethod(TestInvoker.java:173)
at org.testng.internal.MethodRunner.runInSequence(MethodRunner.java:46)
at org.testng.internal.TestInvoker$MethodInvocationAgent.invoke(TestInvoker.java:824)
at org.testng.internal.TestInvoker.invokeTestMethods(TestInvoker.java:146)
at org.testng.internal.TestMethodWorker.invokeTestMethods(TestMethodWorker.java:146)
at org.testng.internal.TestMethodWorker.run(TestMethodWorker.java:128)
at java.base/java.util.ArrayList.forEach(ArrayList.java:1597)
at org.testng.TestRunner.privateRun(TestRunner.java:794)
at org.testng.TestRunner.run(TestRunner.java:596)
at org.testng.SuiteRunner.runTest(SuiteRunner.java:377)
at org.testng.SuiteRunner.runSequentially(SuiteRunner.java:371)
at org.testng.SuiteRunner.privateRun(SuiteRunner.java:332)
at org.testng.SuiteRunner.run(SuiteRunner.java:276)
at org.testng.SuiteRunnerWorker.runSuite(SuiteRunnerWorker.java:53)
at org.testng.SuiteRunnerWorker.run(SuiteRunnerWorker.java:96)
at org.testng.TestNG.runSuitesSequentially(TestNG.java:1212)
at org.testng.TestNG.runSuitesLocally(TestNG.java:1134)
at org.testng.TestNG.runSuites(TestNG.java:1063)
at org.testng.TestNG.run(TestNG.java:1031)
at org.testng.remote.AbstractRemoteTestNG.run(AbstractRemoteTestNG.java:115)
at org.testng.remote.RemoteTestNG.initAndRun(RemoteTestNG.java:293)
at org.testng.remote.RemoteTestNG.main(RemoteTestNG.java:91)
]]>
            </full-stacktrace>
          </exception> <!-- java.lang.NullPointerException -->
          <reporter-output>
          </reporter-output>
        </test-method> <!-- Reach_till_cart_withoutLogin -->
        <test-method is-config="true" signature="quit()[pri:0, instance:amazon1.Project_1.Testcase15_Reach_till_cartpage_withoutlogin@302552ec]" started-at="2025-02-03T22:54:44 CET" name="quit" finished-at="2025-02-03T22:54:44 CET" duration-ms="0" status="PASS">
          <reporter-output>
          </reporter-output>
        </test-method> <!-- quit -->
        <test-method is-config="true" signature="launch1()[pri:0, instance:amazon1.Project_1.Testcase15_Reach_till_cartpage_withoutlogin@302552ec]" started-at="2025-02-03T22:54:44 CET" name="launch1" finished-at="2025-02-03T22:54:48 CET" duration-ms="3981" status="PASS">
          <reporter-output>
          </reporter-output>
        </test-method> <!-- launch1 -->
        <test-method signature="Reach_till_cart_withoutLogin()[pri:0, instance:amazon1.Project_1.Testcase15_Reach_till_cartpage_withoutlogin@302552ec]" started-at="2025-02-03T22:54:48 CET" name="Reach_till_cart_withoutLogin" finished-at="2025-02-03T22:55:31 CET" duration-ms="42760" status="FAIL">
          <exception class="java.lang.NullPointerException">
            <message>
              <![CDATA[Cannot invoke "org.openqa.selenium.WebDriver.getClass()" because "exceptionDriver" is null]]>
            </message>
            <full-stacktrace>
              <![CDATA[java.lang.NullPointerException: Cannot invoke "org.openqa.selenium.WebDriver.getClass()" because "exceptionDriver" is null
at org.openqa.selenium.support.ui.WebDriverWait.timeoutException(WebDriverWait.java:85)
at org.openqa.selenium.support.ui.FluentWait.until(FluentWait.java:228)
at amazon1.Project_1.Productpage.addtocart_drawing(Productpage.java:101)
at amazon1.Project_1.Testcase15_Reach_till_cartpage_withoutlogin.Reach_till_cart_withoutLogin(Testcase15_Reach_till_cartpage_withoutlogin.java:17)
at java.base/jdk.internal.reflect.DirectMethodHandleAccessor.invoke(DirectMethodHandleAccessor.java:103)
at java.base/java.lang.reflect.Method.invoke(Method.java:580)
at org.testng.internal.MethodInvocationHelper.invokeMethod(MethodInvocationHelper.java:133)
at org.testng.internal.TestInvoker.invokeMethod(TestInvoker.java:598)
at org.testng.internal.TestInvoker.retryFailed(TestInvoker.java:213)
at org.testng.internal.MethodRunner.runInSequence(MethodRunner.java:58)
at org.testng.internal.TestInvoker$MethodInvocationAgent.invoke(TestInvoker.java:824)
at org.testng.internal.TestInvoker.invokeTestMethods(TestInvoker.java:146)
at org.testng.internal.TestMethodWorker.invokeTestMethods(TestMethodWorker.java:146)
at org.testng.internal.TestMethodWorker.run(TestMethodWorker.java:128)
at java.base/java.util.ArrayList.forEach(ArrayList.java:1597)
at org.testng.TestRunner.privateRun(TestRunner.java:794)
at org.testng.TestRunner.run(TestRunner.java:596)
at org.testng.SuiteRunner.runTest(SuiteRunner.java:377)
at org.testng.SuiteRunner.runSequentially(SuiteRunner.java:371)
at org.testng.SuiteRunner.privateRun(SuiteRunner.java:332)
at org.testng.SuiteRunner.run(SuiteRunner.java:276)
at org.testng.SuiteRunnerWorker.runSuite(SuiteRunnerWorker.java:53)
at org.testng.SuiteRunnerWorker.run(SuiteRunnerWorker.java:96)
at org.testng.TestNG.runSuitesSequentially(TestNG.java:1212)
at org.testng.TestNG.runSuitesLocally(TestNG.java:1134)
at org.testng.TestNG.runSuites(TestNG.java:1063)
at org.testng.TestNG.run(TestNG.java:1031)
at org.testng.remote.AbstractRemoteTestNG.run(AbstractRemoteTestNG.java:115)
at org.testng.remote.RemoteTestNG.initAndRun(RemoteTestNG.java:293)
at org.testng.remote.RemoteTestNG.main(RemoteTestNG.java:91)
]]>
            </full-stacktrace>
          </exception> <!-- java.lang.NullPointerException -->
          <reporter-output>
          </reporter-output>
        </test-method> <!-- Reach_till_cart_withoutLogin -->
        <test-method is-config="true" signature="quit()[pri:0, instance:amazon1.Project_1.Testcase15_Reach_till_cartpage_withoutlogin@302552ec]" started-at="2025-02-03T22:55:31 CET" name="quit" finished-at="2025-02-03T22:55:31 CET" duration-ms="0" status="PASS">
          <reporter-output>
          </reporter-output>
        </test-method> <!-- quit -->
      </class> <!-- amazon1.Project_1.Testcase15_Reach_till_cartpage_withoutlogin -->
      <class name="amazon1.Project_1.Testcase10_UpdateItemsQuantities_remove_item_from_cart">
        <test-method is-config="true" signature="launch1()[pri:0, instance:amazon1.Project_1.Testcase10_UpdateItemsQuantities_remove_item_from_cart@4b2bac3f]" started-at="2025-02-03T22:51:51 CET" name="launch1" finished-at="2025-02-03T22:51:56 CET" duration-ms="4252" status="PASS">
          <reporter-output>
          </reporter-output>
        </test-method> <!-- launch1 -->
        <test-method signature="updateaddedItemsQuantity_remove_from_cart()[pri:0, instance:amazon1.Project_1.Testcase10_UpdateItemsQuantities_remove_item_from_cart@4b2bac3f]" started-at="2025-02-03T22:51:56 CET" name="updateaddedItemsQuantity_remove_from_cart" finished-at="2025-02-03T22:52:44 CET" duration-ms="48540" status="PASS">
          <reporter-output>
          </reporter-output>
        </test-method> <!-- updateaddedItemsQuantity_remove_from_cart -->
        <test-method is-config="true" signature="quit()[pri:0, instance:amazon1.Project_1.Testcase10_UpdateItemsQuantities_remove_item_from_cart@4b2bac3f]" started-at="2025-02-03T22:52:44 CET" name="quit" finished-at="2025-02-03T22:52:44 CET" duration-ms="0" status="PASS">
          <reporter-output>
          </reporter-output>
        </test-method> <!-- quit -->
      </class> <!-- amazon1.Project_1.Testcase10_UpdateItemsQuantities_remove_item_from_cart -->
      <class name="amazon1.Project_1.Testcase2_Login_verify_correctUn_Pwd">
        <test-method is-config="true" signature="launch1()[pri:0, instance:amazon1.Project_1.Testcase2_Login_verify_correctUn_Pwd@26794848]" started-at="2025-02-03T22:53:50 CET" name="launch1" finished-at="2025-02-03T22:53:55 CET" duration-ms="4737" status="PASS">
          <reporter-output>
          </reporter-output>
        </test-method> <!-- launch1 -->
        <test-method signature="Login_verify()[pri:0, instance:amazon1.Project_1.Testcase2_Login_verify_correctUn_Pwd@26794848]" started-at="2025-02-03T22:53:55 CET" name="Login_verify" finished-at="2025-02-03T22:53:57 CET" duration-ms="1886" status="PASS">
          <reporter-output>
          </reporter-output>
        </test-method> <!-- Login_verify -->
        <test-method is-config="true" signature="quit()[pri:0, instance:amazon1.Project_1.Testcase2_Login_verify_correctUn_Pwd@26794848]" started-at="2025-02-03T22:53:57 CET" name="quit" finished-at="2025-02-03T22:53:57 CET" duration-ms="0" status="PASS">
          <reporter-output>
          </reporter-output>
        </test-method> <!-- quit -->
      </class> <!-- amazon1.Project_1.Testcase2_Login_verify_correctUn_Pwd -->
      <class name="amazon1.Project_1.Testcase14_Goto_Orderpage_give_fivestarrating_onlastorder">
        <test-method is-config="true" signature="launch1()[pri:0, instance:amazon1.Project_1.Testcase14_Goto_Orderpage_give_fivestarrating_onlastorder@4e08711f]" started-at="2025-02-03T22:52:44 CET" name="launch1" finished-at="2025-02-03T22:52:48 CET" duration-ms="4020" status="PASS">
          <reporter-output>
          </reporter-output>
        </test-method> <!-- launch1 -->
        <test-method signature="give_ratings_on_previous_orders()[pri:0, instance:amazon1.Project_1.Testcase14_Goto_Orderpage_give_fivestarrating_onlastorder@4e08711f]" started-at="2025-02-03T22:52:48 CET" name="give_ratings_on_previous_orders" finished-at="2025-02-03T22:52:54 CET" duration-ms="5787" status="PASS">
          <reporter-output>
          </reporter-output>
        </test-method> <!-- give_ratings_on_previous_orders -->
        <test-method is-config="true" signature="quit()[pri:0, instance:amazon1.Project_1.Testcase14_Goto_Orderpage_give_fivestarrating_onlastorder@4e08711f]" started-at="2025-02-03T22:52:54 CET" name="quit" finished-at="2025-02-03T22:52:54 CET" duration-ms="0" status="PASS">
          <reporter-output>
          </reporter-output>
        </test-method> <!-- quit -->
      </class> <!-- amazon1.Project_1.Testcase14_Goto_Orderpage_give_fivestarrating_onlastorder -->
      <class name="amazon1.Project_1.Testcase11_ValidateEntireCheckout_Address_Payment_order_review">
        <test-method is-config="true" signature="launch1()[pri:0, instance:amazon1.Project_1.Testcase11_ValidateEntireCheckout_Address_Payment_order_review@4d1c00d0]" started-at="2025-02-03T22:51:24 CET" name="launch1" finished-at="2025-02-03T22:51:29 CET" duration-ms="5245" status="PASS">
          <reporter-output>
          </reporter-output>
        </test-method> <!-- launch1 -->
        <test-method retried="true" signature="checkout_process()[pri:0, instance:amazon1.Project_1.Testcase11_ValidateEntireCheckout_Address_Payment_order_review@4d1c00d0]" started-at="2025-02-03T22:51:29 CET" name="checkout_process" finished-at="2025-02-03T22:51:38 CET" duration-ms="9040" status="SKIP">
          <exception class="org.openqa.selenium.NoSuchElementException">
            <message>
              <![CDATA[no such element: Unable to locate element: {"method":"xpath","selector":"//input[@value='Proceed to checkout']"}
  (Session info: MicrosoftEdge=132.0.2957.127)
For documentation on this error, please visit: https://www.selenium.dev/documentation/webdriver/troubleshooting/errors#no-such-element-exception
Build info: version: '4.27.0', revision: 'd6e718d134'
System info: os.name: 'Windows 11', os.arch: 'amd64', os.version: '10.0', java.version: '23'
Driver info: org.openqa.selenium.edge.EdgeDriver
Command: [5e28eaff4d8eb985535b55640a8d2028, findElement {value=//input[@value='Proceed to checkout'], using=xpath}]
Capabilities {acceptInsecureCerts: false, browserName: MicrosoftEdge, browserVersion: 132.0.2957.127, fedcm:accounts: true, ms:edgeOptions: {debuggerAddress: localhost:57965}, msedge: {msedgedriverVersion: 132.0.2957.140 (a81e27b375d..., userDataDir: C:\Users\kales\AppData\Loca...}, networkConnectionEnabled: false, pageLoadStrategy: normal, platformName: windows, proxy: Proxy(), se:cdp: ws://localhost:57965/devtoo..., se:cdpVersion: 132.0.2957.127, setWindowRect: true, strictFileInteractability: false, timeouts: {implicit: 0, pageLoad: 300000, script: 30000}, unhandledPromptBehavior: dismiss and notify, webauthn:extension:credBlob: true, webauthn:extension:largeBlob: true, webauthn:extension:minPinLength: true, webauthn:extension:prf: true, webauthn:virtualAuthenticators: true}
Session ID: 5e28eaff4d8eb985535b55640a8d2028]]>
            </message>
            <full-stacktrace>
              <![CDATA[org.openqa.selenium.NoSuchElementException: no such element: Unable to locate element: {"method":"xpath","selector":"//input[@value='Proceed to checkout']"}
  (Session info: MicrosoftEdge=132.0.2957.127)
For documentation on this error, please visit: https://www.selenium.dev/documentation/webdriver/troubleshooting/errors#no-such-element-exception
Build info: version: '4.27.0', revision: 'd6e718d134'
System info: os.name: 'Windows 11', os.arch: 'amd64', os.version: '10.0', java.version: '23'
Driver info: org.openqa.selenium.edge.EdgeDriver
Command: [5e28eaff4d8eb985535b55640a8d2028, findElement {value=//input[@value='Proceed to checkout'], using=xpath}]
Capabilities {acceptInsecureCerts: false, browserName: MicrosoftEdge, browserVersion: 132.0.2957.127, fedcm:accounts: true, ms:edgeOptions: {debuggerAddress: localhost:57965}, msedge: {msedgedriverVersion: 132.0.2957.140 (a81e27b375d..., userDataDir: C:\Users\kales\AppData\Loca...}, networkConnectionEnabled: false, pageLoadStrategy: normal, platformName: windows, proxy: Proxy(), se:cdp: ws://localhost:57965/devtoo..., se:cdpVersion: 132.0.2957.127, setWindowRect: true, strictFileInteractability: false, timeouts: {implicit: 0, pageLoad: 300000, script: 30000}, unhandledPromptBehavior: dismiss and notify, webauthn:extension:credBlob: true, webauthn:extension:largeBlob: true, webauthn:extension:minPinLength: true, webauthn:extension:prf: true, webauthn:virtualAuthenticators: true}
Session ID: 5e28eaff4d8eb985535b55640a8d2028
at java.base/jdk.internal.reflect.DirectConstructorHandleAccessor.newInstance(DirectConstructorHandleAccessor.java:62)
at java.base/java.lang.reflect.Constructor.newInstanceWithCaller(Constructor.java:501)
at java.base/java.lang.reflect.Constructor.newInstance(Constructor.java:485)
at org.openqa.selenium.remote.ErrorCodec.decode(ErrorCodec.java:167)
at org.openqa.selenium.remote.codec.w3c.W3CHttpResponseCodec.decode(W3CHttpResponseCodec.java:138)
at org.openqa.selenium.remote.codec.w3c.W3CHttpResponseCodec.decode(W3CHttpResponseCodec.java:50)
at org.openqa.selenium.remote.HttpCommandExecutor.execute(HttpCommandExecutor.java:190)
at org.openqa.selenium.remote.service.DriverCommandExecutor.invokeExecute(DriverCommandExecutor.java:216)
at org.openqa.selenium.remote.service.DriverCommandExecutor.execute(DriverCommandExecutor.java:174)
at org.openqa.selenium.remote.RemoteWebDriver.execute(RemoteWebDriver.java:545)
at org.openqa.selenium.remote.ElementLocation$ElementFinder$2.findElement(ElementLocation.java:165)
at org.openqa.selenium.remote.ElementLocation.findElement(ElementLocation.java:59)
at org.openqa.selenium.remote.RemoteWebDriver.findElement(RemoteWebDriver.java:368)
at org.openqa.selenium.remote.RemoteWebDriver.findElement(RemoteWebDriver.java:362)
at org.openqa.selenium.support.pagefactory.DefaultElementLocator.findElement(DefaultElementLocator.java:68)
at org.openqa.selenium.support.pagefactory.internal.LocatingElementHandler.invoke(LocatingElementHandler.java:38)
at jdk.proxy2/jdk.proxy2.$Proxy13.isDisplayed(Unknown Source)
at amazon1.Project_1.Productpage.addtocart_drawing(Productpage.java:103)
at amazon1.Project_1.Testcase11_ValidateEntireCheckout_Address_Payment_order_review.checkout_process(Testcase11_ValidateEntireCheckout_Address_Payment_order_review.java:26)
at java.base/jdk.internal.reflect.DirectMethodHandleAccessor.invoke(DirectMethodHandleAccessor.java:103)
at java.base/java.lang.reflect.Method.invoke(Method.java:580)
at org.testng.internal.MethodInvocationHelper.invokeMethod(MethodInvocationHelper.java:133)
at org.testng.internal.TestInvoker.invokeMethod(TestInvoker.java:598)
at org.testng.internal.TestInvoker.invokeTestMethod(TestInvoker.java:173)
at org.testng.internal.MethodRunner.runInSequence(MethodRunner.java:46)
at org.testng.internal.TestInvoker$MethodInvocationAgent.invoke(TestInvoker.java:824)
at org.testng.internal.TestInvoker.invokeTestMethods(TestInvoker.java:146)
at org.testng.internal.TestMethodWorker.invokeTestMethods(TestMethodWorker.java:146)
at org.testng.internal.TestMethodWorker.run(TestMethodWorker.java:128)
at java.base/java.util.ArrayList.forEach(ArrayList.java:1597)
at org.testng.TestRunner.privateRun(TestRunner.java:794)
at org.testng.TestRunner.run(TestRunner.java:596)
at org.testng.SuiteRunner.runTest(SuiteRunner.java:377)
at org.testng.SuiteRunner.runSequentially(SuiteRunner.java:371)
at org.testng.SuiteRunner.privateRun(SuiteRunner.java:332)
at org.testng.SuiteRunner.run(SuiteRunner.java:276)
at org.testng.SuiteRunnerWorker.runSuite(SuiteRunnerWorker.java:53)
at org.testng.SuiteRunnerWorker.run(SuiteRunnerWorker.java:96)
at org.testng.TestNG.runSuitesSequentially(TestNG.java:1212)
at org.testng.TestNG.runSuitesLocally(TestNG.java:1134)
at org.testng.TestNG.runSuites(TestNG.java:1063)
at org.testng.TestNG.run(TestNG.java:1031)
at org.testng.remote.AbstractRemoteTestNG.run(AbstractRemoteTestNG.java:115)
at org.testng.remote.RemoteTestNG.initAndRun(RemoteTestNG.java:293)
at org.testng.remote.RemoteTestNG.main(RemoteTestNG.java:91)
]]>
            </full-stacktrace>
          </exception> <!-- org.openqa.selenium.NoSuchElementException -->
          <reporter-output>
          </reporter-output>
        </test-method> <!-- checkout_process -->
        <test-method is-config="true" signature="launch1()[pri:0, instance:amazon1.Project_1.Testcase11_ValidateEntireCheckout_Address_Payment_order_review@4d1c00d0]" started-at="2025-02-03T22:51:38 CET" name="launch1" finished-at="2025-02-03T22:51:42 CET" duration-ms="4075" status="PASS">
          <reporter-output>
          </reporter-output>
        </test-method> <!-- launch1 -->
        <test-method is-config="true" signature="quit()[pri:0, instance:amazon1.Project_1.Testcase11_ValidateEntireCheckout_Address_Payment_order_review@4d1c00d0]" started-at="2025-02-03T22:51:38 CET" name="quit" finished-at="2025-02-03T22:51:38 CET" duration-ms="0" status="PASS">
          <reporter-output>
          </reporter-output>
        </test-method> <!-- quit -->
        <test-method signature="checkout_process()[pri:0, instance:amazon1.Project_1.Testcase11_ValidateEntireCheckout_Address_Payment_order_review@4d1c00d0]" started-at="2025-02-03T22:51:42 CET" name="checkout_process" finished-at="2025-02-03T22:51:51 CET" duration-ms="9260" status="FAIL">
          <exception class="org.openqa.selenium.NoSuchElementException">
            <message>
              <![CDATA[no such element: Unable to locate element: {"method":"xpath","selector":"//input[@value='Proceed to checkout']"}
  (Session info: MicrosoftEdge=132.0.2957.127)
For documentation on this error, please visit: https://www.selenium.dev/documentation/webdriver/troubleshooting/errors#no-such-element-exception
Build info: version: '4.27.0', revision: 'd6e718d134'
System info: os.name: 'Windows 11', os.arch: 'amd64', os.version: '10.0', java.version: '23'
Driver info: org.openqa.selenium.edge.EdgeDriver
Command: [4734147e87aa2bbe547a86938fdffd19, findElement {value=//input[@value='Proceed to checkout'], using=xpath}]
Capabilities {acceptInsecureCerts: false, browserName: MicrosoftEdge, browserVersion: 132.0.2957.127, fedcm:accounts: true, ms:edgeOptions: {debuggerAddress: localhost:58246}, msedge: {msedgedriverVersion: 132.0.2957.140 (a81e27b375d..., userDataDir: C:\Users\kales\AppData\Loca...}, networkConnectionEnabled: false, pageLoadStrategy: normal, platformName: windows, proxy: Proxy(), se:cdp: ws://localhost:58246/devtoo..., se:cdpVersion: 132.0.2957.127, setWindowRect: true, strictFileInteractability: false, timeouts: {implicit: 0, pageLoad: 300000, script: 30000}, unhandledPromptBehavior: dismiss and notify, webauthn:extension:credBlob: true, webauthn:extension:largeBlob: true, webauthn:extension:minPinLength: true, webauthn:extension:prf: true, webauthn:virtualAuthenticators: true}
Session ID: 4734147e87aa2bbe547a86938fdffd19]]>
            </message>
            <full-stacktrace>
              <![CDATA[org.openqa.selenium.NoSuchElementException: no such element: Unable to locate element: {"method":"xpath","selector":"//input[@value='Proceed to checkout']"}
  (Session info: MicrosoftEdge=132.0.2957.127)
For documentation on this error, please visit: https://www.selenium.dev/documentation/webdriver/troubleshooting/errors#no-such-element-exception
Build info: version: '4.27.0', revision: 'd6e718d134'
System info: os.name: 'Windows 11', os.arch: 'amd64', os.version: '10.0', java.version: '23'
Driver info: org.openqa.selenium.edge.EdgeDriver
Command: [4734147e87aa2bbe547a86938fdffd19, findElement {value=//input[@value='Proceed to checkout'], using=xpath}]
Capabilities {acceptInsecureCerts: false, browserName: MicrosoftEdge, browserVersion: 132.0.2957.127, fedcm:accounts: true, ms:edgeOptions: {debuggerAddress: localhost:58246}, msedge: {msedgedriverVersion: 132.0.2957.140 (a81e27b375d..., userDataDir: C:\Users\kales\AppData\Loca...}, networkConnectionEnabled: false, pageLoadStrategy: normal, platformName: windows, proxy: Proxy(), se:cdp: ws://localhost:58246/devtoo..., se:cdpVersion: 132.0.2957.127, setWindowRect: true, strictFileInteractability: false, timeouts: {implicit: 0, pageLoad: 300000, script: 30000}, unhandledPromptBehavior: dismiss and notify, webauthn:extension:credBlob: true, webauthn:extension:largeBlob: true, webauthn:extension:minPinLength: true, webauthn:extension:prf: true, webauthn:virtualAuthenticators: true}
Session ID: 4734147e87aa2bbe547a86938fdffd19
at java.base/jdk.internal.reflect.DirectConstructorHandleAccessor.newInstance(DirectConstructorHandleAccessor.java:62)
at java.base/java.lang.reflect.Constructor.newInstanceWithCaller(Constructor.java:501)
at java.base/java.lang.reflect.Constructor.newInstance(Constructor.java:485)
at org.openqa.selenium.remote.ErrorCodec.decode(ErrorCodec.java:167)
at org.openqa.selenium.remote.codec.w3c.W3CHttpResponseCodec.decode(W3CHttpResponseCodec.java:138)
at org.openqa.selenium.remote.codec.w3c.W3CHttpResponseCodec.decode(W3CHttpResponseCodec.java:50)
at org.openqa.selenium.remote.HttpCommandExecutor.execute(HttpCommandExecutor.java:190)
at org.openqa.selenium.remote.service.DriverCommandExecutor.invokeExecute(DriverCommandExecutor.java:216)
at org.openqa.selenium.remote.service.DriverCommandExecutor.execute(DriverCommandExecutor.java:174)
at org.openqa.selenium.remote.RemoteWebDriver.execute(RemoteWebDriver.java:545)
at org.openqa.selenium.remote.ElementLocation$ElementFinder$2.findElement(ElementLocation.java:165)
at org.openqa.selenium.remote.ElementLocation.findElement(ElementLocation.java:59)
at org.openqa.selenium.remote.RemoteWebDriver.findElement(RemoteWebDriver.java:368)
at org.openqa.selenium.remote.RemoteWebDriver.findElement(RemoteWebDriver.java:362)
at org.openqa.selenium.support.pagefactory.DefaultElementLocator.findElement(DefaultElementLocator.java:68)
at org.openqa.selenium.support.pagefactory.internal.LocatingElementHandler.invoke(LocatingElementHandler.java:38)
at jdk.proxy2/jdk.proxy2.$Proxy13.isDisplayed(Unknown Source)
at amazon1.Project_1.Productpage.addtocart_drawing(Productpage.java:103)
at amazon1.Project_1.Testcase11_ValidateEntireCheckout_Address_Payment_order_review.checkout_process(Testcase11_ValidateEntireCheckout_Address_Payment_order_review.java:26)
at java.base/jdk.internal.reflect.DirectMethodHandleAccessor.invoke(DirectMethodHandleAccessor.java:103)
at java.base/java.lang.reflect.Method.invoke(Method.java:580)
at org.testng.internal.MethodInvocationHelper.invokeMethod(MethodInvocationHelper.java:133)
at org.testng.internal.TestInvoker.invokeMethod(TestInvoker.java:598)
at org.testng.internal.TestInvoker.retryFailed(TestInvoker.java:213)
at org.testng.internal.MethodRunner.runInSequence(MethodRunner.java:58)
at org.testng.internal.TestInvoker$MethodInvocationAgent.invoke(TestInvoker.java:824)
at org.testng.internal.TestInvoker.invokeTestMethods(TestInvoker.java:146)
at org.testng.internal.TestMethodWorker.invokeTestMethods(TestMethodWorker.java:146)
at org.testng.internal.TestMethodWorker.run(TestMethodWorker.java:128)
at java.base/java.util.ArrayList.forEach(ArrayList.java:1597)
at org.testng.TestRunner.privateRun(TestRunner.java:794)
at org.testng.TestRunner.run(TestRunner.java:596)
at org.testng.SuiteRunner.runTest(SuiteRunner.java:377)
at org.testng.SuiteRunner.runSequentially(SuiteRunner.java:371)
at org.testng.SuiteRunner.privateRun(SuiteRunner.java:332)
at org.testng.SuiteRunner.run(SuiteRunner.java:276)
at org.testng.SuiteRunnerWorker.runSuite(SuiteRunnerWorker.java:53)
at org.testng.SuiteRunnerWorker.run(SuiteRunnerWorker.java:96)
at org.testng.TestNG.runSuitesSequentially(TestNG.java:1212)
at org.testng.TestNG.runSuitesLocally(TestNG.java:1134)
at org.testng.TestNG.runSuites(TestNG.java:1063)
at org.testng.TestNG.run(TestNG.java:1031)
at org.testng.remote.AbstractRemoteTestNG.run(AbstractRemoteTestNG.java:115)
at org.testng.remote.RemoteTestNG.initAndRun(RemoteTestNG.java:293)
at org.testng.remote.RemoteTestNG.main(RemoteTestNG.java:91)
]]>
            </full-stacktrace>
          </exception> <!-- org.openqa.selenium.NoSuchElementException -->
          <reporter-output>
          </reporter-output>
        </test-method> <!-- checkout_process -->
        <test-method is-config="true" signature="quit()[pri:0, instance:amazon1.Project_1.Testcase11_ValidateEntireCheckout_Address_Payment_order_review@4d1c00d0]" started-at="2025-02-03T22:51:51 CET" name="quit" finished-at="2025-02-03T22:51:51 CET" duration-ms="0" status="PASS">
          <reporter-output>
          </reporter-output>
        </test-method> <!-- quit -->
      </class> <!-- amazon1.Project_1.Testcase11_ValidateEntireCheckout_Address_Payment_order_review -->
      <class name="amazon1.Project_1.Testcase3_Login_wrong_username_pwd">
        <test-method is-config="true" signature="launch1()[pri:0, instance:amazon1.Project_1.Testcase3_Login_wrong_username_pwd@3d285d7e]" started-at="2025-02-03T22:55:31 CET" name="launch1" finished-at="2025-02-03T22:55:35 CET" duration-ms="4500" status="PASS">
          <reporter-output>
          </reporter-output>
        </test-method> <!-- launch1 -->
        <test-method signature="Login_wrong_un_pwd()[pri:0, instance:amazon1.Project_1.Testcase3_Login_wrong_username_pwd@3d285d7e]" started-at="2025-02-03T22:55:35 CET" name="Login_wrong_un_pwd" finished-at="2025-02-03T22:55:37 CET" duration-ms="1296" status="PASS">
          <reporter-output>
          </reporter-output>
        </test-method> <!-- Login_wrong_un_pwd -->
        <test-method is-config="true" signature="quit()[pri:0, instance:amazon1.Project_1.Testcase3_Login_wrong_username_pwd@3d285d7e]" started-at="2025-02-03T22:55:37 CET" name="quit" finished-at="2025-02-03T22:55:37 CET" duration-ms="0" status="PASS">
          <reporter-output>
          </reporter-output>
        </test-method> <!-- quit -->
      </class> <!-- amazon1.Project_1.Testcase3_Login_wrong_username_pwd -->
      <class name="amazon1.Project_1.Testcase7_ensure_productdetailspage_displays_all_info">
        <test-method is-config="true" signature="launch1()[pri:0, instance:amazon1.Project_1.Testcase7_ensure_productdetailspage_displays_all_info@3857f613]" started-at="2025-02-03T22:48:33 CET" name="launch1" finished-at="2025-02-03T22:48:37 CET" duration-ms="4103" status="PASS">
          <reporter-output>
          </reporter-output>
        </test-method> <!-- launch1 -->
        <test-method signature="ensure_productdetails_display()[pri:0, instance:amazon1.Project_1.Testcase7_ensure_productdetailspage_displays_all_info@3857f613]" started-at="2025-02-03T22:48:37 CET" name="ensure_productdetails_display" finished-at="2025-02-03T22:48:47 CET" duration-ms="9795" status="PASS">
          <reporter-output>
          </reporter-output>
        </test-method> <!-- ensure_productdetails_display -->
        <test-method is-config="true" signature="quit()[pri:0, instance:amazon1.Project_1.Testcase7_ensure_productdetailspage_displays_all_info@3857f613]" started-at="2025-02-03T22:48:47 CET" name="quit" finished-at="2025-02-03T22:48:47 CET" duration-ms="0" status="PASS">
          <reporter-output>
          </reporter-output>
        </test-method> <!-- quit -->
      </class> <!-- amazon1.Project_1.Testcase7_ensure_productdetailspage_displays_all_info -->
      <class name="amazon1.Project_1.Testcase8_Check_Productsort_Relevance_price_rating">
        <test-method is-config="true" signature="launch1()[pri:0, instance:amazon1.Project_1.Testcase8_Check_Productsort_Relevance_price_rating@bcec361]" started-at="2025-02-03T22:52:54 CET" name="launch1" finished-at="2025-02-03T22:52:59 CET" duration-ms="4730" status="PASS">
          <reporter-output>
          </reporter-output>
        </test-method> <!-- launch1 -->
        <test-method retried="true" signature="Check_productsort()[pri:0, instance:amazon1.Project_1.Testcase8_Check_Productsort_Relevance_price_rating@bcec361]" started-at="2025-02-03T22:52:59 CET" name="Check_productsort" finished-at="2025-02-03T22:53:41 CET" duration-ms="41937" status="SKIP">
          <exception class="java.lang.NullPointerException">
            <message>
              <![CDATA[Cannot invoke "org.openqa.selenium.WebDriver.getClass()" because "exceptionDriver" is null]]>
            </message>
            <full-stacktrace>
              <![CDATA[java.lang.NullPointerException: Cannot invoke "org.openqa.selenium.WebDriver.getClass()" because "exceptionDriver" is null
at org.openqa.selenium.support.ui.WebDriverWait.timeoutException(WebDriverWait.java:85)
at org.openqa.selenium.support.ui.FluentWait.until(FluentWait.java:228)
at amazon1.Project_1.Homepage.search_product2(Homepage.java:107)
at amazon1.Project_1.Testcase8_Check_Productsort_Relevance_price_rating.Check_productsort(Testcase8_Check_Productsort_Relevance_price_rating.java:23)
at java.base/jdk.internal.reflect.DirectMethodHandleAccessor.invoke(DirectMethodHandleAccessor.java:103)
at java.base/java.lang.reflect.Method.invoke(Method.java:580)
at org.testng.internal.MethodInvocationHelper.invokeMethod(MethodInvocationHelper.java:133)
at org.testng.internal.TestInvoker.invokeMethod(TestInvoker.java:598)
at org.testng.internal.TestInvoker.invokeTestMethod(TestInvoker.java:173)
at org.testng.internal.MethodRunner.runInSequence(MethodRunner.java:46)
at org.testng.internal.TestInvoker$MethodInvocationAgent.invoke(TestInvoker.java:824)
at org.testng.internal.TestInvoker.invokeTestMethods(TestInvoker.java:146)
at org.testng.internal.TestMethodWorker.invokeTestMethods(TestMethodWorker.java:146)
at org.testng.internal.TestMethodWorker.run(TestMethodWorker.java:128)
at java.base/java.util.ArrayList.forEach(ArrayList.java:1597)
at org.testng.TestRunner.privateRun(TestRunner.java:794)
at org.testng.TestRunner.run(TestRunner.java:596)
at org.testng.SuiteRunner.runTest(SuiteRunner.java:377)
at org.testng.SuiteRunner.runSequentially(SuiteRunner.java:371)
at org.testng.SuiteRunner.privateRun(SuiteRunner.java:332)
at org.testng.SuiteRunner.run(SuiteRunner.java:276)
at org.testng.SuiteRunnerWorker.runSuite(SuiteRunnerWorker.java:53)
at org.testng.SuiteRunnerWorker.run(SuiteRunnerWorker.java:96)
at org.testng.TestNG.runSuitesSequentially(TestNG.java:1212)
at org.testng.TestNG.runSuitesLocally(TestNG.java:1134)
at org.testng.TestNG.runSuites(TestNG.java:1063)
at org.testng.TestNG.run(TestNG.java:1031)
at org.testng.remote.AbstractRemoteTestNG.run(AbstractRemoteTestNG.java:115)
at org.testng.remote.RemoteTestNG.initAndRun(RemoteTestNG.java:293)
at org.testng.remote.RemoteTestNG.main(RemoteTestNG.java:91)
]]>
            </full-stacktrace>
          </exception> <!-- java.lang.NullPointerException -->
          <reporter-output>
          </reporter-output>
        </test-method> <!-- Check_productsort -->
        <test-method is-config="true" signature="launch1()[pri:0, instance:amazon1.Project_1.Testcase8_Check_Productsort_Relevance_price_rating@bcec361]" started-at="2025-02-03T22:53:41 CET" name="launch1" finished-at="2025-02-03T22:53:45 CET" duration-ms="4358" status="PASS">
          <reporter-output>
          </reporter-output>
        </test-method> <!-- launch1 -->
        <test-method is-config="true" signature="quit()[pri:0, instance:amazon1.Project_1.Testcase8_Check_Productsort_Relevance_price_rating@bcec361]" started-at="2025-02-03T22:53:41 CET" name="quit" finished-at="2025-02-03T22:53:41 CET" duration-ms="0" status="PASS">
          <reporter-output>
          </reporter-output>
        </test-method> <!-- quit -->
        <test-method signature="Check_productsort()[pri:0, instance:amazon1.Project_1.Testcase8_Check_Productsort_Relevance_price_rating@bcec361]" started-at="2025-02-03T22:53:45 CET" name="Check_productsort" finished-at="2025-02-03T22:53:50 CET" duration-ms="5205" status="PASS">
          <reporter-output>
          </reporter-output>
        </test-method> <!-- Check_productsort -->
        <test-method is-config="true" signature="quit()[pri:0, instance:amazon1.Project_1.Testcase8_Check_Productsort_Relevance_price_rating@bcec361]" started-at="2025-02-03T22:53:50 CET" name="quit" finished-at="2025-02-03T22:53:50 CET" duration-ms="0" status="PASS">
          <reporter-output>
          </reporter-output>
        </test-method> <!-- quit -->
      </class> <!-- amazon1.Project_1.Testcase8_Check_Productsort_Relevance_price_rating -->
      <class name="amazon1.Project_1.Testcase12_CheckIfUser_SelectPaymentMethod">
        <test-method is-config="true" signature="launch1()[pri:0, instance:amazon1.Project_1.Testcase12_CheckIfUser_SelectPaymentMethod@3c9754d8]" started-at="2025-02-03T22:50:32 CET" name="launch1" finished-at="2025-02-03T22:50:36 CET" duration-ms="4563" status="PASS">
          <reporter-output>
          </reporter-output>
        </test-method> <!-- launch1 -->
        <test-method retried="true" signature="checkout_process()[pri:0, instance:amazon1.Project_1.Testcase12_CheckIfUser_SelectPaymentMethod@3c9754d8]" started-at="2025-02-03T22:50:36 CET" name="checkout_process" finished-at="2025-02-03T22:50:46 CET" duration-ms="9741" status="SKIP">
          <exception class="org.openqa.selenium.NoSuchElementException">
            <message>
              <![CDATA[no such element: Unable to locate element: {"method":"xpath","selector":"//input[@value='Proceed to checkout']"}
  (Session info: MicrosoftEdge=132.0.2957.127)
For documentation on this error, please visit: https://www.selenium.dev/documentation/webdriver/troubleshooting/errors#no-such-element-exception
Build info: version: '4.27.0', revision: 'd6e718d134'
System info: os.name: 'Windows 11', os.arch: 'amd64', os.version: '10.0', java.version: '23'
Driver info: org.openqa.selenium.edge.EdgeDriver
Command: [5545a8538b682baaeab4bc851f400859, findElement {value=//input[@value='Proceed to checkout'], using=xpath}]
Capabilities {acceptInsecureCerts: false, browserName: MicrosoftEdge, browserVersion: 132.0.2957.127, fedcm:accounts: true, ms:edgeOptions: {debuggerAddress: localhost:57352}, msedge: {msedgedriverVersion: 132.0.2957.140 (a81e27b375d..., userDataDir: C:\Users\kales\AppData\Loca...}, networkConnectionEnabled: false, pageLoadStrategy: normal, platformName: windows, proxy: Proxy(), se:cdp: ws://localhost:57352/devtoo..., se:cdpVersion: 132.0.2957.127, setWindowRect: true, strictFileInteractability: false, timeouts: {implicit: 0, pageLoad: 300000, script: 30000}, unhandledPromptBehavior: dismiss and notify, webauthn:extension:credBlob: true, webauthn:extension:largeBlob: true, webauthn:extension:minPinLength: true, webauthn:extension:prf: true, webauthn:virtualAuthenticators: true}
Session ID: 5545a8538b682baaeab4bc851f400859]]>
            </message>
            <full-stacktrace>
              <![CDATA[org.openqa.selenium.NoSuchElementException: no such element: Unable to locate element: {"method":"xpath","selector":"//input[@value='Proceed to checkout']"}
  (Session info: MicrosoftEdge=132.0.2957.127)
For documentation on this error, please visit: https://www.selenium.dev/documentation/webdriver/troubleshooting/errors#no-such-element-exception
Build info: version: '4.27.0', revision: 'd6e718d134'
System info: os.name: 'Windows 11', os.arch: 'amd64', os.version: '10.0', java.version: '23'
Driver info: org.openqa.selenium.edge.EdgeDriver
Command: [5545a8538b682baaeab4bc851f400859, findElement {value=//input[@value='Proceed to checkout'], using=xpath}]
Capabilities {acceptInsecureCerts: false, browserName: MicrosoftEdge, browserVersion: 132.0.2957.127, fedcm:accounts: true, ms:edgeOptions: {debuggerAddress: localhost:57352}, msedge: {msedgedriverVersion: 132.0.2957.140 (a81e27b375d..., userDataDir: C:\Users\kales\AppData\Loca...}, networkConnectionEnabled: false, pageLoadStrategy: normal, platformName: windows, proxy: Proxy(), se:cdp: ws://localhost:57352/devtoo..., se:cdpVersion: 132.0.2957.127, setWindowRect: true, strictFileInteractability: false, timeouts: {implicit: 0, pageLoad: 300000, script: 30000}, unhandledPromptBehavior: dismiss and notify, webauthn:extension:credBlob: true, webauthn:extension:largeBlob: true, webauthn:extension:minPinLength: true, webauthn:extension:prf: true, webauthn:virtualAuthenticators: true}
Session ID: 5545a8538b682baaeab4bc851f400859
at java.base/jdk.internal.reflect.DirectConstructorHandleAccessor.newInstance(DirectConstructorHandleAccessor.java:62)
at java.base/java.lang.reflect.Constructor.newInstanceWithCaller(Constructor.java:501)
at java.base/java.lang.reflect.Constructor.newInstance(Constructor.java:485)
at org.openqa.selenium.remote.ErrorCodec.decode(ErrorCodec.java:167)
at org.openqa.selenium.remote.codec.w3c.W3CHttpResponseCodec.decode(W3CHttpResponseCodec.java:138)
at org.openqa.selenium.remote.codec.w3c.W3CHttpResponseCodec.decode(W3CHttpResponseCodec.java:50)
at org.openqa.selenium.remote.HttpCommandExecutor.execute(HttpCommandExecutor.java:190)
at org.openqa.selenium.remote.service.DriverCommandExecutor.invokeExecute(DriverCommandExecutor.java:216)
at org.openqa.selenium.remote.service.DriverCommandExecutor.execute(DriverCommandExecutor.java:174)
at org.openqa.selenium.remote.RemoteWebDriver.execute(RemoteWebDriver.java:545)
at org.openqa.selenium.remote.ElementLocation$ElementFinder$2.findElement(ElementLocation.java:165)
at org.openqa.selenium.remote.ElementLocation.findElement(ElementLocation.java:59)
at org.openqa.selenium.remote.RemoteWebDriver.findElement(RemoteWebDriver.java:368)
at org.openqa.selenium.remote.RemoteWebDriver.findElement(RemoteWebDriver.java:362)
at org.openqa.selenium.support.pagefactory.DefaultElementLocator.findElement(DefaultElementLocator.java:68)
at org.openqa.selenium.support.pagefactory.internal.LocatingElementHandler.invoke(LocatingElementHandler.java:38)
at jdk.proxy2/jdk.proxy2.$Proxy13.isDisplayed(Unknown Source)
at amazon1.Project_1.Productpage.addtocart_drawing(Productpage.java:103)
at amazon1.Project_1.Testcase12_CheckIfUser_SelectPaymentMethod.checkout_process(Testcase12_CheckIfUser_SelectPaymentMethod.java:26)
at java.base/jdk.internal.reflect.DirectMethodHandleAccessor.invoke(DirectMethodHandleAccessor.java:103)
at java.base/java.lang.reflect.Method.invoke(Method.java:580)
at org.testng.internal.MethodInvocationHelper.invokeMethod(MethodInvocationHelper.java:133)
at org.testng.internal.TestInvoker.invokeMethod(TestInvoker.java:598)
at org.testng.internal.TestInvoker.invokeTestMethod(TestInvoker.java:173)
at org.testng.internal.MethodRunner.runInSequence(MethodRunner.java:46)
at org.testng.internal.TestInvoker$MethodInvocationAgent.invoke(TestInvoker.java:824)
at org.testng.internal.TestInvoker.invokeTestMethods(TestInvoker.java:146)
at org.testng.internal.TestMethodWorker.invokeTestMethods(TestMethodWorker.java:146)
at org.testng.internal.TestMethodWorker.run(TestMethodWorker.java:128)
at java.base/java.util.ArrayList.forEach(ArrayList.java:1597)
at org.testng.TestRunner.privateRun(TestRunner.java:794)
at org.testng.TestRunner.run(TestRunner.java:596)
at org.testng.SuiteRunner.runTest(SuiteRunner.java:377)
at org.testng.SuiteRunner.runSequentially(SuiteRunner.java:371)
at org.testng.SuiteRunner.privateRun(SuiteRunner.java:332)
at org.testng.SuiteRunner.run(SuiteRunner.java:276)
at org.testng.SuiteRunnerWorker.runSuite(SuiteRunnerWorker.java:53)
at org.testng.SuiteRunnerWorker.run(SuiteRunnerWorker.java:96)
at org.testng.TestNG.runSuitesSequentially(TestNG.java:1212)
at org.testng.TestNG.runSuitesLocally(TestNG.java:1134)
at org.testng.TestNG.runSuites(TestNG.java:1063)
at org.testng.TestNG.run(TestNG.java:1031)
at org.testng.remote.AbstractRemoteTestNG.run(AbstractRemoteTestNG.java:115)
at org.testng.remote.RemoteTestNG.initAndRun(RemoteTestNG.java:293)
at org.testng.remote.RemoteTestNG.main(RemoteTestNG.java:91)
]]>
            </full-stacktrace>
          </exception> <!-- org.openqa.selenium.NoSuchElementException -->
          <reporter-output>
          </reporter-output>
        </test-method> <!-- checkout_process -->
        <test-method is-config="true" signature="launch1()[pri:0, instance:amazon1.Project_1.Testcase12_CheckIfUser_SelectPaymentMethod@3c9754d8]" started-at="2025-02-03T22:50:46 CET" name="launch1" finished-at="2025-02-03T22:50:50 CET" duration-ms="4602" status="PASS">
          <reporter-output>
          </reporter-output>
        </test-method> <!-- launch1 -->
        <test-method is-config="true" signature="quit()[pri:0, instance:amazon1.Project_1.Testcase12_CheckIfUser_SelectPaymentMethod@3c9754d8]" started-at="2025-02-03T22:50:46 CET" name="quit" finished-at="2025-02-03T22:50:46 CET" duration-ms="0" status="PASS">
          <reporter-output>
          </reporter-output>
        </test-method> <!-- quit -->
        <test-method signature="checkout_process()[pri:0, instance:amazon1.Project_1.Testcase12_CheckIfUser_SelectPaymentMethod@3c9754d8]" started-at="2025-02-03T22:50:50 CET" name="checkout_process" finished-at="2025-02-03T22:51:00 CET" duration-ms="9230" status="FAIL">
          <exception class="org.openqa.selenium.NoSuchElementException">
            <message>
              <![CDATA[no such element: Unable to locate element: {"method":"xpath","selector":"//input[@value='Proceed to checkout']"}
  (Session info: MicrosoftEdge=132.0.2957.127)
For documentation on this error, please visit: https://www.selenium.dev/documentation/webdriver/troubleshooting/errors#no-such-element-exception
Build info: version: '4.27.0', revision: 'd6e718d134'
System info: os.name: 'Windows 11', os.arch: 'amd64', os.version: '10.0', java.version: '23'
Driver info: org.openqa.selenium.edge.EdgeDriver
Command: [ad613144b75cb165c030d1146c1852fc, findElement {value=//input[@value='Proceed to checkout'], using=xpath}]
Capabilities {acceptInsecureCerts: false, browserName: MicrosoftEdge, browserVersion: 132.0.2957.127, fedcm:accounts: true, ms:edgeOptions: {debuggerAddress: localhost:57460}, msedge: {msedgedriverVersion: 132.0.2957.140 (a81e27b375d..., userDataDir: C:\Users\kales\AppData\Loca...}, networkConnectionEnabled: false, pageLoadStrategy: normal, platformName: windows, proxy: Proxy(), se:cdp: ws://localhost:57460/devtoo..., se:cdpVersion: 132.0.2957.127, setWindowRect: true, strictFileInteractability: false, timeouts: {implicit: 0, pageLoad: 300000, script: 30000}, unhandledPromptBehavior: dismiss and notify, webauthn:extension:credBlob: true, webauthn:extension:largeBlob: true, webauthn:extension:minPinLength: true, webauthn:extension:prf: true, webauthn:virtualAuthenticators: true}
Session ID: ad613144b75cb165c030d1146c1852fc]]>
            </message>
            <full-stacktrace>
              <![CDATA[org.openqa.selenium.NoSuchElementException: no such element: Unable to locate element: {"method":"xpath","selector":"//input[@value='Proceed to checkout']"}
  (Session info: MicrosoftEdge=132.0.2957.127)
For documentation on this error, please visit: https://www.selenium.dev/documentation/webdriver/troubleshooting/errors#no-such-element-exception
Build info: version: '4.27.0', revision: 'd6e718d134'
System info: os.name: 'Windows 11', os.arch: 'amd64', os.version: '10.0', java.version: '23'
Driver info: org.openqa.selenium.edge.EdgeDriver
Command: [ad613144b75cb165c030d1146c1852fc, findElement {value=//input[@value='Proceed to checkout'], using=xpath}]
Capabilities {acceptInsecureCerts: false, browserName: MicrosoftEdge, browserVersion: 132.0.2957.127, fedcm:accounts: true, ms:edgeOptions: {debuggerAddress: localhost:57460}, msedge: {msedgedriverVersion: 132.0.2957.140 (a81e27b375d..., userDataDir: C:\Users\kales\AppData\Loca...}, networkConnectionEnabled: false, pageLoadStrategy: normal, platformName: windows, proxy: Proxy(), se:cdp: ws://localhost:57460/devtoo..., se:cdpVersion: 132.0.2957.127, setWindowRect: true, strictFileInteractability: false, timeouts: {implicit: 0, pageLoad: 300000, script: 30000}, unhandledPromptBehavior: dismiss and notify, webauthn:extension:credBlob: true, webauthn:extension:largeBlob: true, webauthn:extension:minPinLength: true, webauthn:extension:prf: true, webauthn:virtualAuthenticators: true}
Session ID: ad613144b75cb165c030d1146c1852fc
at java.base/jdk.internal.reflect.DirectConstructorHandleAccessor.newInstance(DirectConstructorHandleAccessor.java:62)
at java.base/java.lang.reflect.Constructor.newInstanceWithCaller(Constructor.java:501)
at java.base/java.lang.reflect.Constructor.newInstance(Constructor.java:485)
at org.openqa.selenium.remote.ErrorCodec.decode(ErrorCodec.java:167)
at org.openqa.selenium.remote.codec.w3c.W3CHttpResponseCodec.decode(W3CHttpResponseCodec.java:138)
at org.openqa.selenium.remote.codec.w3c.W3CHttpResponseCodec.decode(W3CHttpResponseCodec.java:50)
at org.openqa.selenium.remote.HttpCommandExecutor.execute(HttpCommandExecutor.java:190)
at org.openqa.selenium.remote.service.DriverCommandExecutor.invokeExecute(DriverCommandExecutor.java:216)
at org.openqa.selenium.remote.service.DriverCommandExecutor.execute(DriverCommandExecutor.java:174)
at org.openqa.selenium.remote.RemoteWebDriver.execute(RemoteWebDriver.java:545)
at org.openqa.selenium.remote.ElementLocation$ElementFinder$2.findElement(ElementLocation.java:165)
at org.openqa.selenium.remote.ElementLocation.findElement(ElementLocation.java:59)
at org.openqa.selenium.remote.RemoteWebDriver.findElement(RemoteWebDriver.java:368)
at org.openqa.selenium.remote.RemoteWebDriver.findElement(RemoteWebDriver.java:362)
at org.openqa.selenium.support.pagefactory.DefaultElementLocator.findElement(DefaultElementLocator.java:68)
at org.openqa.selenium.support.pagefactory.internal.LocatingElementHandler.invoke(LocatingElementHandler.java:38)
at jdk.proxy2/jdk.proxy2.$Proxy13.isDisplayed(Unknown Source)
at amazon1.Project_1.Productpage.addtocart_drawing(Productpage.java:103)
at amazon1.Project_1.Testcase12_CheckIfUser_SelectPaymentMethod.checkout_process(Testcase12_CheckIfUser_SelectPaymentMethod.java:26)
at java.base/jdk.internal.reflect.DirectMethodHandleAccessor.invoke(DirectMethodHandleAccessor.java:103)
at java.base/java.lang.reflect.Method.invoke(Method.java:580)
at org.testng.internal.MethodInvocationHelper.invokeMethod(MethodInvocationHelper.java:133)
at org.testng.internal.TestInvoker.invokeMethod(TestInvoker.java:598)
at org.testng.internal.TestInvoker.retryFailed(TestInvoker.java:213)
at org.testng.internal.MethodRunner.runInSequence(MethodRunner.java:58)
at org.testng.internal.TestInvoker$MethodInvocationAgent.invoke(TestInvoker.java:824)
at org.testng.internal.TestInvoker.invokeTestMethods(TestInvoker.java:146)
at org.testng.internal.TestMethodWorker.invokeTestMethods(TestMethodWorker.java:146)
at org.testng.internal.TestMethodWorker.run(TestMethodWorker.java:128)
at java.base/java.util.ArrayList.forEach(ArrayList.java:1597)
at org.testng.TestRunner.privateRun(TestRunner.java:794)
at org.testng.TestRunner.run(TestRunner.java:596)
at org.testng.SuiteRunner.runTest(SuiteRunner.java:377)
at org.testng.SuiteRunner.runSequentially(SuiteRunner.java:371)
at org.testng.SuiteRunner.privateRun(SuiteRunner.java:332)
at org.testng.SuiteRunner.run(SuiteRunner.java:276)
at org.testng.SuiteRunnerWorker.runSuite(SuiteRunnerWorker.java:53)
at org.testng.SuiteRunnerWorker.run(SuiteRunnerWorker.java:96)
at org.testng.TestNG.runSuitesSequentially(TestNG.java:1212)
at org.testng.TestNG.runSuitesLocally(TestNG.java:1134)
at org.testng.TestNG.runSuites(TestNG.java:1063)
at org.testng.TestNG.run(TestNG.java:1031)
at org.testng.remote.AbstractRemoteTestNG.run(AbstractRemoteTestNG.java:115)
at org.testng.remote.RemoteTestNG.initAndRun(RemoteTestNG.java:293)
at org.testng.remote.RemoteTestNG.main(RemoteTestNG.java:91)
]]>
            </full-stacktrace>
          </exception> <!-- org.openqa.selenium.NoSuchElementException -->
          <reporter-output>
          </reporter-output>
        </test-method> <!-- checkout_process -->
        <test-method is-config="true" signature="quit()[pri:0, instance:amazon1.Project_1.Testcase12_CheckIfUser_SelectPaymentMethod@3c9754d8]" started-at="2025-02-03T22:51:00 CET" name="quit" finished-at="2025-02-03T22:51:00 CET" duration-ms="0" status="PASS">
          <reporter-output>
          </reporter-output>
        </test-method> <!-- quit -->
      </class> <!-- amazon1.Project_1.Testcase12_CheckIfUser_SelectPaymentMethod -->
      <class name="amazon1.Project_1.Testcase1_Newuser_successfully_register">
        <test-method is-config="true" signature="launch1()[pri:0, instance:amazon1.Project_1.Testcase1_Newuser_successfully_register@7c6908d7]" started-at="2025-02-03T22:49:00 CET" name="launch1" finished-at="2025-02-03T22:49:05 CET" duration-ms="4641" status="PASS">
          <reporter-output>
          </reporter-output>
        </test-method> <!-- launch1 -->
        <test-method retried="true" signature="NewUser_registration()[pri:0, instance:amazon1.Project_1.Testcase1_Newuser_successfully_register@7c6908d7]" started-at="2025-02-03T22:49:05 CET" name="NewUser_registration" finished-at="2025-02-03T22:49:46 CET" duration-ms="40882" status="SKIP">
          <exception class="java.lang.NullPointerException">
            <message>
              <![CDATA[Cannot invoke "org.openqa.selenium.WebDriver.getClass()" because "exceptionDriver" is null]]>
            </message>
            <full-stacktrace>
              <![CDATA[java.lang.NullPointerException: Cannot invoke "org.openqa.selenium.WebDriver.getClass()" because "exceptionDriver" is null
at org.openqa.selenium.support.ui.WebDriverWait.timeoutException(WebDriverWait.java:85)
at org.openqa.selenium.support.ui.FluentWait.until(FluentWait.java:228)
at amazon1.Project_1.Loginpage.create_an_account(Loginpage.java:69)
at amazon1.Project_1.Testcase1_Newuser_successfully_register.NewUser_registration(Testcase1_Newuser_successfully_register.java:21)
at java.base/jdk.internal.reflect.DirectMethodHandleAccessor.invoke(DirectMethodHandleAccessor.java:103)
at java.base/java.lang.reflect.Method.invoke(Method.java:580)
at org.testng.internal.MethodInvocationHelper.invokeMethod(MethodInvocationHelper.java:133)
at org.testng.internal.TestInvoker.invokeMethod(TestInvoker.java:598)
at org.testng.internal.TestInvoker.invokeTestMethod(TestInvoker.java:173)
at org.testng.internal.MethodRunner.runInSequence(MethodRunner.java:46)
at org.testng.internal.TestInvoker$MethodInvocationAgent.invoke(TestInvoker.java:824)
at org.testng.internal.TestInvoker.invokeTestMethods(TestInvoker.java:146)
at org.testng.internal.TestMethodWorker.invokeTestMethods(TestMethodWorker.java:146)
at org.testng.internal.TestMethodWorker.run(TestMethodWorker.java:128)
at java.base/java.util.ArrayList.forEach(ArrayList.java:1597)
at org.testng.TestRunner.privateRun(TestRunner.java:794)
at org.testng.TestRunner.run(TestRunner.java:596)
at org.testng.SuiteRunner.runTest(SuiteRunner.java:377)
at org.testng.SuiteRunner.runSequentially(SuiteRunner.java:371)
at org.testng.SuiteRunner.privateRun(SuiteRunner.java:332)
at org.testng.SuiteRunner.run(SuiteRunner.java:276)
at org.testng.SuiteRunnerWorker.runSuite(SuiteRunnerWorker.java:53)
at org.testng.SuiteRunnerWorker.run(SuiteRunnerWorker.java:96)
at org.testng.TestNG.runSuitesSequentially(TestNG.java:1212)
at org.testng.TestNG.runSuitesLocally(TestNG.java:1134)
at org.testng.TestNG.runSuites(TestNG.java:1063)
at org.testng.TestNG.run(TestNG.java:1031)
at org.testng.remote.AbstractRemoteTestNG.run(AbstractRemoteTestNG.java:115)
at org.testng.remote.RemoteTestNG.initAndRun(RemoteTestNG.java:293)
at org.testng.remote.RemoteTestNG.main(RemoteTestNG.java:91)
]]>
            </full-stacktrace>
          </exception> <!-- java.lang.NullPointerException -->
          <reporter-output>
          </reporter-output>
        </test-method> <!-- NewUser_registration -->
        <test-method is-config="true" signature="launch1()[pri:0, instance:amazon1.Project_1.Testcase1_Newuser_successfully_register@7c6908d7]" started-at="2025-02-03T22:49:46 CET" name="launch1" finished-at="2025-02-03T22:49:51 CET" duration-ms="4738" status="PASS">
          <reporter-output>
          </reporter-output>
        </test-method> <!-- launch1 -->
        <test-method is-config="true" signature="quit()[pri:0, instance:amazon1.Project_1.Testcase1_Newuser_successfully_register@7c6908d7]" started-at="2025-02-03T22:49:46 CET" name="quit" finished-at="2025-02-03T22:49:46 CET" duration-ms="0" status="PASS">
          <reporter-output>
          </reporter-output>
        </test-method> <!-- quit -->
        <test-method signature="NewUser_registration()[pri:0, instance:amazon1.Project_1.Testcase1_Newuser_successfully_register@7c6908d7]" started-at="2025-02-03T22:49:51 CET" name="NewUser_registration" finished-at="2025-02-03T22:50:32 CET" duration-ms="40969" status="FAIL">
          <exception class="java.lang.NullPointerException">
            <message>
              <![CDATA[Cannot invoke "org.openqa.selenium.WebDriver.getClass()" because "exceptionDriver" is null]]>
            </message>
            <full-stacktrace>
              <![CDATA[java.lang.NullPointerException: Cannot invoke "org.openqa.selenium.WebDriver.getClass()" because "exceptionDriver" is null
at org.openqa.selenium.support.ui.WebDriverWait.timeoutException(WebDriverWait.java:85)
at org.openqa.selenium.support.ui.FluentWait.until(FluentWait.java:228)
at amazon1.Project_1.Loginpage.create_an_account(Loginpage.java:69)
at amazon1.Project_1.Testcase1_Newuser_successfully_register.NewUser_registration(Testcase1_Newuser_successfully_register.java:21)
at java.base/jdk.internal.reflect.DirectMethodHandleAccessor.invoke(DirectMethodHandleAccessor.java:103)
at java.base/java.lang.reflect.Method.invoke(Method.java:580)
at org.testng.internal.MethodInvocationHelper.invokeMethod(MethodInvocationHelper.java:133)
at org.testng.internal.TestInvoker.invokeMethod(TestInvoker.java:598)
at org.testng.internal.TestInvoker.retryFailed(TestInvoker.java:213)
at org.testng.internal.MethodRunner.runInSequence(MethodRunner.java:58)
at org.testng.internal.TestInvoker$MethodInvocationAgent.invoke(TestInvoker.java:824)
at org.testng.internal.TestInvoker.invokeTestMethods(TestInvoker.java:146)
at org.testng.internal.TestMethodWorker.invokeTestMethods(TestMethodWorker.java:146)
at org.testng.internal.TestMethodWorker.run(TestMethodWorker.java:128)
at java.base/java.util.ArrayList.forEach(ArrayList.java:1597)
at org.testng.TestRunner.privateRun(TestRunner.java:794)
at org.testng.TestRunner.run(TestRunner.java:596)
at org.testng.SuiteRunner.runTest(SuiteRunner.java:377)
at org.testng.SuiteRunner.runSequentially(SuiteRunner.java:371)
at org.testng.SuiteRunner.privateRun(SuiteRunner.java:332)
at org.testng.SuiteRunner.run(SuiteRunner.java:276)
at org.testng.SuiteRunnerWorker.runSuite(SuiteRunnerWorker.java:53)
at org.testng.SuiteRunnerWorker.run(SuiteRunnerWorker.java:96)
at org.testng.TestNG.runSuitesSequentially(TestNG.java:1212)
at org.testng.TestNG.runSuitesLocally(TestNG.java:1134)
at org.testng.TestNG.runSuites(TestNG.java:1063)
at org.testng.TestNG.run(TestNG.java:1031)
at org.testng.remote.AbstractRemoteTestNG.run(AbstractRemoteTestNG.java:115)
at org.testng.remote.RemoteTestNG.initAndRun(RemoteTestNG.java:293)
at org.testng.remote.RemoteTestNG.main(RemoteTestNG.java:91)
]]>
            </full-stacktrace>
          </exception> <!-- java.lang.NullPointerException -->
          <reporter-output>
          </reporter-output>
        </test-method> <!-- NewUser_registration -->
        <test-method is-config="true" signature="quit()[pri:0, instance:amazon1.Project_1.Testcase1_Newuser_successfully_register@7c6908d7]" started-at="2025-02-03T22:50:32 CET" name="quit" finished-at="2025-02-03T22:50:32 CET" duration-ms="0" status="PASS">
          <reporter-output>
          </reporter-output>
        </test-method> <!-- quit -->
      </class> <!-- amazon1.Project_1.Testcase1_Newuser_successfully_register -->
      <class name="amazon1.Project_1.Testcase6_Verify_search_using_filters">
        <test-method is-config="true" signature="launch1()[pri:0, instance:amazon1.Project_1.Testcase6_Verify_search_using_filters@198b6731]" started-at="2025-02-03T22:48:47 CET" name="launch1" finished-at="2025-02-03T22:48:52 CET" duration-ms="4457" status="PASS">
          <reporter-output>
          </reporter-output>
        </test-method> <!-- launch1 -->
        <test-method signature="search_product_apply_filters()[pri:0, instance:amazon1.Project_1.Testcase6_Verify_search_using_filters@198b6731]" started-at="2025-02-03T22:48:52 CET" name="search_product_apply_filters" finished-at="2025-02-03T22:49:00 CET" duration-ms="8755" status="PASS">
          <reporter-output>
          </reporter-output>
        </test-method> <!-- search_product_apply_filters -->
        <test-method is-config="true" signature="quit()[pri:0, instance:amazon1.Project_1.Testcase6_Verify_search_using_filters@198b6731]" started-at="2025-02-03T22:49:00 CET" name="quit" finished-at="2025-02-03T22:49:00 CET" duration-ms="0" status="PASS">
          <reporter-output>
          </reporter-output>
        </test-method> <!-- quit -->
      </class> <!-- amazon1.Project_1.Testcase6_Verify_search_using_filters -->
      <class name="amazon1.Project_1.Testcase4_User_Successfully_edit_profile_info">
        <test-method is-config="true" signature="launch1()[pri:0, instance:amazon1.Project_1.Testcase4_User_Successfully_edit_profile_info@5b12b668]" started-at="2025-02-03T22:48:23 CET" name="launch1" finished-at="2025-02-03T22:48:28 CET" duration-ms="4941" status="PASS">
          <reporter-output>
          </reporter-output>
        </test-method> <!-- launch1 -->
        <test-method signature="user_can_edit_profile_info()[pri:0, instance:amazon1.Project_1.Testcase4_User_Successfully_edit_profile_info@5b12b668]" started-at="2025-02-03T22:48:28 CET" name="user_can_edit_profile_info" finished-at="2025-02-03T22:48:33 CET" duration-ms="5045" status="PASS">
          <reporter-output>
          </reporter-output>
        </test-method> <!-- user_can_edit_profile_info -->
        <test-method is-config="true" signature="quit()[pri:0, instance:amazon1.Project_1.Testcase4_User_Successfully_edit_profile_info@5b12b668]" started-at="2025-02-03T22:48:33 CET" name="quit" finished-at="2025-02-03T22:48:33 CET" duration-ms="1" status="PASS">
          <reporter-output>
          </reporter-output>
        </test-method> <!-- quit -->
      </class> <!-- amazon1.Project_1.Testcase4_User_Successfully_edit_profile_info -->
      <class name="amazon1.Project_1.Testcase9_Verify_items_addToshoppingcart_from_productpage">
        <test-method is-config="true" signature="launch1()[pri:0, instance:amazon1.Project_1.Testcase9_Verify_items_addToshoppingcart_from_productpage@79079097]" started-at="2025-02-03T22:51:08 CET" name="launch1" finished-at="2025-02-03T22:51:12 CET" duration-ms="4645" status="PASS">
          <reporter-output>
          </reporter-output>
        </test-method> <!-- launch1 -->
        <test-method signature="Verify_item_addtoshoppingcart()[pri:0, instance:amazon1.Project_1.Testcase9_Verify_items_addToshoppingcart_from_productpage@79079097]" started-at="2025-02-03T22:51:12 CET" name="Verify_item_addtoshoppingcart" finished-at="2025-02-03T22:51:24 CET" duration-ms="11432" status="PASS">
          <reporter-output>
          </reporter-output>
        </test-method> <!-- Verify_item_addtoshoppingcart -->
        <test-method is-config="true" signature="quit()[pri:0, instance:amazon1.Project_1.Testcase9_Verify_items_addToshoppingcart_from_productpage@79079097]" started-at="2025-02-03T22:51:24 CET" name="quit" finished-at="2025-02-03T22:51:24 CET" duration-ms="0" status="PASS">
          <reporter-output>
          </reporter-output>
        </test-method> <!-- quit -->
      </class> <!-- amazon1.Project_1.Testcase9_Verify_items_addToshoppingcart_from_productpage -->
      <class name="amazon1.Project_1.Testcase5_searchProduct_likeshoe">
        <test-method is-config="true" signature="launch1()[pri:0, instance:amazon1.Project_1.Testcase5_searchProduct_likeshoe@3bf7ca37]" started-at="2025-02-03T22:51:00 CET" name="launch1" finished-at="2025-02-03T22:51:04 CET" duration-ms="4600" status="PASS">
          <reporter-output>
          </reporter-output>
        </test-method> <!-- launch1 -->
        <test-method signature="signin_search_shoes()[pri:0, instance:amazon1.Project_1.Testcase5_searchProduct_likeshoe@3bf7ca37]" started-at="2025-02-03T22:51:04 CET" name="signin_search_shoes" finished-at="2025-02-03T22:51:08 CET" duration-ms="3380" status="PASS">
          <reporter-output>
          </reporter-output>
        </test-method> <!-- signin_search_shoes -->
        <test-method is-config="true" signature="quit()[pri:0, instance:amazon1.Project_1.Testcase5_searchProduct_likeshoe@3bf7ca37]" started-at="2025-02-03T22:51:08 CET" name="quit" finished-at="2025-02-03T22:51:08 CET" duration-ms="0" status="PASS">
          <reporter-output>
          </reporter-output>
        </test-method> <!-- quit -->
      </class> <!-- amazon1.Project_1.Testcase5_searchProduct_likeshoe -->
    </test> <!-- Tests -->
  </suite> <!-- Suite -->
</testng-results>
